ARM GAS  /var/folders/_f/lv_lzyzs40z4gsrf231fdcyh0000gn/T//cckCZp6j.s 			page 1


   1              		.cpu cortex-m7
   2              		.eabi_attribute 28, 1
   3              		.eabi_attribute 20, 1
   4              		.eabi_attribute 21, 1
   5              		.eabi_attribute 23, 3
   6              		.eabi_attribute 24, 1
   7              		.eabi_attribute 25, 1
   8              		.eabi_attribute 26, 1
   9              		.eabi_attribute 30, 1
  10              		.eabi_attribute 34, 1
  11              		.eabi_attribute 18, 4
  12              		.file	"stm32f7xx_hal_msp.c"
  13              		.text
  14              	.Ltext0:
  15              		.cfi_sections	.debug_frame
  16              		.section	.text.HAL_MspInit,"ax",%progbits
  17              		.align	1
  18              		.global	HAL_MspInit
  19              		.syntax unified
  20              		.thumb
  21              		.thumb_func
  22              		.fpu fpv5-d16
  24              	HAL_MspInit:
  25              	.LFB138:
  26              		.file 1 "Src/stm32f7xx_hal_msp.c"
   1:Src/stm32f7xx_hal_msp.c **** /**
   2:Src/stm32f7xx_hal_msp.c ****   ******************************************************************************
   3:Src/stm32f7xx_hal_msp.c ****   * File Name          : stm32f7xx_hal_msp.c
   4:Src/stm32f7xx_hal_msp.c ****   * Description        : This file provides code for the MSP Initialization 
   5:Src/stm32f7xx_hal_msp.c ****   *                      and de-Initialization codes.
   6:Src/stm32f7xx_hal_msp.c ****   ******************************************************************************
   7:Src/stm32f7xx_hal_msp.c ****   ** This notice applies to any and all portions of this file
   8:Src/stm32f7xx_hal_msp.c ****   * that are not between comment pairs USER CODE BEGIN and
   9:Src/stm32f7xx_hal_msp.c ****   * USER CODE END. Other portions of this file, whether 
  10:Src/stm32f7xx_hal_msp.c ****   * inserted by the user or by software development tools
  11:Src/stm32f7xx_hal_msp.c ****   * are owned by their respective copyright owners.
  12:Src/stm32f7xx_hal_msp.c ****   *
  13:Src/stm32f7xx_hal_msp.c ****   * COPYRIGHT(c) 2018 STMicroelectronics
  14:Src/stm32f7xx_hal_msp.c ****   *
  15:Src/stm32f7xx_hal_msp.c ****   * Redistribution and use in source and binary forms, with or without modification,
  16:Src/stm32f7xx_hal_msp.c ****   * are permitted provided that the following conditions are met:
  17:Src/stm32f7xx_hal_msp.c ****   *   1. Redistributions of source code must retain the above copyright notice,
  18:Src/stm32f7xx_hal_msp.c ****   *      this list of conditions and the following disclaimer.
  19:Src/stm32f7xx_hal_msp.c ****   *   2. Redistributions in binary form must reproduce the above copyright notice,
  20:Src/stm32f7xx_hal_msp.c ****   *      this list of conditions and the following disclaimer in the documentation
  21:Src/stm32f7xx_hal_msp.c ****   *      and/or other materials provided with the distribution.
  22:Src/stm32f7xx_hal_msp.c ****   *   3. Neither the name of STMicroelectronics nor the names of its contributors
  23:Src/stm32f7xx_hal_msp.c ****   *      may be used to endorse or promote products derived from this software
  24:Src/stm32f7xx_hal_msp.c ****   *      without specific prior written permission.
  25:Src/stm32f7xx_hal_msp.c ****   *
  26:Src/stm32f7xx_hal_msp.c ****   * THIS SOFTWARE IS PROVIDED BY THE COPYRIGHT HOLDERS AND CONTRIBUTORS "AS IS"
  27:Src/stm32f7xx_hal_msp.c ****   * AND ANY EXPRESS OR IMPLIED WARRANTIES, INCLUDING, BUT NOT LIMITED TO, THE
  28:Src/stm32f7xx_hal_msp.c ****   * IMPLIED WARRANTIES OF MERCHANTABILITY AND FITNESS FOR A PARTICULAR PURPOSE ARE
  29:Src/stm32f7xx_hal_msp.c ****   * DISCLAIMED. IN NO EVENT SHALL THE COPYRIGHT HOLDER OR CONTRIBUTORS BE LIABLE
  30:Src/stm32f7xx_hal_msp.c ****   * FOR ANY DIRECT, INDIRECT, INCIDENTAL, SPECIAL, EXEMPLARY, OR CONSEQUENTIAL
  31:Src/stm32f7xx_hal_msp.c ****   * DAMAGES (INCLUDING, BUT NOT LIMITED TO, PROCUREMENT OF SUBSTITUTE GOODS OR
  32:Src/stm32f7xx_hal_msp.c ****   * SERVICES; LOSS OF USE, DATA, OR PROFITS; OR BUSINESS INTERRUPTION) HOWEVER
ARM GAS  /var/folders/_f/lv_lzyzs40z4gsrf231fdcyh0000gn/T//cckCZp6j.s 			page 2


  33:Src/stm32f7xx_hal_msp.c ****   * CAUSED AND ON ANY THEORY OF LIABILITY, WHETHER IN CONTRACT, STRICT LIABILITY,
  34:Src/stm32f7xx_hal_msp.c ****   * OR TORT (INCLUDING NEGLIGENCE OR OTHERWISE) ARISING IN ANY WAY OUT OF THE USE
  35:Src/stm32f7xx_hal_msp.c ****   * OF THIS SOFTWARE, EVEN IF ADVISED OF THE POSSIBILITY OF SUCH DAMAGE.
  36:Src/stm32f7xx_hal_msp.c ****   *
  37:Src/stm32f7xx_hal_msp.c ****   ******************************************************************************
  38:Src/stm32f7xx_hal_msp.c ****   */
  39:Src/stm32f7xx_hal_msp.c **** /* Includes ------------------------------------------------------------------*/
  40:Src/stm32f7xx_hal_msp.c **** #include "stm32f7xx_hal.h"
  41:Src/stm32f7xx_hal_msp.c **** 
  42:Src/stm32f7xx_hal_msp.c **** extern void _Error_Handler(char *, int);
  43:Src/stm32f7xx_hal_msp.c **** /* USER CODE BEGIN 0 */
  44:Src/stm32f7xx_hal_msp.c **** 
  45:Src/stm32f7xx_hal_msp.c **** /* USER CODE END 0 */
  46:Src/stm32f7xx_hal_msp.c **** /**
  47:Src/stm32f7xx_hal_msp.c ****   * Initializes the Global MSP.
  48:Src/stm32f7xx_hal_msp.c ****   */
  49:Src/stm32f7xx_hal_msp.c **** void HAL_MspInit(void)
  50:Src/stm32f7xx_hal_msp.c **** {
  27              		.loc 1 50 0
  28              		.cfi_startproc
  29              		@ args = 0, pretend = 0, frame = 0
  30              		@ frame_needed = 0, uses_anonymous_args = 0
  31 0000 08B5     		push	{r3, lr}
  32              	.LCFI0:
  33              		.cfi_def_cfa_offset 8
  34              		.cfi_offset 3, -8
  35              		.cfi_offset 14, -4
  51:Src/stm32f7xx_hal_msp.c ****   /* USER CODE BEGIN MspInit 0 */
  52:Src/stm32f7xx_hal_msp.c **** 
  53:Src/stm32f7xx_hal_msp.c ****   /* USER CODE END MspInit 0 */
  54:Src/stm32f7xx_hal_msp.c **** 
  55:Src/stm32f7xx_hal_msp.c ****   HAL_NVIC_SetPriorityGrouping(NVIC_PRIORITYGROUP_4);
  36              		.loc 1 55 0
  37 0002 0320     		movs	r0, #3
  38 0004 FFF7FEFF 		bl	HAL_NVIC_SetPriorityGrouping
  39              	.LVL0:
  56:Src/stm32f7xx_hal_msp.c **** 
  57:Src/stm32f7xx_hal_msp.c ****   /* System interrupt init*/
  58:Src/stm32f7xx_hal_msp.c ****   /* MemoryManagement_IRQn interrupt configuration */
  59:Src/stm32f7xx_hal_msp.c ****   HAL_NVIC_SetPriority(MemoryManagement_IRQn, 0, 0);
  40              		.loc 1 59 0
  41 0008 0022     		movs	r2, #0
  42 000a 1146     		mov	r1, r2
  43 000c 6FF00B00 		mvn	r0, #11
  44 0010 FFF7FEFF 		bl	HAL_NVIC_SetPriority
  45              	.LVL1:
  60:Src/stm32f7xx_hal_msp.c ****   /* BusFault_IRQn interrupt configuration */
  61:Src/stm32f7xx_hal_msp.c ****   HAL_NVIC_SetPriority(BusFault_IRQn, 0, 0);
  46              		.loc 1 61 0
  47 0014 0022     		movs	r2, #0
  48 0016 1146     		mov	r1, r2
  49 0018 6FF00A00 		mvn	r0, #10
  50 001c FFF7FEFF 		bl	HAL_NVIC_SetPriority
  51              	.LVL2:
  62:Src/stm32f7xx_hal_msp.c ****   /* UsageFault_IRQn interrupt configuration */
  63:Src/stm32f7xx_hal_msp.c ****   HAL_NVIC_SetPriority(UsageFault_IRQn, 0, 0);
  52              		.loc 1 63 0
ARM GAS  /var/folders/_f/lv_lzyzs40z4gsrf231fdcyh0000gn/T//cckCZp6j.s 			page 3


  53 0020 0022     		movs	r2, #0
  54 0022 1146     		mov	r1, r2
  55 0024 6FF00900 		mvn	r0, #9
  56 0028 FFF7FEFF 		bl	HAL_NVIC_SetPriority
  57              	.LVL3:
  64:Src/stm32f7xx_hal_msp.c ****   /* SVCall_IRQn interrupt configuration */
  65:Src/stm32f7xx_hal_msp.c ****   HAL_NVIC_SetPriority(SVCall_IRQn, 0, 0);
  58              		.loc 1 65 0
  59 002c 0022     		movs	r2, #0
  60 002e 1146     		mov	r1, r2
  61 0030 6FF00400 		mvn	r0, #4
  62 0034 FFF7FEFF 		bl	HAL_NVIC_SetPriority
  63              	.LVL4:
  66:Src/stm32f7xx_hal_msp.c ****   /* DebugMonitor_IRQn interrupt configuration */
  67:Src/stm32f7xx_hal_msp.c ****   HAL_NVIC_SetPriority(DebugMonitor_IRQn, 0, 0);
  64              		.loc 1 67 0
  65 0038 0022     		movs	r2, #0
  66 003a 1146     		mov	r1, r2
  67 003c 6FF00300 		mvn	r0, #3
  68 0040 FFF7FEFF 		bl	HAL_NVIC_SetPriority
  69              	.LVL5:
  68:Src/stm32f7xx_hal_msp.c ****   /* PendSV_IRQn interrupt configuration */
  69:Src/stm32f7xx_hal_msp.c ****   HAL_NVIC_SetPriority(PendSV_IRQn, 0, 0);
  70              		.loc 1 69 0
  71 0044 0022     		movs	r2, #0
  72 0046 1146     		mov	r1, r2
  73 0048 6FF00100 		mvn	r0, #1
  74 004c FFF7FEFF 		bl	HAL_NVIC_SetPriority
  75              	.LVL6:
  70:Src/stm32f7xx_hal_msp.c ****   /* SysTick_IRQn interrupt configuration */
  71:Src/stm32f7xx_hal_msp.c ****   HAL_NVIC_SetPriority(SysTick_IRQn, 0, 0);
  76              		.loc 1 71 0
  77 0050 0022     		movs	r2, #0
  78 0052 1146     		mov	r1, r2
  79 0054 4FF0FF30 		mov	r0, #-1
  80 0058 FFF7FEFF 		bl	HAL_NVIC_SetPriority
  81              	.LVL7:
  72:Src/stm32f7xx_hal_msp.c **** 
  73:Src/stm32f7xx_hal_msp.c ****   /* USER CODE BEGIN MspInit 1 */
  74:Src/stm32f7xx_hal_msp.c **** 
  75:Src/stm32f7xx_hal_msp.c ****   /* USER CODE END MspInit 1 */
  76:Src/stm32f7xx_hal_msp.c **** }
  82              		.loc 1 76 0
  83 005c 08BD     		pop	{r3, pc}
  84              		.cfi_endproc
  85              	.LFE138:
  87              		.section	.text.HAL_ADC_MspInit,"ax",%progbits
  88              		.align	1
  89              		.global	HAL_ADC_MspInit
  90              		.syntax unified
  91              		.thumb
  92              		.thumb_func
  93              		.fpu fpv5-d16
  95              	HAL_ADC_MspInit:
  96              	.LFB139:
  77:Src/stm32f7xx_hal_msp.c **** 
  78:Src/stm32f7xx_hal_msp.c **** void HAL_ADC_MspInit(ADC_HandleTypeDef* hadc)
ARM GAS  /var/folders/_f/lv_lzyzs40z4gsrf231fdcyh0000gn/T//cckCZp6j.s 			page 4


  79:Src/stm32f7xx_hal_msp.c **** {
  97              		.loc 1 79 0
  98              		.cfi_startproc
  99              		@ args = 0, pretend = 0, frame = 24
 100              		@ frame_needed = 0, uses_anonymous_args = 0
 101              	.LVL8:
  80:Src/stm32f7xx_hal_msp.c **** 
  81:Src/stm32f7xx_hal_msp.c ****   GPIO_InitTypeDef GPIO_InitStruct;
  82:Src/stm32f7xx_hal_msp.c ****   if(hadc->Instance==ADC1)
 102              		.loc 1 82 0
 103 0000 0268     		ldr	r2, [r0]
 104 0002 164B     		ldr	r3, .L10
 105 0004 9A42     		cmp	r2, r3
 106 0006 00D0     		beq	.L9
 107 0008 7047     		bx	lr
 108              	.L9:
  79:Src/stm32f7xx_hal_msp.c **** 
 109              		.loc 1 79 0
 110 000a 30B5     		push	{r4, r5, lr}
 111              	.LCFI1:
 112              		.cfi_def_cfa_offset 12
 113              		.cfi_offset 4, -12
 114              		.cfi_offset 5, -8
 115              		.cfi_offset 14, -4
 116 000c 87B0     		sub	sp, sp, #28
 117              	.LCFI2:
 118              		.cfi_def_cfa_offset 40
 119              	.LBB2:
  83:Src/stm32f7xx_hal_msp.c ****   {
  84:Src/stm32f7xx_hal_msp.c ****   /* USER CODE BEGIN ADC1_MspInit 0 */
  85:Src/stm32f7xx_hal_msp.c **** 
  86:Src/stm32f7xx_hal_msp.c ****   /* USER CODE END ADC1_MspInit 0 */
  87:Src/stm32f7xx_hal_msp.c ****     /* Peripheral clock enable */
  88:Src/stm32f7xx_hal_msp.c ****     __HAL_RCC_ADC1_CLK_ENABLE();
 120              		.loc 1 88 0
 121 000e 03F58C33 		add	r3, r3, #71680
 122 0012 5A6C     		ldr	r2, [r3, #68]
 123 0014 42F48072 		orr	r2, r2, #256
 124 0018 5A64     		str	r2, [r3, #68]
 125 001a 5B6C     		ldr	r3, [r3, #68]
 126 001c 03F48073 		and	r3, r3, #256
 127 0020 0093     		str	r3, [sp]
 128 0022 009B     		ldr	r3, [sp]
 129              	.LBE2:
  89:Src/stm32f7xx_hal_msp.c ****   
  90:Src/stm32f7xx_hal_msp.c ****     /**ADC1 GPIO Configuration    
  91:Src/stm32f7xx_hal_msp.c ****     PC0     ------> ADC1_IN10
  92:Src/stm32f7xx_hal_msp.c ****     PC1     ------> ADC1_IN11
  93:Src/stm32f7xx_hal_msp.c ****     PC2     ------> ADC1_IN12
  94:Src/stm32f7xx_hal_msp.c ****     PC3     ------> ADC1_IN13
  95:Src/stm32f7xx_hal_msp.c ****     PA2     ------> ADC1_IN2
  96:Src/stm32f7xx_hal_msp.c ****     PA3     ------> ADC1_IN3
  97:Src/stm32f7xx_hal_msp.c ****     PA4     ------> ADC1_IN4
  98:Src/stm32f7xx_hal_msp.c ****     PA5     ------> ADC1_IN5
  99:Src/stm32f7xx_hal_msp.c ****     PA6     ------> ADC1_IN6
 100:Src/stm32f7xx_hal_msp.c ****     PA7     ------> ADC1_IN7
 101:Src/stm32f7xx_hal_msp.c ****     PC4     ------> ADC1_IN14
ARM GAS  /var/folders/_f/lv_lzyzs40z4gsrf231fdcyh0000gn/T//cckCZp6j.s 			page 5


 102:Src/stm32f7xx_hal_msp.c ****     PC5     ------> ADC1_IN15
 103:Src/stm32f7xx_hal_msp.c ****     PB0     ------> ADC1_IN8
 104:Src/stm32f7xx_hal_msp.c ****     PB1     ------> ADC1_IN9 
 105:Src/stm32f7xx_hal_msp.c ****     */
 106:Src/stm32f7xx_hal_msp.c ****     GPIO_InitStruct.Pin = CURRENT_MEASURE_Pin|VOLTAGE_MEASURE_Pin|MC_RIGHT_SENSE_Pin|PUMP_RIGHT_SEN
 130              		.loc 1 106 0
 131 0024 3F23     		movs	r3, #63
 132 0026 0193     		str	r3, [sp, #4]
 107:Src/stm32f7xx_hal_msp.c ****                           |BMU_SENSE_Pin|WSB_SENSE_Pin;
 108:Src/stm32f7xx_hal_msp.c ****     GPIO_InitStruct.Mode = GPIO_MODE_ANALOG;
 133              		.loc 1 108 0
 134 0028 0324     		movs	r4, #3
 135 002a 0294     		str	r4, [sp, #8]
 109:Src/stm32f7xx_hal_msp.c ****     GPIO_InitStruct.Pull = GPIO_NOPULL;
 136              		.loc 1 109 0
 137 002c 0025     		movs	r5, #0
 138 002e 0395     		str	r5, [sp, #12]
 110:Src/stm32f7xx_hal_msp.c ****     HAL_GPIO_Init(GPIOC, &GPIO_InitStruct);
 139              		.loc 1 110 0
 140 0030 01A9     		add	r1, sp, #4
 141 0032 0B48     		ldr	r0, .L10+4
 142              	.LVL9:
 143 0034 FFF7FEFF 		bl	HAL_GPIO_Init
 144              	.LVL10:
 111:Src/stm32f7xx_hal_msp.c **** 
 112:Src/stm32f7xx_hal_msp.c ****     GPIO_InitStruct.Pin = FAN_RIGHT_SENSE_Pin|DCU_SENSE_Pin|MC_LEFT_SENSE_Pin|PUMP_LEFT_SENSE_Pin 
 145              		.loc 1 112 0
 146 0038 FC23     		movs	r3, #252
 147 003a 0193     		str	r3, [sp, #4]
 113:Src/stm32f7xx_hal_msp.c ****                           |FAN_LEFT_SENSE_Pin|VCU_SENSE_Pin;
 114:Src/stm32f7xx_hal_msp.c ****     GPIO_InitStruct.Mode = GPIO_MODE_ANALOG;
 148              		.loc 1 114 0
 149 003c 0294     		str	r4, [sp, #8]
 115:Src/stm32f7xx_hal_msp.c ****     GPIO_InitStruct.Pull = GPIO_NOPULL;
 150              		.loc 1 115 0
 151 003e 0395     		str	r5, [sp, #12]
 116:Src/stm32f7xx_hal_msp.c ****     HAL_GPIO_Init(GPIOA, &GPIO_InitStruct);
 152              		.loc 1 116 0
 153 0040 01A9     		add	r1, sp, #4
 154 0042 0848     		ldr	r0, .L10+8
 155 0044 FFF7FEFF 		bl	HAL_GPIO_Init
 156              	.LVL11:
 117:Src/stm32f7xx_hal_msp.c **** 
 118:Src/stm32f7xx_hal_msp.c ****     GPIO_InitStruct.Pin = TELEMETRY_SENSE_Pin|FAN_BATT_SENSE_Pin;
 157              		.loc 1 118 0
 158 0048 0194     		str	r4, [sp, #4]
 119:Src/stm32f7xx_hal_msp.c ****     GPIO_InitStruct.Mode = GPIO_MODE_ANALOG;
 159              		.loc 1 119 0
 160 004a 0294     		str	r4, [sp, #8]
 120:Src/stm32f7xx_hal_msp.c ****     GPIO_InitStruct.Pull = GPIO_NOPULL;
 161              		.loc 1 120 0
 162 004c 0395     		str	r5, [sp, #12]
 121:Src/stm32f7xx_hal_msp.c ****     HAL_GPIO_Init(GPIOB, &GPIO_InitStruct);
 163              		.loc 1 121 0
 164 004e 01A9     		add	r1, sp, #4
 165 0050 0548     		ldr	r0, .L10+12
 166 0052 FFF7FEFF 		bl	HAL_GPIO_Init
ARM GAS  /var/folders/_f/lv_lzyzs40z4gsrf231fdcyh0000gn/T//cckCZp6j.s 			page 6


 167              	.LVL12:
 122:Src/stm32f7xx_hal_msp.c **** 
 123:Src/stm32f7xx_hal_msp.c ****   /* USER CODE BEGIN ADC1_MspInit 1 */
 124:Src/stm32f7xx_hal_msp.c **** 
 125:Src/stm32f7xx_hal_msp.c ****   /* USER CODE END ADC1_MspInit 1 */
 126:Src/stm32f7xx_hal_msp.c ****   }
 127:Src/stm32f7xx_hal_msp.c **** 
 128:Src/stm32f7xx_hal_msp.c **** }
 168              		.loc 1 128 0
 169 0056 07B0     		add	sp, sp, #28
 170              	.LCFI3:
 171              		.cfi_def_cfa_offset 12
 172              		@ sp needed
 173 0058 30BD     		pop	{r4, r5, pc}
 174              	.L11:
 175 005a 00BF     		.align	2
 176              	.L10:
 177 005c 00200140 		.word	1073815552
 178 0060 00080240 		.word	1073874944
 179 0064 00000240 		.word	1073872896
 180 0068 00040240 		.word	1073873920
 181              		.cfi_endproc
 182              	.LFE139:
 184              		.section	.text.HAL_ADC_MspDeInit,"ax",%progbits
 185              		.align	1
 186              		.global	HAL_ADC_MspDeInit
 187              		.syntax unified
 188              		.thumb
 189              		.thumb_func
 190              		.fpu fpv5-d16
 192              	HAL_ADC_MspDeInit:
 193              	.LFB140:
 129:Src/stm32f7xx_hal_msp.c **** 
 130:Src/stm32f7xx_hal_msp.c **** void HAL_ADC_MspDeInit(ADC_HandleTypeDef* hadc)
 131:Src/stm32f7xx_hal_msp.c **** {
 194              		.loc 1 131 0
 195              		.cfi_startproc
 196              		@ args = 0, pretend = 0, frame = 0
 197              		@ frame_needed = 0, uses_anonymous_args = 0
 198              	.LVL13:
 199 0000 08B5     		push	{r3, lr}
 200              	.LCFI4:
 201              		.cfi_def_cfa_offset 8
 202              		.cfi_offset 3, -8
 203              		.cfi_offset 14, -4
 132:Src/stm32f7xx_hal_msp.c **** 
 133:Src/stm32f7xx_hal_msp.c ****   if(hadc->Instance==ADC1)
 204              		.loc 1 133 0
 205 0002 0268     		ldr	r2, [r0]
 206 0004 0A4B     		ldr	r3, .L16
 207 0006 9A42     		cmp	r2, r3
 208 0008 00D0     		beq	.L15
 209              	.LVL14:
 210              	.L12:
 134:Src/stm32f7xx_hal_msp.c ****   {
 135:Src/stm32f7xx_hal_msp.c ****   /* USER CODE BEGIN ADC1_MspDeInit 0 */
 136:Src/stm32f7xx_hal_msp.c **** 
ARM GAS  /var/folders/_f/lv_lzyzs40z4gsrf231fdcyh0000gn/T//cckCZp6j.s 			page 7


 137:Src/stm32f7xx_hal_msp.c ****   /* USER CODE END ADC1_MspDeInit 0 */
 138:Src/stm32f7xx_hal_msp.c ****     /* Peripheral clock disable */
 139:Src/stm32f7xx_hal_msp.c ****     __HAL_RCC_ADC1_CLK_DISABLE();
 140:Src/stm32f7xx_hal_msp.c ****   
 141:Src/stm32f7xx_hal_msp.c ****     /**ADC1 GPIO Configuration    
 142:Src/stm32f7xx_hal_msp.c ****     PC0     ------> ADC1_IN10
 143:Src/stm32f7xx_hal_msp.c ****     PC1     ------> ADC1_IN11
 144:Src/stm32f7xx_hal_msp.c ****     PC2     ------> ADC1_IN12
 145:Src/stm32f7xx_hal_msp.c ****     PC3     ------> ADC1_IN13
 146:Src/stm32f7xx_hal_msp.c ****     PA2     ------> ADC1_IN2
 147:Src/stm32f7xx_hal_msp.c ****     PA3     ------> ADC1_IN3
 148:Src/stm32f7xx_hal_msp.c ****     PA4     ------> ADC1_IN4
 149:Src/stm32f7xx_hal_msp.c ****     PA5     ------> ADC1_IN5
 150:Src/stm32f7xx_hal_msp.c ****     PA6     ------> ADC1_IN6
 151:Src/stm32f7xx_hal_msp.c ****     PA7     ------> ADC1_IN7
 152:Src/stm32f7xx_hal_msp.c ****     PC4     ------> ADC1_IN14
 153:Src/stm32f7xx_hal_msp.c ****     PC5     ------> ADC1_IN15
 154:Src/stm32f7xx_hal_msp.c ****     PB0     ------> ADC1_IN8
 155:Src/stm32f7xx_hal_msp.c ****     PB1     ------> ADC1_IN9 
 156:Src/stm32f7xx_hal_msp.c ****     */
 157:Src/stm32f7xx_hal_msp.c ****     HAL_GPIO_DeInit(GPIOC, CURRENT_MEASURE_Pin|VOLTAGE_MEASURE_Pin|MC_RIGHT_SENSE_Pin|PUMP_RIGHT_SE
 158:Src/stm32f7xx_hal_msp.c ****                           |BMU_SENSE_Pin|WSB_SENSE_Pin);
 159:Src/stm32f7xx_hal_msp.c **** 
 160:Src/stm32f7xx_hal_msp.c ****     HAL_GPIO_DeInit(GPIOA, FAN_RIGHT_SENSE_Pin|DCU_SENSE_Pin|MC_LEFT_SENSE_Pin|PUMP_LEFT_SENSE_Pin 
 161:Src/stm32f7xx_hal_msp.c ****                           |FAN_LEFT_SENSE_Pin|VCU_SENSE_Pin);
 162:Src/stm32f7xx_hal_msp.c **** 
 163:Src/stm32f7xx_hal_msp.c ****     HAL_GPIO_DeInit(GPIOB, TELEMETRY_SENSE_Pin|FAN_BATT_SENSE_Pin);
 164:Src/stm32f7xx_hal_msp.c **** 
 165:Src/stm32f7xx_hal_msp.c ****   /* USER CODE BEGIN ADC1_MspDeInit 1 */
 166:Src/stm32f7xx_hal_msp.c **** 
 167:Src/stm32f7xx_hal_msp.c ****   /* USER CODE END ADC1_MspDeInit 1 */
 168:Src/stm32f7xx_hal_msp.c ****   }
 169:Src/stm32f7xx_hal_msp.c **** 
 170:Src/stm32f7xx_hal_msp.c **** }
 211              		.loc 1 170 0
 212 000a 08BD     		pop	{r3, pc}
 213              	.LVL15:
 214              	.L15:
 139:Src/stm32f7xx_hal_msp.c ****   
 215              		.loc 1 139 0
 216 000c 094A     		ldr	r2, .L16+4
 217 000e 536C     		ldr	r3, [r2, #68]
 218 0010 23F48073 		bic	r3, r3, #256
 219 0014 5364     		str	r3, [r2, #68]
 157:Src/stm32f7xx_hal_msp.c ****                           |BMU_SENSE_Pin|WSB_SENSE_Pin);
 220              		.loc 1 157 0
 221 0016 3F21     		movs	r1, #63
 222 0018 0748     		ldr	r0, .L16+8
 223              	.LVL16:
 224 001a FFF7FEFF 		bl	HAL_GPIO_DeInit
 225              	.LVL17:
 160:Src/stm32f7xx_hal_msp.c ****                           |FAN_LEFT_SENSE_Pin|VCU_SENSE_Pin);
 226              		.loc 1 160 0
 227 001e FC21     		movs	r1, #252
 228 0020 0648     		ldr	r0, .L16+12
 229 0022 FFF7FEFF 		bl	HAL_GPIO_DeInit
 230              	.LVL18:
ARM GAS  /var/folders/_f/lv_lzyzs40z4gsrf231fdcyh0000gn/T//cckCZp6j.s 			page 8


 163:Src/stm32f7xx_hal_msp.c **** 
 231              		.loc 1 163 0
 232 0026 0321     		movs	r1, #3
 233 0028 0548     		ldr	r0, .L16+16
 234 002a FFF7FEFF 		bl	HAL_GPIO_DeInit
 235              	.LVL19:
 236              		.loc 1 170 0
 237 002e ECE7     		b	.L12
 238              	.L17:
 239              		.align	2
 240              	.L16:
 241 0030 00200140 		.word	1073815552
 242 0034 00380240 		.word	1073887232
 243 0038 00080240 		.word	1073874944
 244 003c 00000240 		.word	1073872896
 245 0040 00040240 		.word	1073873920
 246              		.cfi_endproc
 247              	.LFE140:
 249              		.section	.text.HAL_CAN_MspInit,"ax",%progbits
 250              		.align	1
 251              		.global	HAL_CAN_MspInit
 252              		.syntax unified
 253              		.thumb
 254              		.thumb_func
 255              		.fpu fpv5-d16
 257              	HAL_CAN_MspInit:
 258              	.LFB141:
 171:Src/stm32f7xx_hal_msp.c **** 
 172:Src/stm32f7xx_hal_msp.c **** void HAL_CAN_MspInit(CAN_HandleTypeDef* hcan)
 173:Src/stm32f7xx_hal_msp.c **** {
 259              		.loc 1 173 0
 260              		.cfi_startproc
 261              		@ args = 0, pretend = 0, frame = 32
 262              		@ frame_needed = 0, uses_anonymous_args = 0
 263              	.LVL20:
 174:Src/stm32f7xx_hal_msp.c **** 
 175:Src/stm32f7xx_hal_msp.c ****   GPIO_InitTypeDef GPIO_InitStruct;
 176:Src/stm32f7xx_hal_msp.c ****   if(hcan->Instance==CAN3)
 264              		.loc 1 176 0
 265 0000 0268     		ldr	r2, [r0]
 266 0002 1A4B     		ldr	r3, .L25
 267 0004 9A42     		cmp	r2, r3
 268 0006 00D0     		beq	.L24
 269 0008 7047     		bx	lr
 270              	.L24:
 173:Src/stm32f7xx_hal_msp.c **** 
 271              		.loc 1 173 0
 272 000a 00B5     		push	{lr}
 273              	.LCFI5:
 274              		.cfi_def_cfa_offset 4
 275              		.cfi_offset 14, -4
 276 000c 89B0     		sub	sp, sp, #36
 277              	.LCFI6:
 278              		.cfi_def_cfa_offset 40
 279              	.LBB3:
 177:Src/stm32f7xx_hal_msp.c ****   {
 178:Src/stm32f7xx_hal_msp.c ****   /* USER CODE BEGIN CAN3_MspInit 0 */
ARM GAS  /var/folders/_f/lv_lzyzs40z4gsrf231fdcyh0000gn/T//cckCZp6j.s 			page 9


 179:Src/stm32f7xx_hal_msp.c **** 
 180:Src/stm32f7xx_hal_msp.c ****   /* USER CODE END CAN3_MspInit 0 */
 181:Src/stm32f7xx_hal_msp.c ****     /* Peripheral clock enable */
 182:Src/stm32f7xx_hal_msp.c ****     __HAL_RCC_CAN3_CLK_ENABLE();
 280              		.loc 1 182 0
 281 000e 03F50133 		add	r3, r3, #132096
 282 0012 1A6C     		ldr	r2, [r3, #64]
 283 0014 42F40052 		orr	r2, r2, #8192
 284 0018 1A64     		str	r2, [r3, #64]
 285 001a 1A6C     		ldr	r2, [r3, #64]
 286 001c 02F40052 		and	r2, r2, #8192
 287 0020 0092     		str	r2, [sp]
 288 0022 009A     		ldr	r2, [sp]
 289              	.LBE3:
 290              	.LBB4:
 183:Src/stm32f7xx_hal_msp.c ****     __HAL_RCC_CAN2_CLK_ENABLE();
 291              		.loc 1 183 0
 292 0024 1A6C     		ldr	r2, [r3, #64]
 293 0026 42F08062 		orr	r2, r2, #67108864
 294 002a 1A64     		str	r2, [r3, #64]
 295 002c 1A6C     		ldr	r2, [r3, #64]
 296 002e 02F08062 		and	r2, r2, #67108864
 297 0032 0192     		str	r2, [sp, #4]
 298 0034 019A     		ldr	r2, [sp, #4]
 299              	.LBE4:
 300              	.LBB5:
 184:Src/stm32f7xx_hal_msp.c ****     __HAL_RCC_CAN1_CLK_ENABLE();
 301              		.loc 1 184 0
 302 0036 1A6C     		ldr	r2, [r3, #64]
 303 0038 42F00072 		orr	r2, r2, #33554432
 304 003c 1A64     		str	r2, [r3, #64]
 305 003e 1B6C     		ldr	r3, [r3, #64]
 306 0040 03F00073 		and	r3, r3, #33554432
 307 0044 0293     		str	r3, [sp, #8]
 308 0046 029B     		ldr	r3, [sp, #8]
 309              	.LBE5:
 185:Src/stm32f7xx_hal_msp.c ****   
 186:Src/stm32f7xx_hal_msp.c ****     /**CAN3 GPIO Configuration    
 187:Src/stm32f7xx_hal_msp.c ****     PB3     ------> CAN3_RX
 188:Src/stm32f7xx_hal_msp.c ****     PB4     ------> CAN3_TX 
 189:Src/stm32f7xx_hal_msp.c ****     */
 190:Src/stm32f7xx_hal_msp.c ****     GPIO_InitStruct.Pin = CAN_RX_Pin|CAN_TX_Pin;
 310              		.loc 1 190 0
 311 0048 1823     		movs	r3, #24
 312 004a 0393     		str	r3, [sp, #12]
 191:Src/stm32f7xx_hal_msp.c ****     GPIO_InitStruct.Mode = GPIO_MODE_AF_PP;
 313              		.loc 1 191 0
 314 004c 0223     		movs	r3, #2
 315 004e 0493     		str	r3, [sp, #16]
 192:Src/stm32f7xx_hal_msp.c ****     GPIO_InitStruct.Pull = GPIO_NOPULL;
 316              		.loc 1 192 0
 317 0050 0023     		movs	r3, #0
 318 0052 0593     		str	r3, [sp, #20]
 193:Src/stm32f7xx_hal_msp.c ****     GPIO_InitStruct.Speed = GPIO_SPEED_FREQ_VERY_HIGH;
 319              		.loc 1 193 0
 320 0054 0323     		movs	r3, #3
 321 0056 0693     		str	r3, [sp, #24]
ARM GAS  /var/folders/_f/lv_lzyzs40z4gsrf231fdcyh0000gn/T//cckCZp6j.s 			page 10


 194:Src/stm32f7xx_hal_msp.c ****     GPIO_InitStruct.Alternate = GPIO_AF11_CAN3;
 322              		.loc 1 194 0
 323 0058 0B23     		movs	r3, #11
 324 005a 0793     		str	r3, [sp, #28]
 195:Src/stm32f7xx_hal_msp.c ****     HAL_GPIO_Init(GPIOB, &GPIO_InitStruct);
 325              		.loc 1 195 0
 326 005c 03A9     		add	r1, sp, #12
 327 005e 0448     		ldr	r0, .L25+4
 328              	.LVL21:
 329 0060 FFF7FEFF 		bl	HAL_GPIO_Init
 330              	.LVL22:
 196:Src/stm32f7xx_hal_msp.c **** 
 197:Src/stm32f7xx_hal_msp.c ****   /* USER CODE BEGIN CAN3_MspInit 1 */
 198:Src/stm32f7xx_hal_msp.c **** 
 199:Src/stm32f7xx_hal_msp.c ****   /* USER CODE END CAN3_MspInit 1 */
 200:Src/stm32f7xx_hal_msp.c ****   }
 201:Src/stm32f7xx_hal_msp.c **** 
 202:Src/stm32f7xx_hal_msp.c **** }
 331              		.loc 1 202 0
 332 0064 09B0     		add	sp, sp, #36
 333              	.LCFI7:
 334              		.cfi_def_cfa_offset 4
 335              		@ sp needed
 336 0066 5DF804FB 		ldr	pc, [sp], #4
 337              	.L26:
 338 006a 00BF     		.align	2
 339              	.L25:
 340 006c 00340040 		.word	1073755136
 341 0070 00040240 		.word	1073873920
 342              		.cfi_endproc
 343              	.LFE141:
 345              		.section	.text.HAL_CAN_MspDeInit,"ax",%progbits
 346              		.align	1
 347              		.global	HAL_CAN_MspDeInit
 348              		.syntax unified
 349              		.thumb
 350              		.thumb_func
 351              		.fpu fpv5-d16
 353              	HAL_CAN_MspDeInit:
 354              	.LFB142:
 203:Src/stm32f7xx_hal_msp.c **** 
 204:Src/stm32f7xx_hal_msp.c **** void HAL_CAN_MspDeInit(CAN_HandleTypeDef* hcan)
 205:Src/stm32f7xx_hal_msp.c **** {
 355              		.loc 1 205 0
 356              		.cfi_startproc
 357              		@ args = 0, pretend = 0, frame = 0
 358              		@ frame_needed = 0, uses_anonymous_args = 0
 359              	.LVL23:
 360 0000 08B5     		push	{r3, lr}
 361              	.LCFI8:
 362              		.cfi_def_cfa_offset 8
 363              		.cfi_offset 3, -8
 364              		.cfi_offset 14, -4
 206:Src/stm32f7xx_hal_msp.c **** 
 207:Src/stm32f7xx_hal_msp.c ****   if(hcan->Instance==CAN3)
 365              		.loc 1 207 0
 366 0002 0268     		ldr	r2, [r0]
ARM GAS  /var/folders/_f/lv_lzyzs40z4gsrf231fdcyh0000gn/T//cckCZp6j.s 			page 11


 367 0004 0B4B     		ldr	r3, .L31
 368 0006 9A42     		cmp	r2, r3
 369 0008 00D0     		beq	.L30
 370              	.LVL24:
 371              	.L27:
 208:Src/stm32f7xx_hal_msp.c ****   {
 209:Src/stm32f7xx_hal_msp.c ****   /* USER CODE BEGIN CAN3_MspDeInit 0 */
 210:Src/stm32f7xx_hal_msp.c **** 
 211:Src/stm32f7xx_hal_msp.c ****   /* USER CODE END CAN3_MspDeInit 0 */
 212:Src/stm32f7xx_hal_msp.c ****     /* Peripheral clock disable */
 213:Src/stm32f7xx_hal_msp.c ****     __HAL_RCC_CAN3_CLK_DISABLE();
 214:Src/stm32f7xx_hal_msp.c ****     __HAL_RCC_CAN2_CLK_DISABLE();
 215:Src/stm32f7xx_hal_msp.c ****     __HAL_RCC_CAN1_CLK_DISABLE();
 216:Src/stm32f7xx_hal_msp.c ****   
 217:Src/stm32f7xx_hal_msp.c ****     /**CAN3 GPIO Configuration    
 218:Src/stm32f7xx_hal_msp.c ****     PB3     ------> CAN3_RX
 219:Src/stm32f7xx_hal_msp.c ****     PB4     ------> CAN3_TX 
 220:Src/stm32f7xx_hal_msp.c ****     */
 221:Src/stm32f7xx_hal_msp.c ****     HAL_GPIO_DeInit(GPIOB, CAN_RX_Pin|CAN_TX_Pin);
 222:Src/stm32f7xx_hal_msp.c **** 
 223:Src/stm32f7xx_hal_msp.c ****   /* USER CODE BEGIN CAN3_MspDeInit 1 */
 224:Src/stm32f7xx_hal_msp.c **** 
 225:Src/stm32f7xx_hal_msp.c ****   /* USER CODE END CAN3_MspDeInit 1 */
 226:Src/stm32f7xx_hal_msp.c ****   }
 227:Src/stm32f7xx_hal_msp.c **** 
 228:Src/stm32f7xx_hal_msp.c **** }
 372              		.loc 1 228 0
 373 000a 08BD     		pop	{r3, pc}
 374              	.LVL25:
 375              	.L30:
 213:Src/stm32f7xx_hal_msp.c ****     __HAL_RCC_CAN2_CLK_DISABLE();
 376              		.loc 1 213 0
 377 000c 03F50133 		add	r3, r3, #132096
 378 0010 1A6C     		ldr	r2, [r3, #64]
 379 0012 22F40052 		bic	r2, r2, #8192
 380 0016 1A64     		str	r2, [r3, #64]
 214:Src/stm32f7xx_hal_msp.c ****     __HAL_RCC_CAN1_CLK_DISABLE();
 381              		.loc 1 214 0
 382 0018 1A6C     		ldr	r2, [r3, #64]
 383 001a 22F08062 		bic	r2, r2, #67108864
 384 001e 1A64     		str	r2, [r3, #64]
 215:Src/stm32f7xx_hal_msp.c ****   
 385              		.loc 1 215 0
 386 0020 1A6C     		ldr	r2, [r3, #64]
 387 0022 22F00072 		bic	r2, r2, #33554432
 388 0026 1A64     		str	r2, [r3, #64]
 221:Src/stm32f7xx_hal_msp.c **** 
 389              		.loc 1 221 0
 390 0028 1821     		movs	r1, #24
 391 002a 0348     		ldr	r0, .L31+4
 392              	.LVL26:
 393 002c FFF7FEFF 		bl	HAL_GPIO_DeInit
 394              	.LVL27:
 395              		.loc 1 228 0
 396 0030 EBE7     		b	.L27
 397              	.L32:
 398 0032 00BF     		.align	2
ARM GAS  /var/folders/_f/lv_lzyzs40z4gsrf231fdcyh0000gn/T//cckCZp6j.s 			page 12


 399              	.L31:
 400 0034 00340040 		.word	1073755136
 401 0038 00040240 		.word	1073873920
 402              		.cfi_endproc
 403              	.LFE142:
 405              		.section	.text.HAL_I2C_MspInit,"ax",%progbits
 406              		.align	1
 407              		.global	HAL_I2C_MspInit
 408              		.syntax unified
 409              		.thumb
 410              		.thumb_func
 411              		.fpu fpv5-d16
 413              	HAL_I2C_MspInit:
 414              	.LFB143:
 229:Src/stm32f7xx_hal_msp.c **** 
 230:Src/stm32f7xx_hal_msp.c **** void HAL_I2C_MspInit(I2C_HandleTypeDef* hi2c)
 231:Src/stm32f7xx_hal_msp.c **** {
 415              		.loc 1 231 0
 416              		.cfi_startproc
 417              		@ args = 0, pretend = 0, frame = 24
 418              		@ frame_needed = 0, uses_anonymous_args = 0
 419              	.LVL28:
 232:Src/stm32f7xx_hal_msp.c **** 
 233:Src/stm32f7xx_hal_msp.c ****   GPIO_InitTypeDef GPIO_InitStruct;
 234:Src/stm32f7xx_hal_msp.c ****   if(hi2c->Instance==I2C2)
 420              		.loc 1 234 0
 421 0000 0268     		ldr	r2, [r0]
 422 0002 114B     		ldr	r3, .L40
 423 0004 9A42     		cmp	r2, r3
 424 0006 00D0     		beq	.L39
 425 0008 7047     		bx	lr
 426              	.L39:
 231:Src/stm32f7xx_hal_msp.c **** 
 427              		.loc 1 231 0
 428 000a 00B5     		push	{lr}
 429              	.LCFI9:
 430              		.cfi_def_cfa_offset 4
 431              		.cfi_offset 14, -4
 432 000c 87B0     		sub	sp, sp, #28
 433              	.LCFI10:
 434              		.cfi_def_cfa_offset 32
 235:Src/stm32f7xx_hal_msp.c ****   {
 236:Src/stm32f7xx_hal_msp.c ****   /* USER CODE BEGIN I2C2_MspInit 0 */
 237:Src/stm32f7xx_hal_msp.c **** 
 238:Src/stm32f7xx_hal_msp.c ****   /* USER CODE END I2C2_MspInit 0 */
 239:Src/stm32f7xx_hal_msp.c ****   
 240:Src/stm32f7xx_hal_msp.c ****     /**I2C2 GPIO Configuration    
 241:Src/stm32f7xx_hal_msp.c ****     PB10     ------> I2C2_SCL
 242:Src/stm32f7xx_hal_msp.c ****     PB11     ------> I2C2_SDA 
 243:Src/stm32f7xx_hal_msp.c ****     */
 244:Src/stm32f7xx_hal_msp.c ****     GPIO_InitStruct.Pin = GPIO_PIN_10|GPIO_PIN_11;
 435              		.loc 1 244 0
 436 000e 4FF44063 		mov	r3, #3072
 437 0012 0193     		str	r3, [sp, #4]
 245:Src/stm32f7xx_hal_msp.c ****     GPIO_InitStruct.Mode = GPIO_MODE_AF_OD;
 438              		.loc 1 245 0
 439 0014 1223     		movs	r3, #18
ARM GAS  /var/folders/_f/lv_lzyzs40z4gsrf231fdcyh0000gn/T//cckCZp6j.s 			page 13


 440 0016 0293     		str	r3, [sp, #8]
 246:Src/stm32f7xx_hal_msp.c ****     GPIO_InitStruct.Pull = GPIO_PULLUP;
 441              		.loc 1 246 0
 442 0018 0123     		movs	r3, #1
 443 001a 0393     		str	r3, [sp, #12]
 247:Src/stm32f7xx_hal_msp.c ****     GPIO_InitStruct.Speed = GPIO_SPEED_FREQ_VERY_HIGH;
 444              		.loc 1 247 0
 445 001c 0323     		movs	r3, #3
 446 001e 0493     		str	r3, [sp, #16]
 248:Src/stm32f7xx_hal_msp.c ****     GPIO_InitStruct.Alternate = GPIO_AF4_I2C2;
 447              		.loc 1 248 0
 448 0020 0423     		movs	r3, #4
 449 0022 0593     		str	r3, [sp, #20]
 249:Src/stm32f7xx_hal_msp.c ****     HAL_GPIO_Init(GPIOB, &GPIO_InitStruct);
 450              		.loc 1 249 0
 451 0024 0DEB0301 		add	r1, sp, r3
 452 0028 0848     		ldr	r0, .L40+4
 453              	.LVL29:
 454 002a FFF7FEFF 		bl	HAL_GPIO_Init
 455              	.LVL30:
 456              	.LBB6:
 250:Src/stm32f7xx_hal_msp.c **** 
 251:Src/stm32f7xx_hal_msp.c ****     /* Peripheral clock enable */
 252:Src/stm32f7xx_hal_msp.c ****     __HAL_RCC_I2C2_CLK_ENABLE();
 457              		.loc 1 252 0
 458 002e 084B     		ldr	r3, .L40+8
 459 0030 1A6C     		ldr	r2, [r3, #64]
 460 0032 42F48002 		orr	r2, r2, #4194304
 461 0036 1A64     		str	r2, [r3, #64]
 462 0038 1B6C     		ldr	r3, [r3, #64]
 463 003a 03F48003 		and	r3, r3, #4194304
 464 003e 0093     		str	r3, [sp]
 465 0040 009B     		ldr	r3, [sp]
 466              	.LBE6:
 253:Src/stm32f7xx_hal_msp.c ****   /* USER CODE BEGIN I2C2_MspInit 1 */
 254:Src/stm32f7xx_hal_msp.c **** 
 255:Src/stm32f7xx_hal_msp.c ****   /* USER CODE END I2C2_MspInit 1 */
 256:Src/stm32f7xx_hal_msp.c ****   }
 257:Src/stm32f7xx_hal_msp.c **** 
 258:Src/stm32f7xx_hal_msp.c **** }
 467              		.loc 1 258 0
 468 0042 07B0     		add	sp, sp, #28
 469              	.LCFI11:
 470              		.cfi_def_cfa_offset 4
 471              		@ sp needed
 472 0044 5DF804FB 		ldr	pc, [sp], #4
 473              	.L41:
 474              		.align	2
 475              	.L40:
 476 0048 00580040 		.word	1073764352
 477 004c 00040240 		.word	1073873920
 478 0050 00380240 		.word	1073887232
 479              		.cfi_endproc
 480              	.LFE143:
 482              		.section	.text.HAL_I2C_MspDeInit,"ax",%progbits
 483              		.align	1
 484              		.global	HAL_I2C_MspDeInit
ARM GAS  /var/folders/_f/lv_lzyzs40z4gsrf231fdcyh0000gn/T//cckCZp6j.s 			page 14


 485              		.syntax unified
 486              		.thumb
 487              		.thumb_func
 488              		.fpu fpv5-d16
 490              	HAL_I2C_MspDeInit:
 491              	.LFB144:
 259:Src/stm32f7xx_hal_msp.c **** 
 260:Src/stm32f7xx_hal_msp.c **** void HAL_I2C_MspDeInit(I2C_HandleTypeDef* hi2c)
 261:Src/stm32f7xx_hal_msp.c **** {
 492              		.loc 1 261 0
 493              		.cfi_startproc
 494              		@ args = 0, pretend = 0, frame = 0
 495              		@ frame_needed = 0, uses_anonymous_args = 0
 496              	.LVL31:
 497 0000 08B5     		push	{r3, lr}
 498              	.LCFI12:
 499              		.cfi_def_cfa_offset 8
 500              		.cfi_offset 3, -8
 501              		.cfi_offset 14, -4
 262:Src/stm32f7xx_hal_msp.c **** 
 263:Src/stm32f7xx_hal_msp.c ****   if(hi2c->Instance==I2C2)
 502              		.loc 1 263 0
 503 0002 0268     		ldr	r2, [r0]
 504 0004 074B     		ldr	r3, .L46
 505 0006 9A42     		cmp	r2, r3
 506 0008 00D0     		beq	.L45
 507              	.LVL32:
 508              	.L42:
 264:Src/stm32f7xx_hal_msp.c ****   {
 265:Src/stm32f7xx_hal_msp.c ****   /* USER CODE BEGIN I2C2_MspDeInit 0 */
 266:Src/stm32f7xx_hal_msp.c **** 
 267:Src/stm32f7xx_hal_msp.c ****   /* USER CODE END I2C2_MspDeInit 0 */
 268:Src/stm32f7xx_hal_msp.c ****     /* Peripheral clock disable */
 269:Src/stm32f7xx_hal_msp.c ****     __HAL_RCC_I2C2_CLK_DISABLE();
 270:Src/stm32f7xx_hal_msp.c ****   
 271:Src/stm32f7xx_hal_msp.c ****     /**I2C2 GPIO Configuration    
 272:Src/stm32f7xx_hal_msp.c ****     PB10     ------> I2C2_SCL
 273:Src/stm32f7xx_hal_msp.c ****     PB11     ------> I2C2_SDA 
 274:Src/stm32f7xx_hal_msp.c ****     */
 275:Src/stm32f7xx_hal_msp.c ****     HAL_GPIO_DeInit(GPIOB, GPIO_PIN_10|GPIO_PIN_11);
 276:Src/stm32f7xx_hal_msp.c **** 
 277:Src/stm32f7xx_hal_msp.c ****   /* USER CODE BEGIN I2C2_MspDeInit 1 */
 278:Src/stm32f7xx_hal_msp.c **** 
 279:Src/stm32f7xx_hal_msp.c ****   /* USER CODE END I2C2_MspDeInit 1 */
 280:Src/stm32f7xx_hal_msp.c ****   }
 281:Src/stm32f7xx_hal_msp.c **** 
 282:Src/stm32f7xx_hal_msp.c **** }
 509              		.loc 1 282 0
 510 000a 08BD     		pop	{r3, pc}
 511              	.LVL33:
 512              	.L45:
 269:Src/stm32f7xx_hal_msp.c ****   
 513              		.loc 1 269 0
 514 000c 064A     		ldr	r2, .L46+4
 515 000e 136C     		ldr	r3, [r2, #64]
 516 0010 23F48003 		bic	r3, r3, #4194304
 517 0014 1364     		str	r3, [r2, #64]
ARM GAS  /var/folders/_f/lv_lzyzs40z4gsrf231fdcyh0000gn/T//cckCZp6j.s 			page 15


 275:Src/stm32f7xx_hal_msp.c **** 
 518              		.loc 1 275 0
 519 0016 4FF44061 		mov	r1, #3072
 520 001a 0448     		ldr	r0, .L46+8
 521              	.LVL34:
 522 001c FFF7FEFF 		bl	HAL_GPIO_DeInit
 523              	.LVL35:
 524              		.loc 1 282 0
 525 0020 F3E7     		b	.L42
 526              	.L47:
 527 0022 00BF     		.align	2
 528              	.L46:
 529 0024 00580040 		.word	1073764352
 530 0028 00380240 		.word	1073887232
 531 002c 00040240 		.word	1073873920
 532              		.cfi_endproc
 533              	.LFE144:
 535              		.section	.text.HAL_TIM_PWM_MspInit,"ax",%progbits
 536              		.align	1
 537              		.global	HAL_TIM_PWM_MspInit
 538              		.syntax unified
 539              		.thumb
 540              		.thumb_func
 541              		.fpu fpv5-d16
 543              	HAL_TIM_PWM_MspInit:
 544              	.LFB145:
 283:Src/stm32f7xx_hal_msp.c **** 
 284:Src/stm32f7xx_hal_msp.c **** void HAL_TIM_PWM_MspInit(TIM_HandleTypeDef* htim_pwm)
 285:Src/stm32f7xx_hal_msp.c **** {
 545              		.loc 1 285 0
 546              		.cfi_startproc
 547              		@ args = 0, pretend = 0, frame = 8
 548              		@ frame_needed = 0, uses_anonymous_args = 0
 549              		@ link register save eliminated.
 550              	.LVL36:
 286:Src/stm32f7xx_hal_msp.c **** 
 287:Src/stm32f7xx_hal_msp.c ****   if(htim_pwm->Instance==TIM2)
 551              		.loc 1 287 0
 552 0000 0368     		ldr	r3, [r0]
 553 0002 B3F1804F 		cmp	r3, #1073741824
 554 0006 00D0     		beq	.L54
 555 0008 7047     		bx	lr
 556              	.L54:
 285:Src/stm32f7xx_hal_msp.c **** 
 557              		.loc 1 285 0
 558 000a 82B0     		sub	sp, sp, #8
 559              	.LCFI13:
 560              		.cfi_def_cfa_offset 8
 561              	.LBB7:
 288:Src/stm32f7xx_hal_msp.c ****   {
 289:Src/stm32f7xx_hal_msp.c ****   /* USER CODE BEGIN TIM2_MspInit 0 */
 290:Src/stm32f7xx_hal_msp.c **** 
 291:Src/stm32f7xx_hal_msp.c ****   /* USER CODE END TIM2_MspInit 0 */
 292:Src/stm32f7xx_hal_msp.c ****     /* Peripheral clock enable */
 293:Src/stm32f7xx_hal_msp.c ****     __HAL_RCC_TIM2_CLK_ENABLE();
 562              		.loc 1 293 0
 563 000c 03F50E33 		add	r3, r3, #145408
ARM GAS  /var/folders/_f/lv_lzyzs40z4gsrf231fdcyh0000gn/T//cckCZp6j.s 			page 16


 564 0010 1A6C     		ldr	r2, [r3, #64]
 565 0012 42F00102 		orr	r2, r2, #1
 566 0016 1A64     		str	r2, [r3, #64]
 567 0018 1B6C     		ldr	r3, [r3, #64]
 568 001a 03F00103 		and	r3, r3, #1
 569 001e 0193     		str	r3, [sp, #4]
 570 0020 019B     		ldr	r3, [sp, #4]
 571              	.LBE7:
 294:Src/stm32f7xx_hal_msp.c ****   /* USER CODE BEGIN TIM2_MspInit 1 */
 295:Src/stm32f7xx_hal_msp.c **** 
 296:Src/stm32f7xx_hal_msp.c ****   /* USER CODE END TIM2_MspInit 1 */
 297:Src/stm32f7xx_hal_msp.c ****   }
 298:Src/stm32f7xx_hal_msp.c **** 
 299:Src/stm32f7xx_hal_msp.c **** }
 572              		.loc 1 299 0
 573 0022 02B0     		add	sp, sp, #8
 574              	.LCFI14:
 575              		.cfi_def_cfa_offset 0
 576              		@ sp needed
 577 0024 7047     		bx	lr
 578              		.cfi_endproc
 579              	.LFE145:
 581              		.section	.text.HAL_TIM_MspPostInit,"ax",%progbits
 582              		.align	1
 583              		.global	HAL_TIM_MspPostInit
 584              		.syntax unified
 585              		.thumb
 586              		.thumb_func
 587              		.fpu fpv5-d16
 589              	HAL_TIM_MspPostInit:
 590              	.LFB146:
 300:Src/stm32f7xx_hal_msp.c **** 
 301:Src/stm32f7xx_hal_msp.c **** void HAL_TIM_MspPostInit(TIM_HandleTypeDef* htim)
 302:Src/stm32f7xx_hal_msp.c **** {
 591              		.loc 1 302 0
 592              		.cfi_startproc
 593              		@ args = 0, pretend = 0, frame = 24
 594              		@ frame_needed = 0, uses_anonymous_args = 0
 595              	.LVL37:
 303:Src/stm32f7xx_hal_msp.c **** 
 304:Src/stm32f7xx_hal_msp.c ****   GPIO_InitTypeDef GPIO_InitStruct;
 305:Src/stm32f7xx_hal_msp.c ****   if(htim->Instance==TIM2)
 596              		.loc 1 305 0
 597 0000 0368     		ldr	r3, [r0]
 598 0002 B3F1804F 		cmp	r3, #1073741824
 599 0006 00D0     		beq	.L61
 600 0008 7047     		bx	lr
 601              	.L61:
 302:Src/stm32f7xx_hal_msp.c **** 
 602              		.loc 1 302 0
 603 000a 00B5     		push	{lr}
 604              	.LCFI15:
 605              		.cfi_def_cfa_offset 4
 606              		.cfi_offset 14, -4
 607 000c 87B0     		sub	sp, sp, #28
 608              	.LCFI16:
 609              		.cfi_def_cfa_offset 32
ARM GAS  /var/folders/_f/lv_lzyzs40z4gsrf231fdcyh0000gn/T//cckCZp6j.s 			page 17


 306:Src/stm32f7xx_hal_msp.c ****   {
 307:Src/stm32f7xx_hal_msp.c ****   /* USER CODE BEGIN TIM2_MspPostInit 0 */
 308:Src/stm32f7xx_hal_msp.c **** 
 309:Src/stm32f7xx_hal_msp.c ****   /* USER CODE END TIM2_MspPostInit 0 */
 310:Src/stm32f7xx_hal_msp.c ****   
 311:Src/stm32f7xx_hal_msp.c ****     /**TIM2 GPIO Configuration    
 312:Src/stm32f7xx_hal_msp.c ****     PA15     ------> TIM2_CH1 
 313:Src/stm32f7xx_hal_msp.c ****     */
 314:Src/stm32f7xx_hal_msp.c ****     GPIO_InitStruct.Pin = FAN_BATT_PWM_Pin;
 610              		.loc 1 314 0
 611 000e 4FF40043 		mov	r3, #32768
 612 0012 0193     		str	r3, [sp, #4]
 315:Src/stm32f7xx_hal_msp.c ****     GPIO_InitStruct.Mode = GPIO_MODE_AF_PP;
 613              		.loc 1 315 0
 614 0014 0223     		movs	r3, #2
 615 0016 0293     		str	r3, [sp, #8]
 316:Src/stm32f7xx_hal_msp.c ****     GPIO_InitStruct.Pull = GPIO_NOPULL;
 616              		.loc 1 316 0
 617 0018 0023     		movs	r3, #0
 618 001a 0393     		str	r3, [sp, #12]
 317:Src/stm32f7xx_hal_msp.c ****     GPIO_InitStruct.Speed = GPIO_SPEED_FREQ_LOW;
 619              		.loc 1 317 0
 620 001c 0493     		str	r3, [sp, #16]
 318:Src/stm32f7xx_hal_msp.c ****     GPIO_InitStruct.Alternate = GPIO_AF1_TIM2;
 621              		.loc 1 318 0
 622 001e 0123     		movs	r3, #1
 623 0020 0593     		str	r3, [sp, #20]
 319:Src/stm32f7xx_hal_msp.c ****     HAL_GPIO_Init(FAN_BATT_PWM_GPIO_Port, &GPIO_InitStruct);
 624              		.loc 1 319 0
 625 0022 01A9     		add	r1, sp, #4
 626 0024 0248     		ldr	r0, .L62
 627              	.LVL38:
 628 0026 FFF7FEFF 		bl	HAL_GPIO_Init
 629              	.LVL39:
 320:Src/stm32f7xx_hal_msp.c **** 
 321:Src/stm32f7xx_hal_msp.c ****   /* USER CODE BEGIN TIM2_MspPostInit 1 */
 322:Src/stm32f7xx_hal_msp.c **** 
 323:Src/stm32f7xx_hal_msp.c ****   /* USER CODE END TIM2_MspPostInit 1 */
 324:Src/stm32f7xx_hal_msp.c ****   }
 325:Src/stm32f7xx_hal_msp.c **** 
 326:Src/stm32f7xx_hal_msp.c **** }
 630              		.loc 1 326 0
 631 002a 07B0     		add	sp, sp, #28
 632              	.LCFI17:
 633              		.cfi_def_cfa_offset 4
 634              		@ sp needed
 635 002c 5DF804FB 		ldr	pc, [sp], #4
 636              	.L63:
 637              		.align	2
 638              	.L62:
 639 0030 00000240 		.word	1073872896
 640              		.cfi_endproc
 641              	.LFE146:
 643              		.section	.text.HAL_TIM_PWM_MspDeInit,"ax",%progbits
 644              		.align	1
 645              		.global	HAL_TIM_PWM_MspDeInit
 646              		.syntax unified
ARM GAS  /var/folders/_f/lv_lzyzs40z4gsrf231fdcyh0000gn/T//cckCZp6j.s 			page 18


 647              		.thumb
 648              		.thumb_func
 649              		.fpu fpv5-d16
 651              	HAL_TIM_PWM_MspDeInit:
 652              	.LFB147:
 327:Src/stm32f7xx_hal_msp.c **** 
 328:Src/stm32f7xx_hal_msp.c **** void HAL_TIM_PWM_MspDeInit(TIM_HandleTypeDef* htim_pwm)
 329:Src/stm32f7xx_hal_msp.c **** {
 653              		.loc 1 329 0
 654              		.cfi_startproc
 655              		@ args = 0, pretend = 0, frame = 0
 656              		@ frame_needed = 0, uses_anonymous_args = 0
 657              		@ link register save eliminated.
 658              	.LVL40:
 330:Src/stm32f7xx_hal_msp.c **** 
 331:Src/stm32f7xx_hal_msp.c ****   if(htim_pwm->Instance==TIM2)
 659              		.loc 1 331 0
 660 0000 0368     		ldr	r3, [r0]
 661 0002 B3F1804F 		cmp	r3, #1073741824
 662 0006 00D0     		beq	.L66
 663              	.L64:
 332:Src/stm32f7xx_hal_msp.c ****   {
 333:Src/stm32f7xx_hal_msp.c ****   /* USER CODE BEGIN TIM2_MspDeInit 0 */
 334:Src/stm32f7xx_hal_msp.c **** 
 335:Src/stm32f7xx_hal_msp.c ****   /* USER CODE END TIM2_MspDeInit 0 */
 336:Src/stm32f7xx_hal_msp.c ****     /* Peripheral clock disable */
 337:Src/stm32f7xx_hal_msp.c ****     __HAL_RCC_TIM2_CLK_DISABLE();
 338:Src/stm32f7xx_hal_msp.c ****   /* USER CODE BEGIN TIM2_MspDeInit 1 */
 339:Src/stm32f7xx_hal_msp.c **** 
 340:Src/stm32f7xx_hal_msp.c ****   /* USER CODE END TIM2_MspDeInit 1 */
 341:Src/stm32f7xx_hal_msp.c ****   }
 342:Src/stm32f7xx_hal_msp.c **** 
 343:Src/stm32f7xx_hal_msp.c **** }
 664              		.loc 1 343 0
 665 0008 7047     		bx	lr
 666              	.L66:
 337:Src/stm32f7xx_hal_msp.c ****   /* USER CODE BEGIN TIM2_MspDeInit 1 */
 667              		.loc 1 337 0
 668 000a 034A     		ldr	r2, .L67
 669 000c 136C     		ldr	r3, [r2, #64]
 670 000e 23F00103 		bic	r3, r3, #1
 671 0012 1364     		str	r3, [r2, #64]
 672              		.loc 1 343 0
 673 0014 F8E7     		b	.L64
 674              	.L68:
 675 0016 00BF     		.align	2
 676              	.L67:
 677 0018 00380240 		.word	1073887232
 678              		.cfi_endproc
 679              	.LFE147:
 681              		.section	.text.HAL_UART_MspInit,"ax",%progbits
 682              		.align	1
 683              		.global	HAL_UART_MspInit
 684              		.syntax unified
 685              		.thumb
 686              		.thumb_func
 687              		.fpu fpv5-d16
ARM GAS  /var/folders/_f/lv_lzyzs40z4gsrf231fdcyh0000gn/T//cckCZp6j.s 			page 19


 689              	HAL_UART_MspInit:
 690              	.LFB148:
 344:Src/stm32f7xx_hal_msp.c **** 
 345:Src/stm32f7xx_hal_msp.c **** void HAL_UART_MspInit(UART_HandleTypeDef* huart)
 346:Src/stm32f7xx_hal_msp.c **** {
 691              		.loc 1 346 0
 692              		.cfi_startproc
 693              		@ args = 0, pretend = 0, frame = 24
 694              		@ frame_needed = 0, uses_anonymous_args = 0
 695              	.LVL41:
 347:Src/stm32f7xx_hal_msp.c **** 
 348:Src/stm32f7xx_hal_msp.c ****   GPIO_InitTypeDef GPIO_InitStruct;
 349:Src/stm32f7xx_hal_msp.c ****   if(huart->Instance==UART4)
 696              		.loc 1 349 0
 697 0000 0268     		ldr	r2, [r0]
 698 0002 104B     		ldr	r3, .L76
 699 0004 9A42     		cmp	r2, r3
 700 0006 00D0     		beq	.L75
 701 0008 7047     		bx	lr
 702              	.L75:
 346:Src/stm32f7xx_hal_msp.c **** 
 703              		.loc 1 346 0
 704 000a 00B5     		push	{lr}
 705              	.LCFI18:
 706              		.cfi_def_cfa_offset 4
 707              		.cfi_offset 14, -4
 708 000c 87B0     		sub	sp, sp, #28
 709              	.LCFI19:
 710              		.cfi_def_cfa_offset 32
 711              	.LBB8:
 350:Src/stm32f7xx_hal_msp.c ****   {
 351:Src/stm32f7xx_hal_msp.c ****   /* USER CODE BEGIN UART4_MspInit 0 */
 352:Src/stm32f7xx_hal_msp.c **** 
 353:Src/stm32f7xx_hal_msp.c ****   /* USER CODE END UART4_MspInit 0 */
 354:Src/stm32f7xx_hal_msp.c ****     /* Peripheral clock enable */
 355:Src/stm32f7xx_hal_msp.c ****     __HAL_RCC_UART4_CLK_ENABLE();
 712              		.loc 1 355 0
 713 000e 03F5F633 		add	r3, r3, #125952
 714 0012 1A6C     		ldr	r2, [r3, #64]
 715 0014 42F40022 		orr	r2, r2, #524288
 716 0018 1A64     		str	r2, [r3, #64]
 717 001a 1B6C     		ldr	r3, [r3, #64]
 718 001c 03F40023 		and	r3, r3, #524288
 719 0020 0093     		str	r3, [sp]
 720 0022 009B     		ldr	r3, [sp]
 721              	.LBE8:
 356:Src/stm32f7xx_hal_msp.c ****   
 357:Src/stm32f7xx_hal_msp.c ****     /**UART4 GPIO Configuration    
 358:Src/stm32f7xx_hal_msp.c ****     PA0/WKUP     ------> UART4_TX
 359:Src/stm32f7xx_hal_msp.c ****     PA1     ------> UART4_RX 
 360:Src/stm32f7xx_hal_msp.c ****     */
 361:Src/stm32f7xx_hal_msp.c ****     GPIO_InitStruct.Pin = GPIO_PIN_0|GPIO_PIN_1;
 722              		.loc 1 361 0
 723 0024 0323     		movs	r3, #3
 724 0026 0193     		str	r3, [sp, #4]
 362:Src/stm32f7xx_hal_msp.c ****     GPIO_InitStruct.Mode = GPIO_MODE_AF_PP;
 725              		.loc 1 362 0
ARM GAS  /var/folders/_f/lv_lzyzs40z4gsrf231fdcyh0000gn/T//cckCZp6j.s 			page 20


 726 0028 0222     		movs	r2, #2
 727 002a 0292     		str	r2, [sp, #8]
 363:Src/stm32f7xx_hal_msp.c ****     GPIO_InitStruct.Pull = GPIO_NOPULL;
 728              		.loc 1 363 0
 729 002c 0022     		movs	r2, #0
 730 002e 0392     		str	r2, [sp, #12]
 364:Src/stm32f7xx_hal_msp.c ****     GPIO_InitStruct.Speed = GPIO_SPEED_FREQ_VERY_HIGH;
 731              		.loc 1 364 0
 732 0030 0493     		str	r3, [sp, #16]
 365:Src/stm32f7xx_hal_msp.c ****     GPIO_InitStruct.Alternate = GPIO_AF8_UART4;
 733              		.loc 1 365 0
 734 0032 0823     		movs	r3, #8
 735 0034 0593     		str	r3, [sp, #20]
 366:Src/stm32f7xx_hal_msp.c ****     HAL_GPIO_Init(GPIOA, &GPIO_InitStruct);
 736              		.loc 1 366 0
 737 0036 01A9     		add	r1, sp, #4
 738 0038 0348     		ldr	r0, .L76+4
 739              	.LVL42:
 740 003a FFF7FEFF 		bl	HAL_GPIO_Init
 741              	.LVL43:
 367:Src/stm32f7xx_hal_msp.c **** 
 368:Src/stm32f7xx_hal_msp.c ****   /* USER CODE BEGIN UART4_MspInit 1 */
 369:Src/stm32f7xx_hal_msp.c **** 
 370:Src/stm32f7xx_hal_msp.c ****   /* USER CODE END UART4_MspInit 1 */
 371:Src/stm32f7xx_hal_msp.c ****   }
 372:Src/stm32f7xx_hal_msp.c **** 
 373:Src/stm32f7xx_hal_msp.c **** }
 742              		.loc 1 373 0
 743 003e 07B0     		add	sp, sp, #28
 744              	.LCFI20:
 745              		.cfi_def_cfa_offset 4
 746              		@ sp needed
 747 0040 5DF804FB 		ldr	pc, [sp], #4
 748              	.L77:
 749              		.align	2
 750              	.L76:
 751 0044 004C0040 		.word	1073761280
 752 0048 00000240 		.word	1073872896
 753              		.cfi_endproc
 754              	.LFE148:
 756              		.section	.text.HAL_UART_MspDeInit,"ax",%progbits
 757              		.align	1
 758              		.global	HAL_UART_MspDeInit
 759              		.syntax unified
 760              		.thumb
 761              		.thumb_func
 762              		.fpu fpv5-d16
 764              	HAL_UART_MspDeInit:
 765              	.LFB149:
 374:Src/stm32f7xx_hal_msp.c **** 
 375:Src/stm32f7xx_hal_msp.c **** void HAL_UART_MspDeInit(UART_HandleTypeDef* huart)
 376:Src/stm32f7xx_hal_msp.c **** {
 766              		.loc 1 376 0
 767              		.cfi_startproc
 768              		@ args = 0, pretend = 0, frame = 0
 769              		@ frame_needed = 0, uses_anonymous_args = 0
 770              	.LVL44:
ARM GAS  /var/folders/_f/lv_lzyzs40z4gsrf231fdcyh0000gn/T//cckCZp6j.s 			page 21


 771 0000 08B5     		push	{r3, lr}
 772              	.LCFI21:
 773              		.cfi_def_cfa_offset 8
 774              		.cfi_offset 3, -8
 775              		.cfi_offset 14, -4
 377:Src/stm32f7xx_hal_msp.c **** 
 378:Src/stm32f7xx_hal_msp.c ****   if(huart->Instance==UART4)
 776              		.loc 1 378 0
 777 0002 0268     		ldr	r2, [r0]
 778 0004 064B     		ldr	r3, .L82
 779 0006 9A42     		cmp	r2, r3
 780 0008 00D0     		beq	.L81
 781              	.LVL45:
 782              	.L78:
 379:Src/stm32f7xx_hal_msp.c ****   {
 380:Src/stm32f7xx_hal_msp.c ****   /* USER CODE BEGIN UART4_MspDeInit 0 */
 381:Src/stm32f7xx_hal_msp.c **** 
 382:Src/stm32f7xx_hal_msp.c ****   /* USER CODE END UART4_MspDeInit 0 */
 383:Src/stm32f7xx_hal_msp.c ****     /* Peripheral clock disable */
 384:Src/stm32f7xx_hal_msp.c ****     __HAL_RCC_UART4_CLK_DISABLE();
 385:Src/stm32f7xx_hal_msp.c ****   
 386:Src/stm32f7xx_hal_msp.c ****     /**UART4 GPIO Configuration    
 387:Src/stm32f7xx_hal_msp.c ****     PA0/WKUP     ------> UART4_TX
 388:Src/stm32f7xx_hal_msp.c ****     PA1     ------> UART4_RX 
 389:Src/stm32f7xx_hal_msp.c ****     */
 390:Src/stm32f7xx_hal_msp.c ****     HAL_GPIO_DeInit(GPIOA, GPIO_PIN_0|GPIO_PIN_1);
 391:Src/stm32f7xx_hal_msp.c **** 
 392:Src/stm32f7xx_hal_msp.c ****   /* USER CODE BEGIN UART4_MspDeInit 1 */
 393:Src/stm32f7xx_hal_msp.c **** 
 394:Src/stm32f7xx_hal_msp.c ****   /* USER CODE END UART4_MspDeInit 1 */
 395:Src/stm32f7xx_hal_msp.c ****   }
 396:Src/stm32f7xx_hal_msp.c **** 
 397:Src/stm32f7xx_hal_msp.c **** }
 783              		.loc 1 397 0
 784 000a 08BD     		pop	{r3, pc}
 785              	.LVL46:
 786              	.L81:
 384:Src/stm32f7xx_hal_msp.c ****   
 787              		.loc 1 384 0
 788 000c 054A     		ldr	r2, .L82+4
 789 000e 136C     		ldr	r3, [r2, #64]
 790 0010 23F40023 		bic	r3, r3, #524288
 791 0014 1364     		str	r3, [r2, #64]
 390:Src/stm32f7xx_hal_msp.c **** 
 792              		.loc 1 390 0
 793 0016 0321     		movs	r1, #3
 794 0018 0348     		ldr	r0, .L82+8
 795              	.LVL47:
 796 001a FFF7FEFF 		bl	HAL_GPIO_DeInit
 797              	.LVL48:
 798              		.loc 1 397 0
 799 001e F4E7     		b	.L78
 800              	.L83:
 801              		.align	2
 802              	.L82:
 803 0020 004C0040 		.word	1073761280
 804 0024 00380240 		.word	1073887232
ARM GAS  /var/folders/_f/lv_lzyzs40z4gsrf231fdcyh0000gn/T//cckCZp6j.s 			page 22


 805 0028 00000240 		.word	1073872896
 806              		.cfi_endproc
 807              	.LFE149:
 809              		.text
 810              	.Letext0:
 811              		.file 2 "/Users/Richard/bin/arm/gcc-arm-none-eabi-7-2017-q4-major/arm-none-eabi/include/machine/_d
 812              		.file 3 "/Users/Richard/bin/arm/gcc-arm-none-eabi-7-2017-q4-major/arm-none-eabi/include/sys/_stdin
 813              		.file 4 "Drivers/CMSIS/Include/core_cm7.h"
 814              		.file 5 "Drivers/CMSIS/Device/ST/STM32F7xx/Include/system_stm32f7xx.h"
 815              		.file 6 "Drivers/CMSIS/Device/ST/STM32F7xx/Include/stm32f767xx.h"
 816              		.file 7 "Drivers/CMSIS/Device/ST/STM32F7xx/Include/stm32f7xx.h"
 817              		.file 8 "/Users/Richard/bin/arm/gcc-arm-none-eabi-7-2017-q4-major/arm-none-eabi/include/sys/lock.h
 818              		.file 9 "/Users/Richard/bin/arm/gcc-arm-none-eabi-7-2017-q4-major/arm-none-eabi/include/sys/_types
 819              		.file 10 "/Users/Richard/bin/arm/gcc-arm-none-eabi-7-2017-q4-major/lib/gcc/arm-none-eabi/7.2.1/inc
 820              		.file 11 "/Users/Richard/bin/arm/gcc-arm-none-eabi-7-2017-q4-major/arm-none-eabi/include/sys/reent
 821              		.file 12 "Drivers/STM32F7xx_HAL_Driver/Inc/stm32f7xx_hal_def.h"
 822              		.file 13 "Drivers/STM32F7xx_HAL_Driver/Inc/stm32f7xx_hal_gpio.h"
 823              		.file 14 "Drivers/STM32F7xx_HAL_Driver/Inc/stm32f7xx_hal_dma.h"
 824              		.file 15 "Drivers/STM32F7xx_HAL_Driver/Inc/stm32f7xx_hal_adc.h"
 825              		.file 16 "Drivers/STM32F7xx_HAL_Driver/Inc/stm32f7xx_hal_can.h"
 826              		.file 17 "Drivers/STM32F7xx_HAL_Driver/Inc/stm32f7xx_hal_i2c.h"
 827              		.file 18 "Drivers/STM32F7xx_HAL_Driver/Inc/stm32f7xx_hal_tim.h"
 828              		.file 19 "Drivers/STM32F7xx_HAL_Driver/Inc/stm32f7xx_hal_uart.h"
 829              		.file 20 "Drivers/STM32F7xx_HAL_Driver/Inc/stm32f7xx_hal_cortex.h"
ARM GAS  /var/folders/_f/lv_lzyzs40z4gsrf231fdcyh0000gn/T//cckCZp6j.s 			page 23


DEFINED SYMBOLS
                            *ABS*:0000000000000000 stm32f7xx_hal_msp.c
/var/folders/_f/lv_lzyzs40z4gsrf231fdcyh0000gn/T//cckCZp6j.s:17     .text.HAL_MspInit:0000000000000000 $t
/var/folders/_f/lv_lzyzs40z4gsrf231fdcyh0000gn/T//cckCZp6j.s:24     .text.HAL_MspInit:0000000000000000 HAL_MspInit
/var/folders/_f/lv_lzyzs40z4gsrf231fdcyh0000gn/T//cckCZp6j.s:88     .text.HAL_ADC_MspInit:0000000000000000 $t
/var/folders/_f/lv_lzyzs40z4gsrf231fdcyh0000gn/T//cckCZp6j.s:95     .text.HAL_ADC_MspInit:0000000000000000 HAL_ADC_MspInit
/var/folders/_f/lv_lzyzs40z4gsrf231fdcyh0000gn/T//cckCZp6j.s:177    .text.HAL_ADC_MspInit:000000000000005c $d
/var/folders/_f/lv_lzyzs40z4gsrf231fdcyh0000gn/T//cckCZp6j.s:185    .text.HAL_ADC_MspDeInit:0000000000000000 $t
/var/folders/_f/lv_lzyzs40z4gsrf231fdcyh0000gn/T//cckCZp6j.s:192    .text.HAL_ADC_MspDeInit:0000000000000000 HAL_ADC_MspDeInit
/var/folders/_f/lv_lzyzs40z4gsrf231fdcyh0000gn/T//cckCZp6j.s:241    .text.HAL_ADC_MspDeInit:0000000000000030 $d
/var/folders/_f/lv_lzyzs40z4gsrf231fdcyh0000gn/T//cckCZp6j.s:250    .text.HAL_CAN_MspInit:0000000000000000 $t
/var/folders/_f/lv_lzyzs40z4gsrf231fdcyh0000gn/T//cckCZp6j.s:257    .text.HAL_CAN_MspInit:0000000000000000 HAL_CAN_MspInit
/var/folders/_f/lv_lzyzs40z4gsrf231fdcyh0000gn/T//cckCZp6j.s:340    .text.HAL_CAN_MspInit:000000000000006c $d
/var/folders/_f/lv_lzyzs40z4gsrf231fdcyh0000gn/T//cckCZp6j.s:346    .text.HAL_CAN_MspDeInit:0000000000000000 $t
/var/folders/_f/lv_lzyzs40z4gsrf231fdcyh0000gn/T//cckCZp6j.s:353    .text.HAL_CAN_MspDeInit:0000000000000000 HAL_CAN_MspDeInit
/var/folders/_f/lv_lzyzs40z4gsrf231fdcyh0000gn/T//cckCZp6j.s:400    .text.HAL_CAN_MspDeInit:0000000000000034 $d
/var/folders/_f/lv_lzyzs40z4gsrf231fdcyh0000gn/T//cckCZp6j.s:406    .text.HAL_I2C_MspInit:0000000000000000 $t
/var/folders/_f/lv_lzyzs40z4gsrf231fdcyh0000gn/T//cckCZp6j.s:413    .text.HAL_I2C_MspInit:0000000000000000 HAL_I2C_MspInit
/var/folders/_f/lv_lzyzs40z4gsrf231fdcyh0000gn/T//cckCZp6j.s:476    .text.HAL_I2C_MspInit:0000000000000048 $d
/var/folders/_f/lv_lzyzs40z4gsrf231fdcyh0000gn/T//cckCZp6j.s:483    .text.HAL_I2C_MspDeInit:0000000000000000 $t
/var/folders/_f/lv_lzyzs40z4gsrf231fdcyh0000gn/T//cckCZp6j.s:490    .text.HAL_I2C_MspDeInit:0000000000000000 HAL_I2C_MspDeInit
/var/folders/_f/lv_lzyzs40z4gsrf231fdcyh0000gn/T//cckCZp6j.s:529    .text.HAL_I2C_MspDeInit:0000000000000024 $d
/var/folders/_f/lv_lzyzs40z4gsrf231fdcyh0000gn/T//cckCZp6j.s:536    .text.HAL_TIM_PWM_MspInit:0000000000000000 $t
/var/folders/_f/lv_lzyzs40z4gsrf231fdcyh0000gn/T//cckCZp6j.s:543    .text.HAL_TIM_PWM_MspInit:0000000000000000 HAL_TIM_PWM_MspInit
/var/folders/_f/lv_lzyzs40z4gsrf231fdcyh0000gn/T//cckCZp6j.s:582    .text.HAL_TIM_MspPostInit:0000000000000000 $t
/var/folders/_f/lv_lzyzs40z4gsrf231fdcyh0000gn/T//cckCZp6j.s:589    .text.HAL_TIM_MspPostInit:0000000000000000 HAL_TIM_MspPostInit
/var/folders/_f/lv_lzyzs40z4gsrf231fdcyh0000gn/T//cckCZp6j.s:639    .text.HAL_TIM_MspPostInit:0000000000000030 $d
/var/folders/_f/lv_lzyzs40z4gsrf231fdcyh0000gn/T//cckCZp6j.s:644    .text.HAL_TIM_PWM_MspDeInit:0000000000000000 $t
/var/folders/_f/lv_lzyzs40z4gsrf231fdcyh0000gn/T//cckCZp6j.s:651    .text.HAL_TIM_PWM_MspDeInit:0000000000000000 HAL_TIM_PWM_MspDeInit
/var/folders/_f/lv_lzyzs40z4gsrf231fdcyh0000gn/T//cckCZp6j.s:677    .text.HAL_TIM_PWM_MspDeInit:0000000000000018 $d
/var/folders/_f/lv_lzyzs40z4gsrf231fdcyh0000gn/T//cckCZp6j.s:682    .text.HAL_UART_MspInit:0000000000000000 $t
/var/folders/_f/lv_lzyzs40z4gsrf231fdcyh0000gn/T//cckCZp6j.s:689    .text.HAL_UART_MspInit:0000000000000000 HAL_UART_MspInit
/var/folders/_f/lv_lzyzs40z4gsrf231fdcyh0000gn/T//cckCZp6j.s:751    .text.HAL_UART_MspInit:0000000000000044 $d
/var/folders/_f/lv_lzyzs40z4gsrf231fdcyh0000gn/T//cckCZp6j.s:757    .text.HAL_UART_MspDeInit:0000000000000000 $t
/var/folders/_f/lv_lzyzs40z4gsrf231fdcyh0000gn/T//cckCZp6j.s:764    .text.HAL_UART_MspDeInit:0000000000000000 HAL_UART_MspDeInit
/var/folders/_f/lv_lzyzs40z4gsrf231fdcyh0000gn/T//cckCZp6j.s:803    .text.HAL_UART_MspDeInit:0000000000000020 $d

UNDEFINED SYMBOLS
HAL_NVIC_SetPriorityGrouping
HAL_NVIC_SetPriority
HAL_GPIO_Init
HAL_GPIO_DeInit
