ARM GAS  /var/folders/_f/lv_lzyzs40z4gsrf231fdcyh0000gn/T//ccAnBAmv.s 			page 1


   1              		.cpu cortex-m7
   2              		.eabi_attribute 28, 1
   3              		.eabi_attribute 20, 1
   4              		.eabi_attribute 21, 1
   5              		.eabi_attribute 23, 3
   6              		.eabi_attribute 24, 1
   7              		.eabi_attribute 25, 1
   8              		.eabi_attribute 26, 1
   9              		.eabi_attribute 30, 1
  10              		.eabi_attribute 34, 1
  11              		.eabi_attribute 18, 4
  12              		.file	"stm32f7xx_hal_gpio.c"
  13              		.text
  14              	.Ltext0:
  15              		.cfi_sections	.debug_frame
  16              		.section	.text.HAL_GPIO_Init,"ax",%progbits
  17              		.align	1
  18              		.global	HAL_GPIO_Init
  19              		.syntax unified
  20              		.thumb
  21              		.thumb_func
  22              		.fpu fpv5-d16
  24              	HAL_GPIO_Init:
  25              	.LFB138:
  26              		.file 1 "Drivers/STM32F7xx_HAL_Driver/Src/stm32f7xx_hal_gpio.c"
   1:Drivers/STM32F7xx_HAL_Driver/Src/stm32f7xx_hal_gpio.c **** /**
   2:Drivers/STM32F7xx_HAL_Driver/Src/stm32f7xx_hal_gpio.c ****   ******************************************************************************
   3:Drivers/STM32F7xx_HAL_Driver/Src/stm32f7xx_hal_gpio.c ****   * @file    stm32f7xx_hal_gpio.c
   4:Drivers/STM32F7xx_HAL_Driver/Src/stm32f7xx_hal_gpio.c ****   * @author  MCD Application Team
   5:Drivers/STM32F7xx_HAL_Driver/Src/stm32f7xx_hal_gpio.c ****   * @brief   GPIO HAL module driver.
   6:Drivers/STM32F7xx_HAL_Driver/Src/stm32f7xx_hal_gpio.c ****   *          This file provides firmware functions to manage the following 
   7:Drivers/STM32F7xx_HAL_Driver/Src/stm32f7xx_hal_gpio.c ****   *          functionalities of the General Purpose Input/Output (GPIO) peripheral:
   8:Drivers/STM32F7xx_HAL_Driver/Src/stm32f7xx_hal_gpio.c ****   *           + Initialization and de-initialization functions
   9:Drivers/STM32F7xx_HAL_Driver/Src/stm32f7xx_hal_gpio.c ****   *           + IO operation functions
  10:Drivers/STM32F7xx_HAL_Driver/Src/stm32f7xx_hal_gpio.c ****   *
  11:Drivers/STM32F7xx_HAL_Driver/Src/stm32f7xx_hal_gpio.c ****   @verbatim
  12:Drivers/STM32F7xx_HAL_Driver/Src/stm32f7xx_hal_gpio.c ****   ==============================================================================
  13:Drivers/STM32F7xx_HAL_Driver/Src/stm32f7xx_hal_gpio.c ****                     ##### GPIO Peripheral features #####
  14:Drivers/STM32F7xx_HAL_Driver/Src/stm32f7xx_hal_gpio.c ****   ==============================================================================
  15:Drivers/STM32F7xx_HAL_Driver/Src/stm32f7xx_hal_gpio.c ****   [..] 
  16:Drivers/STM32F7xx_HAL_Driver/Src/stm32f7xx_hal_gpio.c ****   Subject to the specific hardware characteristics of each I/O port listed in the datasheet, each
  17:Drivers/STM32F7xx_HAL_Driver/Src/stm32f7xx_hal_gpio.c ****   port bit of the General Purpose IO (GPIO) Ports, can be individually configured by software
  18:Drivers/STM32F7xx_HAL_Driver/Src/stm32f7xx_hal_gpio.c ****   in several modes:
  19:Drivers/STM32F7xx_HAL_Driver/Src/stm32f7xx_hal_gpio.c ****   (+) Input mode 
  20:Drivers/STM32F7xx_HAL_Driver/Src/stm32f7xx_hal_gpio.c ****   (+) Analog mode
  21:Drivers/STM32F7xx_HAL_Driver/Src/stm32f7xx_hal_gpio.c ****   (+) Output mode
  22:Drivers/STM32F7xx_HAL_Driver/Src/stm32f7xx_hal_gpio.c ****   (+) Alternate function mode
  23:Drivers/STM32F7xx_HAL_Driver/Src/stm32f7xx_hal_gpio.c ****   (+) External interrupt/event lines
  24:Drivers/STM32F7xx_HAL_Driver/Src/stm32f7xx_hal_gpio.c **** 
  25:Drivers/STM32F7xx_HAL_Driver/Src/stm32f7xx_hal_gpio.c ****   [..]  
  26:Drivers/STM32F7xx_HAL_Driver/Src/stm32f7xx_hal_gpio.c ****   During and just after reset, the alternate functions and external interrupt  
  27:Drivers/STM32F7xx_HAL_Driver/Src/stm32f7xx_hal_gpio.c ****   lines are not active and the I/O ports are configured in input floating mode.
  28:Drivers/STM32F7xx_HAL_Driver/Src/stm32f7xx_hal_gpio.c ****   
  29:Drivers/STM32F7xx_HAL_Driver/Src/stm32f7xx_hal_gpio.c ****   [..]   
  30:Drivers/STM32F7xx_HAL_Driver/Src/stm32f7xx_hal_gpio.c ****   All GPIO pins have weak internal pull-up and pull-down resistors, which can be 
  31:Drivers/STM32F7xx_HAL_Driver/Src/stm32f7xx_hal_gpio.c ****   activated or not.
  32:Drivers/STM32F7xx_HAL_Driver/Src/stm32f7xx_hal_gpio.c **** 
ARM GAS  /var/folders/_f/lv_lzyzs40z4gsrf231fdcyh0000gn/T//ccAnBAmv.s 			page 2


  33:Drivers/STM32F7xx_HAL_Driver/Src/stm32f7xx_hal_gpio.c ****   [..]
  34:Drivers/STM32F7xx_HAL_Driver/Src/stm32f7xx_hal_gpio.c ****   In Output or Alternate mode, each IO can be configured on open-drain or push-pull
  35:Drivers/STM32F7xx_HAL_Driver/Src/stm32f7xx_hal_gpio.c ****   type and the IO speed can be selected depending on the VDD value.
  36:Drivers/STM32F7xx_HAL_Driver/Src/stm32f7xx_hal_gpio.c **** 
  37:Drivers/STM32F7xx_HAL_Driver/Src/stm32f7xx_hal_gpio.c ****   [..]  
  38:Drivers/STM32F7xx_HAL_Driver/Src/stm32f7xx_hal_gpio.c ****   All ports have external interrupt/event capability. To use external interrupt 
  39:Drivers/STM32F7xx_HAL_Driver/Src/stm32f7xx_hal_gpio.c ****   lines, the port must be configured in input mode. All available GPIO pins are 
  40:Drivers/STM32F7xx_HAL_Driver/Src/stm32f7xx_hal_gpio.c ****   connected to the 16 external interrupt/event lines from EXTI0 to EXTI15.
  41:Drivers/STM32F7xx_HAL_Driver/Src/stm32f7xx_hal_gpio.c ****   
  42:Drivers/STM32F7xx_HAL_Driver/Src/stm32f7xx_hal_gpio.c ****   [..]
  43:Drivers/STM32F7xx_HAL_Driver/Src/stm32f7xx_hal_gpio.c ****   The external interrupt/event controller consists of up to 23 edge detectors 
  44:Drivers/STM32F7xx_HAL_Driver/Src/stm32f7xx_hal_gpio.c ****   (16 lines are connected to GPIO) for generating event/interrupt requests (each 
  45:Drivers/STM32F7xx_HAL_Driver/Src/stm32f7xx_hal_gpio.c ****   input line can be independently configured to select the type (interrupt or event) 
  46:Drivers/STM32F7xx_HAL_Driver/Src/stm32f7xx_hal_gpio.c ****   and the corresponding trigger event (rising or falling or both). Each line can 
  47:Drivers/STM32F7xx_HAL_Driver/Src/stm32f7xx_hal_gpio.c ****   also be masked independently. 
  48:Drivers/STM32F7xx_HAL_Driver/Src/stm32f7xx_hal_gpio.c **** 
  49:Drivers/STM32F7xx_HAL_Driver/Src/stm32f7xx_hal_gpio.c ****                      ##### How to use this driver #####
  50:Drivers/STM32F7xx_HAL_Driver/Src/stm32f7xx_hal_gpio.c ****   ==============================================================================  
  51:Drivers/STM32F7xx_HAL_Driver/Src/stm32f7xx_hal_gpio.c ****   [..]
  52:Drivers/STM32F7xx_HAL_Driver/Src/stm32f7xx_hal_gpio.c ****     (#) Enable the GPIO AHB clock using the following function: __HAL_RCC_GPIOx_CLK_ENABLE(). 
  53:Drivers/STM32F7xx_HAL_Driver/Src/stm32f7xx_hal_gpio.c **** 
  54:Drivers/STM32F7xx_HAL_Driver/Src/stm32f7xx_hal_gpio.c ****     (#) Configure the GPIO pin(s) using HAL_GPIO_Init().
  55:Drivers/STM32F7xx_HAL_Driver/Src/stm32f7xx_hal_gpio.c ****         (++) Configure the IO mode using "Mode" member from GPIO_InitTypeDef structure
  56:Drivers/STM32F7xx_HAL_Driver/Src/stm32f7xx_hal_gpio.c ****         (++) Activate Pull-up, Pull-down resistor using "Pull" member from GPIO_InitTypeDef 
  57:Drivers/STM32F7xx_HAL_Driver/Src/stm32f7xx_hal_gpio.c ****              structure.
  58:Drivers/STM32F7xx_HAL_Driver/Src/stm32f7xx_hal_gpio.c ****         (++) In case of Output or alternate function mode selection: the speed is 
  59:Drivers/STM32F7xx_HAL_Driver/Src/stm32f7xx_hal_gpio.c ****              configured through "Speed" member from GPIO_InitTypeDef structure.
  60:Drivers/STM32F7xx_HAL_Driver/Src/stm32f7xx_hal_gpio.c ****         (++) In alternate mode is selection, the alternate function connected to the IO
  61:Drivers/STM32F7xx_HAL_Driver/Src/stm32f7xx_hal_gpio.c ****              is configured through "Alternate" member from GPIO_InitTypeDef structure.
  62:Drivers/STM32F7xx_HAL_Driver/Src/stm32f7xx_hal_gpio.c ****         (++) Analog mode is required when a pin is to be used as ADC channel 
  63:Drivers/STM32F7xx_HAL_Driver/Src/stm32f7xx_hal_gpio.c ****              or DAC output.
  64:Drivers/STM32F7xx_HAL_Driver/Src/stm32f7xx_hal_gpio.c ****         (++) In case of external interrupt/event selection the "Mode" member from 
  65:Drivers/STM32F7xx_HAL_Driver/Src/stm32f7xx_hal_gpio.c ****              GPIO_InitTypeDef structure select the type (interrupt or event) and 
  66:Drivers/STM32F7xx_HAL_Driver/Src/stm32f7xx_hal_gpio.c ****              the corresponding trigger event (rising or falling or both).
  67:Drivers/STM32F7xx_HAL_Driver/Src/stm32f7xx_hal_gpio.c **** 
  68:Drivers/STM32F7xx_HAL_Driver/Src/stm32f7xx_hal_gpio.c ****     (#) In case of external interrupt/event mode selection, configure NVIC IRQ priority 
  69:Drivers/STM32F7xx_HAL_Driver/Src/stm32f7xx_hal_gpio.c ****         mapped to the EXTI line using HAL_NVIC_SetPriority() and enable it using
  70:Drivers/STM32F7xx_HAL_Driver/Src/stm32f7xx_hal_gpio.c ****         HAL_NVIC_EnableIRQ().
  71:Drivers/STM32F7xx_HAL_Driver/Src/stm32f7xx_hal_gpio.c ****          
  72:Drivers/STM32F7xx_HAL_Driver/Src/stm32f7xx_hal_gpio.c ****     (#) To get the level of a pin configured in input mode use HAL_GPIO_ReadPin().
  73:Drivers/STM32F7xx_HAL_Driver/Src/stm32f7xx_hal_gpio.c ****             
  74:Drivers/STM32F7xx_HAL_Driver/Src/stm32f7xx_hal_gpio.c ****     (#) To set/reset the level of a pin configured in output mode use 
  75:Drivers/STM32F7xx_HAL_Driver/Src/stm32f7xx_hal_gpio.c ****         HAL_GPIO_WritePin()/HAL_GPIO_TogglePin().
  76:Drivers/STM32F7xx_HAL_Driver/Src/stm32f7xx_hal_gpio.c ****     
  77:Drivers/STM32F7xx_HAL_Driver/Src/stm32f7xx_hal_gpio.c ****     (#) To lock pin configuration until next reset use HAL_GPIO_LockPin().
  78:Drivers/STM32F7xx_HAL_Driver/Src/stm32f7xx_hal_gpio.c **** 
  79:Drivers/STM32F7xx_HAL_Driver/Src/stm32f7xx_hal_gpio.c ****                  
  80:Drivers/STM32F7xx_HAL_Driver/Src/stm32f7xx_hal_gpio.c ****     (#) During and just after reset, the alternate functions are not 
  81:Drivers/STM32F7xx_HAL_Driver/Src/stm32f7xx_hal_gpio.c ****         active and the GPIO pins are configured in input floating mode (except JTAG
  82:Drivers/STM32F7xx_HAL_Driver/Src/stm32f7xx_hal_gpio.c ****         pins).
  83:Drivers/STM32F7xx_HAL_Driver/Src/stm32f7xx_hal_gpio.c ****   
  84:Drivers/STM32F7xx_HAL_Driver/Src/stm32f7xx_hal_gpio.c ****     (#) The LSE oscillator pins OSC32_IN and OSC32_OUT can be used as general purpose 
  85:Drivers/STM32F7xx_HAL_Driver/Src/stm32f7xx_hal_gpio.c ****         (PC14 and PC15, respectively) when the LSE oscillator is off. The LSE has 
  86:Drivers/STM32F7xx_HAL_Driver/Src/stm32f7xx_hal_gpio.c ****         priority over the GPIO function.
  87:Drivers/STM32F7xx_HAL_Driver/Src/stm32f7xx_hal_gpio.c ****   
  88:Drivers/STM32F7xx_HAL_Driver/Src/stm32f7xx_hal_gpio.c ****     (#) The HSE oscillator pins OSC_IN/OSC_OUT can be used as 
  89:Drivers/STM32F7xx_HAL_Driver/Src/stm32f7xx_hal_gpio.c ****         general purpose PH0 and PH1, respectively, when the HSE oscillator is off. 
ARM GAS  /var/folders/_f/lv_lzyzs40z4gsrf231fdcyh0000gn/T//ccAnBAmv.s 			page 3


  90:Drivers/STM32F7xx_HAL_Driver/Src/stm32f7xx_hal_gpio.c ****         The HSE has priority over the GPIO function.
  91:Drivers/STM32F7xx_HAL_Driver/Src/stm32f7xx_hal_gpio.c ****   
  92:Drivers/STM32F7xx_HAL_Driver/Src/stm32f7xx_hal_gpio.c ****   @endverbatim
  93:Drivers/STM32F7xx_HAL_Driver/Src/stm32f7xx_hal_gpio.c ****   ******************************************************************************
  94:Drivers/STM32F7xx_HAL_Driver/Src/stm32f7xx_hal_gpio.c ****   * @attention
  95:Drivers/STM32F7xx_HAL_Driver/Src/stm32f7xx_hal_gpio.c ****   *
  96:Drivers/STM32F7xx_HAL_Driver/Src/stm32f7xx_hal_gpio.c ****   * <h2><center>&copy; COPYRIGHT(c) 2017 STMicroelectronics</center></h2>
  97:Drivers/STM32F7xx_HAL_Driver/Src/stm32f7xx_hal_gpio.c ****   *
  98:Drivers/STM32F7xx_HAL_Driver/Src/stm32f7xx_hal_gpio.c ****   * Redistribution and use in source and binary forms, with or without modification,
  99:Drivers/STM32F7xx_HAL_Driver/Src/stm32f7xx_hal_gpio.c ****   * are permitted provided that the following conditions are met:
 100:Drivers/STM32F7xx_HAL_Driver/Src/stm32f7xx_hal_gpio.c ****   *   1. Redistributions of source code must retain the above copyright notice,
 101:Drivers/STM32F7xx_HAL_Driver/Src/stm32f7xx_hal_gpio.c ****   *      this list of conditions and the following disclaimer.
 102:Drivers/STM32F7xx_HAL_Driver/Src/stm32f7xx_hal_gpio.c ****   *   2. Redistributions in binary form must reproduce the above copyright notice,
 103:Drivers/STM32F7xx_HAL_Driver/Src/stm32f7xx_hal_gpio.c ****   *      this list of conditions and the following disclaimer in the documentation
 104:Drivers/STM32F7xx_HAL_Driver/Src/stm32f7xx_hal_gpio.c ****   *      and/or other materials provided with the distribution.
 105:Drivers/STM32F7xx_HAL_Driver/Src/stm32f7xx_hal_gpio.c ****   *   3. Neither the name of STMicroelectronics nor the names of its contributors
 106:Drivers/STM32F7xx_HAL_Driver/Src/stm32f7xx_hal_gpio.c ****   *      may be used to endorse or promote products derived from this software
 107:Drivers/STM32F7xx_HAL_Driver/Src/stm32f7xx_hal_gpio.c ****   *      without specific prior written permission.
 108:Drivers/STM32F7xx_HAL_Driver/Src/stm32f7xx_hal_gpio.c ****   *
 109:Drivers/STM32F7xx_HAL_Driver/Src/stm32f7xx_hal_gpio.c ****   * THIS SOFTWARE IS PROVIDED BY THE COPYRIGHT HOLDERS AND CONTRIBUTORS "AS IS"
 110:Drivers/STM32F7xx_HAL_Driver/Src/stm32f7xx_hal_gpio.c ****   * AND ANY EXPRESS OR IMPLIED WARRANTIES, INCLUDING, BUT NOT LIMITED TO, THE
 111:Drivers/STM32F7xx_HAL_Driver/Src/stm32f7xx_hal_gpio.c ****   * IMPLIED WARRANTIES OF MERCHANTABILITY AND FITNESS FOR A PARTICULAR PURPOSE ARE
 112:Drivers/STM32F7xx_HAL_Driver/Src/stm32f7xx_hal_gpio.c ****   * DISCLAIMED. IN NO EVENT SHALL THE COPYRIGHT HOLDER OR CONTRIBUTORS BE LIABLE
 113:Drivers/STM32F7xx_HAL_Driver/Src/stm32f7xx_hal_gpio.c ****   * FOR ANY DIRECT, INDIRECT, INCIDENTAL, SPECIAL, EXEMPLARY, OR CONSEQUENTIAL
 114:Drivers/STM32F7xx_HAL_Driver/Src/stm32f7xx_hal_gpio.c ****   * DAMAGES (INCLUDING, BUT NOT LIMITED TO, PROCUREMENT OF SUBSTITUTE GOODS OR
 115:Drivers/STM32F7xx_HAL_Driver/Src/stm32f7xx_hal_gpio.c ****   * SERVICES; LOSS OF USE, DATA, OR PROFITS; OR BUSINESS INTERRUPTION) HOWEVER
 116:Drivers/STM32F7xx_HAL_Driver/Src/stm32f7xx_hal_gpio.c ****   * CAUSED AND ON ANY THEORY OF LIABILITY, WHETHER IN CONTRACT, STRICT LIABILITY,
 117:Drivers/STM32F7xx_HAL_Driver/Src/stm32f7xx_hal_gpio.c ****   * OR TORT (INCLUDING NEGLIGENCE OR OTHERWISE) ARISING IN ANY WAY OUT OF THE USE
 118:Drivers/STM32F7xx_HAL_Driver/Src/stm32f7xx_hal_gpio.c ****   * OF THIS SOFTWARE, EVEN IF ADVISED OF THE POSSIBILITY OF SUCH DAMAGE.
 119:Drivers/STM32F7xx_HAL_Driver/Src/stm32f7xx_hal_gpio.c ****   *
 120:Drivers/STM32F7xx_HAL_Driver/Src/stm32f7xx_hal_gpio.c ****   ******************************************************************************
 121:Drivers/STM32F7xx_HAL_Driver/Src/stm32f7xx_hal_gpio.c ****   */ 
 122:Drivers/STM32F7xx_HAL_Driver/Src/stm32f7xx_hal_gpio.c **** 
 123:Drivers/STM32F7xx_HAL_Driver/Src/stm32f7xx_hal_gpio.c **** /* Includes ------------------------------------------------------------------*/
 124:Drivers/STM32F7xx_HAL_Driver/Src/stm32f7xx_hal_gpio.c **** #include "stm32f7xx_hal.h"
 125:Drivers/STM32F7xx_HAL_Driver/Src/stm32f7xx_hal_gpio.c **** 
 126:Drivers/STM32F7xx_HAL_Driver/Src/stm32f7xx_hal_gpio.c **** /** @addtogroup STM32F7xx_HAL_Driver
 127:Drivers/STM32F7xx_HAL_Driver/Src/stm32f7xx_hal_gpio.c ****   * @{
 128:Drivers/STM32F7xx_HAL_Driver/Src/stm32f7xx_hal_gpio.c ****   */
 129:Drivers/STM32F7xx_HAL_Driver/Src/stm32f7xx_hal_gpio.c **** 
 130:Drivers/STM32F7xx_HAL_Driver/Src/stm32f7xx_hal_gpio.c **** /** @defgroup GPIO GPIO
 131:Drivers/STM32F7xx_HAL_Driver/Src/stm32f7xx_hal_gpio.c ****   * @brief GPIO HAL module driver
 132:Drivers/STM32F7xx_HAL_Driver/Src/stm32f7xx_hal_gpio.c ****   * @{
 133:Drivers/STM32F7xx_HAL_Driver/Src/stm32f7xx_hal_gpio.c ****   */
 134:Drivers/STM32F7xx_HAL_Driver/Src/stm32f7xx_hal_gpio.c **** 
 135:Drivers/STM32F7xx_HAL_Driver/Src/stm32f7xx_hal_gpio.c **** #ifdef HAL_GPIO_MODULE_ENABLED
 136:Drivers/STM32F7xx_HAL_Driver/Src/stm32f7xx_hal_gpio.c **** 
 137:Drivers/STM32F7xx_HAL_Driver/Src/stm32f7xx_hal_gpio.c **** /* Private typedef -----------------------------------------------------------*/
 138:Drivers/STM32F7xx_HAL_Driver/Src/stm32f7xx_hal_gpio.c **** /* Private define ------------------------------------------------------------*/
 139:Drivers/STM32F7xx_HAL_Driver/Src/stm32f7xx_hal_gpio.c **** /** @addtogroup GPIO_Private_Constants GPIO Private Constants
 140:Drivers/STM32F7xx_HAL_Driver/Src/stm32f7xx_hal_gpio.c ****   * @{
 141:Drivers/STM32F7xx_HAL_Driver/Src/stm32f7xx_hal_gpio.c ****   */
 142:Drivers/STM32F7xx_HAL_Driver/Src/stm32f7xx_hal_gpio.c **** #define GPIO_MODE             ((uint32_t)0x00000003U)
 143:Drivers/STM32F7xx_HAL_Driver/Src/stm32f7xx_hal_gpio.c **** #define EXTI_MODE             ((uint32_t)0x10000000U)
 144:Drivers/STM32F7xx_HAL_Driver/Src/stm32f7xx_hal_gpio.c **** #define GPIO_MODE_IT          ((uint32_t)0x00010000U)
 145:Drivers/STM32F7xx_HAL_Driver/Src/stm32f7xx_hal_gpio.c **** #define GPIO_MODE_EVT         ((uint32_t)0x00020000U)
 146:Drivers/STM32F7xx_HAL_Driver/Src/stm32f7xx_hal_gpio.c **** #define RISING_EDGE           ((uint32_t)0x00100000U)
ARM GAS  /var/folders/_f/lv_lzyzs40z4gsrf231fdcyh0000gn/T//ccAnBAmv.s 			page 4


 147:Drivers/STM32F7xx_HAL_Driver/Src/stm32f7xx_hal_gpio.c **** #define FALLING_EDGE          ((uint32_t)0x00200000U)
 148:Drivers/STM32F7xx_HAL_Driver/Src/stm32f7xx_hal_gpio.c **** #define GPIO_OUTPUT_TYPE      ((uint32_t)0x00000010U)
 149:Drivers/STM32F7xx_HAL_Driver/Src/stm32f7xx_hal_gpio.c **** 
 150:Drivers/STM32F7xx_HAL_Driver/Src/stm32f7xx_hal_gpio.c **** #define GPIO_NUMBER           ((uint32_t)16U)
 151:Drivers/STM32F7xx_HAL_Driver/Src/stm32f7xx_hal_gpio.c **** /**
 152:Drivers/STM32F7xx_HAL_Driver/Src/stm32f7xx_hal_gpio.c ****   * @}
 153:Drivers/STM32F7xx_HAL_Driver/Src/stm32f7xx_hal_gpio.c ****   */
 154:Drivers/STM32F7xx_HAL_Driver/Src/stm32f7xx_hal_gpio.c **** /* Private macro -------------------------------------------------------------*/
 155:Drivers/STM32F7xx_HAL_Driver/Src/stm32f7xx_hal_gpio.c **** /* Private variables ---------------------------------------------------------*/
 156:Drivers/STM32F7xx_HAL_Driver/Src/stm32f7xx_hal_gpio.c **** /* Private function prototypes -----------------------------------------------*/
 157:Drivers/STM32F7xx_HAL_Driver/Src/stm32f7xx_hal_gpio.c **** /* Private functions ---------------------------------------------------------*/
 158:Drivers/STM32F7xx_HAL_Driver/Src/stm32f7xx_hal_gpio.c **** /* Exported functions --------------------------------------------------------*/
 159:Drivers/STM32F7xx_HAL_Driver/Src/stm32f7xx_hal_gpio.c **** /** @defgroup GPIO_Exported_Functions GPIO Exported Functions
 160:Drivers/STM32F7xx_HAL_Driver/Src/stm32f7xx_hal_gpio.c ****   * @{
 161:Drivers/STM32F7xx_HAL_Driver/Src/stm32f7xx_hal_gpio.c ****   */
 162:Drivers/STM32F7xx_HAL_Driver/Src/stm32f7xx_hal_gpio.c **** 
 163:Drivers/STM32F7xx_HAL_Driver/Src/stm32f7xx_hal_gpio.c **** /** @defgroup GPIO_Exported_Functions_Group1 Initialization and de-initialization functions
 164:Drivers/STM32F7xx_HAL_Driver/Src/stm32f7xx_hal_gpio.c ****  *  @brief    Initialization and Configuration functions
 165:Drivers/STM32F7xx_HAL_Driver/Src/stm32f7xx_hal_gpio.c ****  *
 166:Drivers/STM32F7xx_HAL_Driver/Src/stm32f7xx_hal_gpio.c **** @verbatim
 167:Drivers/STM32F7xx_HAL_Driver/Src/stm32f7xx_hal_gpio.c ****  ===============================================================================
 168:Drivers/STM32F7xx_HAL_Driver/Src/stm32f7xx_hal_gpio.c ****               ##### Initialization and de-initialization functions #####
 169:Drivers/STM32F7xx_HAL_Driver/Src/stm32f7xx_hal_gpio.c ****  ===============================================================================
 170:Drivers/STM32F7xx_HAL_Driver/Src/stm32f7xx_hal_gpio.c ****   [..]
 171:Drivers/STM32F7xx_HAL_Driver/Src/stm32f7xx_hal_gpio.c ****     This section provides functions allowing to initialize and de-initialize the GPIOs
 172:Drivers/STM32F7xx_HAL_Driver/Src/stm32f7xx_hal_gpio.c ****     to be ready for use.
 173:Drivers/STM32F7xx_HAL_Driver/Src/stm32f7xx_hal_gpio.c ****  
 174:Drivers/STM32F7xx_HAL_Driver/Src/stm32f7xx_hal_gpio.c **** @endverbatim
 175:Drivers/STM32F7xx_HAL_Driver/Src/stm32f7xx_hal_gpio.c ****   * @{
 176:Drivers/STM32F7xx_HAL_Driver/Src/stm32f7xx_hal_gpio.c ****   */
 177:Drivers/STM32F7xx_HAL_Driver/Src/stm32f7xx_hal_gpio.c **** 
 178:Drivers/STM32F7xx_HAL_Driver/Src/stm32f7xx_hal_gpio.c **** /**
 179:Drivers/STM32F7xx_HAL_Driver/Src/stm32f7xx_hal_gpio.c ****   * @brief  Initializes the GPIOx peripheral according to the specified parameters in the GPIO_Init
 180:Drivers/STM32F7xx_HAL_Driver/Src/stm32f7xx_hal_gpio.c ****   * @param  GPIOx where x can be (A..K) to select the GPIO peripheral.
 181:Drivers/STM32F7xx_HAL_Driver/Src/stm32f7xx_hal_gpio.c ****   * @param  GPIO_Init pointer to a GPIO_InitTypeDef structure that contains
 182:Drivers/STM32F7xx_HAL_Driver/Src/stm32f7xx_hal_gpio.c ****   *         the configuration information for the specified GPIO peripheral.
 183:Drivers/STM32F7xx_HAL_Driver/Src/stm32f7xx_hal_gpio.c ****   * @retval None
 184:Drivers/STM32F7xx_HAL_Driver/Src/stm32f7xx_hal_gpio.c ****   */
 185:Drivers/STM32F7xx_HAL_Driver/Src/stm32f7xx_hal_gpio.c **** void HAL_GPIO_Init(GPIO_TypeDef  *GPIOx, GPIO_InitTypeDef *GPIO_Init)
 186:Drivers/STM32F7xx_HAL_Driver/Src/stm32f7xx_hal_gpio.c **** {
  27              		.loc 1 186 0
  28              		.cfi_startproc
  29              		@ args = 0, pretend = 0, frame = 8
  30              		@ frame_needed = 0, uses_anonymous_args = 0
  31              		@ link register save eliminated.
  32              	.LVL0:
 187:Drivers/STM32F7xx_HAL_Driver/Src/stm32f7xx_hal_gpio.c ****   uint32_t position = 0x00;
 188:Drivers/STM32F7xx_HAL_Driver/Src/stm32f7xx_hal_gpio.c ****   uint32_t ioposition = 0x00;
 189:Drivers/STM32F7xx_HAL_Driver/Src/stm32f7xx_hal_gpio.c ****   uint32_t iocurrent = 0x00;
 190:Drivers/STM32F7xx_HAL_Driver/Src/stm32f7xx_hal_gpio.c ****   uint32_t temp = 0x00;
 191:Drivers/STM32F7xx_HAL_Driver/Src/stm32f7xx_hal_gpio.c **** 
 192:Drivers/STM32F7xx_HAL_Driver/Src/stm32f7xx_hal_gpio.c ****   /* Check the parameters */
 193:Drivers/STM32F7xx_HAL_Driver/Src/stm32f7xx_hal_gpio.c ****   assert_param(IS_GPIO_ALL_INSTANCE(GPIOx));
 194:Drivers/STM32F7xx_HAL_Driver/Src/stm32f7xx_hal_gpio.c ****   assert_param(IS_GPIO_PIN(GPIO_Init->Pin));
 195:Drivers/STM32F7xx_HAL_Driver/Src/stm32f7xx_hal_gpio.c ****   assert_param(IS_GPIO_MODE(GPIO_Init->Mode));
 196:Drivers/STM32F7xx_HAL_Driver/Src/stm32f7xx_hal_gpio.c ****   assert_param(IS_GPIO_PULL(GPIO_Init->Pull));
 197:Drivers/STM32F7xx_HAL_Driver/Src/stm32f7xx_hal_gpio.c **** 
ARM GAS  /var/folders/_f/lv_lzyzs40z4gsrf231fdcyh0000gn/T//ccAnBAmv.s 			page 5


 198:Drivers/STM32F7xx_HAL_Driver/Src/stm32f7xx_hal_gpio.c ****   /* Configure the port pins */
 199:Drivers/STM32F7xx_HAL_Driver/Src/stm32f7xx_hal_gpio.c ****   for(position = 0; position < GPIO_NUMBER; position++)
  33              		.loc 1 199 0
  34 0000 0023     		movs	r3, #0
  35              	.LVL1:
  36 0002 0F2B     		cmp	r3, #15
  37 0004 00F2E280 		bhi	.L26
 186:Drivers/STM32F7xx_HAL_Driver/Src/stm32f7xx_hal_gpio.c ****   uint32_t position = 0x00;
  38              		.loc 1 186 0
  39 0008 F0B4     		push	{r4, r5, r6, r7}
  40              	.LCFI0:
  41              		.cfi_def_cfa_offset 16
  42              		.cfi_offset 4, -16
  43              		.cfi_offset 5, -12
  44              		.cfi_offset 6, -8
  45              		.cfi_offset 7, -4
  46 000a 82B0     		sub	sp, sp, #8
  47              	.LCFI1:
  48              		.cfi_def_cfa_offset 24
  49 000c 39E0     		b	.L12
  50              	.LVL2:
  51              	.L28:
 200:Drivers/STM32F7xx_HAL_Driver/Src/stm32f7xx_hal_gpio.c ****   {
 201:Drivers/STM32F7xx_HAL_Driver/Src/stm32f7xx_hal_gpio.c ****     /* Get the IO position */
 202:Drivers/STM32F7xx_HAL_Driver/Src/stm32f7xx_hal_gpio.c ****     ioposition = ((uint32_t)0x01) << position;
 203:Drivers/STM32F7xx_HAL_Driver/Src/stm32f7xx_hal_gpio.c ****     /* Get the current IO position */
 204:Drivers/STM32F7xx_HAL_Driver/Src/stm32f7xx_hal_gpio.c ****     iocurrent = (uint32_t)(GPIO_Init->Pin) & ioposition;
 205:Drivers/STM32F7xx_HAL_Driver/Src/stm32f7xx_hal_gpio.c **** 
 206:Drivers/STM32F7xx_HAL_Driver/Src/stm32f7xx_hal_gpio.c ****     if(iocurrent == ioposition)
 207:Drivers/STM32F7xx_HAL_Driver/Src/stm32f7xx_hal_gpio.c ****     {
 208:Drivers/STM32F7xx_HAL_Driver/Src/stm32f7xx_hal_gpio.c ****       /*--------------------- GPIO Mode Configuration ------------------------*/
 209:Drivers/STM32F7xx_HAL_Driver/Src/stm32f7xx_hal_gpio.c ****       /* In case of Alternate function mode selection */
 210:Drivers/STM32F7xx_HAL_Driver/Src/stm32f7xx_hal_gpio.c ****       if((GPIO_Init->Mode == GPIO_MODE_AF_PP) || (GPIO_Init->Mode == GPIO_MODE_AF_OD))
 211:Drivers/STM32F7xx_HAL_Driver/Src/stm32f7xx_hal_gpio.c ****       {
 212:Drivers/STM32F7xx_HAL_Driver/Src/stm32f7xx_hal_gpio.c ****         /* Check the Alternate function parameter */
 213:Drivers/STM32F7xx_HAL_Driver/Src/stm32f7xx_hal_gpio.c ****         assert_param(IS_GPIO_AF(GPIO_Init->Alternate));
 214:Drivers/STM32F7xx_HAL_Driver/Src/stm32f7xx_hal_gpio.c ****         
 215:Drivers/STM32F7xx_HAL_Driver/Src/stm32f7xx_hal_gpio.c ****         /* Configure Alternate function mapped with the current IO */
 216:Drivers/STM32F7xx_HAL_Driver/Src/stm32f7xx_hal_gpio.c ****         temp = GPIOx->AFR[position >> 3];
 217:Drivers/STM32F7xx_HAL_Driver/Src/stm32f7xx_hal_gpio.c ****         temp &= ~((uint32_t)0xF << ((uint32_t)(position & (uint32_t)0x07) * 4)) ;
 218:Drivers/STM32F7xx_HAL_Driver/Src/stm32f7xx_hal_gpio.c ****         temp |= ((uint32_t)(GPIO_Init->Alternate) << (((uint32_t)position & (uint32_t)0x07) * 4));
 219:Drivers/STM32F7xx_HAL_Driver/Src/stm32f7xx_hal_gpio.c ****         GPIOx->AFR[position >> 3] = temp;
 220:Drivers/STM32F7xx_HAL_Driver/Src/stm32f7xx_hal_gpio.c ****       }
 221:Drivers/STM32F7xx_HAL_Driver/Src/stm32f7xx_hal_gpio.c **** 
 222:Drivers/STM32F7xx_HAL_Driver/Src/stm32f7xx_hal_gpio.c ****       /* Configure IO Direction mode (Input, Output, Alternate or Analog) */
 223:Drivers/STM32F7xx_HAL_Driver/Src/stm32f7xx_hal_gpio.c ****       temp = GPIOx->MODER;
 224:Drivers/STM32F7xx_HAL_Driver/Src/stm32f7xx_hal_gpio.c ****       temp &= ~(GPIO_MODER_MODER0 << (position * 2));
 225:Drivers/STM32F7xx_HAL_Driver/Src/stm32f7xx_hal_gpio.c ****       temp |= ((GPIO_Init->Mode & GPIO_MODE) << (position * 2));
 226:Drivers/STM32F7xx_HAL_Driver/Src/stm32f7xx_hal_gpio.c ****       GPIOx->MODER = temp;
 227:Drivers/STM32F7xx_HAL_Driver/Src/stm32f7xx_hal_gpio.c **** 
 228:Drivers/STM32F7xx_HAL_Driver/Src/stm32f7xx_hal_gpio.c ****       /* In case of Output or Alternate function mode selection */
 229:Drivers/STM32F7xx_HAL_Driver/Src/stm32f7xx_hal_gpio.c ****       if((GPIO_Init->Mode == GPIO_MODE_OUTPUT_PP) || (GPIO_Init->Mode == GPIO_MODE_AF_PP) ||
 230:Drivers/STM32F7xx_HAL_Driver/Src/stm32f7xx_hal_gpio.c ****          (GPIO_Init->Mode == GPIO_MODE_OUTPUT_OD) || (GPIO_Init->Mode == GPIO_MODE_AF_OD))
 231:Drivers/STM32F7xx_HAL_Driver/Src/stm32f7xx_hal_gpio.c ****       {
 232:Drivers/STM32F7xx_HAL_Driver/Src/stm32f7xx_hal_gpio.c ****         /* Check the Speed parameter */
 233:Drivers/STM32F7xx_HAL_Driver/Src/stm32f7xx_hal_gpio.c ****         assert_param(IS_GPIO_SPEED(GPIO_Init->Speed));
 234:Drivers/STM32F7xx_HAL_Driver/Src/stm32f7xx_hal_gpio.c ****         /* Configure the IO Speed */
ARM GAS  /var/folders/_f/lv_lzyzs40z4gsrf231fdcyh0000gn/T//ccAnBAmv.s 			page 6


 235:Drivers/STM32F7xx_HAL_Driver/Src/stm32f7xx_hal_gpio.c ****         temp = GPIOx->OSPEEDR; 
 236:Drivers/STM32F7xx_HAL_Driver/Src/stm32f7xx_hal_gpio.c ****         temp &= ~(GPIO_OSPEEDER_OSPEEDR0 << (position * 2));
 237:Drivers/STM32F7xx_HAL_Driver/Src/stm32f7xx_hal_gpio.c ****         temp |= (GPIO_Init->Speed << (position * 2));
 238:Drivers/STM32F7xx_HAL_Driver/Src/stm32f7xx_hal_gpio.c ****         GPIOx->OSPEEDR = temp;
 239:Drivers/STM32F7xx_HAL_Driver/Src/stm32f7xx_hal_gpio.c **** 
 240:Drivers/STM32F7xx_HAL_Driver/Src/stm32f7xx_hal_gpio.c ****         /* Configure the IO Output Type */
 241:Drivers/STM32F7xx_HAL_Driver/Src/stm32f7xx_hal_gpio.c ****         temp = GPIOx->OTYPER;
 242:Drivers/STM32F7xx_HAL_Driver/Src/stm32f7xx_hal_gpio.c ****         temp &= ~(GPIO_OTYPER_OT_0 << position) ;
 243:Drivers/STM32F7xx_HAL_Driver/Src/stm32f7xx_hal_gpio.c ****         temp |= (((GPIO_Init->Mode & GPIO_OUTPUT_TYPE) >> 4) << position);
 244:Drivers/STM32F7xx_HAL_Driver/Src/stm32f7xx_hal_gpio.c ****         GPIOx->OTYPER = temp;
 245:Drivers/STM32F7xx_HAL_Driver/Src/stm32f7xx_hal_gpio.c ****       }
 246:Drivers/STM32F7xx_HAL_Driver/Src/stm32f7xx_hal_gpio.c **** 
 247:Drivers/STM32F7xx_HAL_Driver/Src/stm32f7xx_hal_gpio.c ****       /* Activate the Pull-up or Pull down resistor for the current IO */
 248:Drivers/STM32F7xx_HAL_Driver/Src/stm32f7xx_hal_gpio.c ****       temp = GPIOx->PUPDR;
 249:Drivers/STM32F7xx_HAL_Driver/Src/stm32f7xx_hal_gpio.c ****       temp &= ~(GPIO_PUPDR_PUPDR0 << (position * 2));
 250:Drivers/STM32F7xx_HAL_Driver/Src/stm32f7xx_hal_gpio.c ****       temp |= ((GPIO_Init->Pull) << (position * 2));
 251:Drivers/STM32F7xx_HAL_Driver/Src/stm32f7xx_hal_gpio.c ****       GPIOx->PUPDR = temp;
 252:Drivers/STM32F7xx_HAL_Driver/Src/stm32f7xx_hal_gpio.c **** 
 253:Drivers/STM32F7xx_HAL_Driver/Src/stm32f7xx_hal_gpio.c ****       /*--------------------- EXTI Mode Configuration ------------------------*/
 254:Drivers/STM32F7xx_HAL_Driver/Src/stm32f7xx_hal_gpio.c ****       /* Configure the External Interrupt or event for the current IO */
 255:Drivers/STM32F7xx_HAL_Driver/Src/stm32f7xx_hal_gpio.c ****       if((GPIO_Init->Mode & EXTI_MODE) == EXTI_MODE)
 256:Drivers/STM32F7xx_HAL_Driver/Src/stm32f7xx_hal_gpio.c ****       {
 257:Drivers/STM32F7xx_HAL_Driver/Src/stm32f7xx_hal_gpio.c ****         /* Enable SYSCFG Clock */
 258:Drivers/STM32F7xx_HAL_Driver/Src/stm32f7xx_hal_gpio.c ****         __HAL_RCC_SYSCFG_CLK_ENABLE();
 259:Drivers/STM32F7xx_HAL_Driver/Src/stm32f7xx_hal_gpio.c **** 
 260:Drivers/STM32F7xx_HAL_Driver/Src/stm32f7xx_hal_gpio.c ****         temp = SYSCFG->EXTICR[position >> 2];
 261:Drivers/STM32F7xx_HAL_Driver/Src/stm32f7xx_hal_gpio.c ****         temp &= ~(((uint32_t)0x0F) << (4 * (position & 0x03)));
 262:Drivers/STM32F7xx_HAL_Driver/Src/stm32f7xx_hal_gpio.c ****         temp |= ((uint32_t)(GPIO_GET_INDEX(GPIOx)) << (4 * (position & 0x03)));
  52              		.loc 1 262 0
  53 000e 0922     		movs	r2, #9
  54 0010 00E0     		b	.L7
  55              	.L13:
  56 0012 0022     		movs	r2, #0
  57              	.L7:
  58              		.loc 1 262 0 is_stmt 0 discriminator 40
  59 0014 B240     		lsls	r2, r2, r6
  60 0016 3A43     		orrs	r2, r2, r7
  61              	.LVL3:
 263:Drivers/STM32F7xx_HAL_Driver/Src/stm32f7xx_hal_gpio.c ****         SYSCFG->EXTICR[position >> 2] = temp;
  62              		.loc 1 263 0 is_stmt 1 discriminator 40
  63 0018 0234     		adds	r4, r4, #2
  64 001a 6D4E     		ldr	r6, .L29
  65 001c 46F82420 		str	r2, [r6, r4, lsl #2]
 264:Drivers/STM32F7xx_HAL_Driver/Src/stm32f7xx_hal_gpio.c **** 
 265:Drivers/STM32F7xx_HAL_Driver/Src/stm32f7xx_hal_gpio.c ****         /* Clear EXTI line configuration */
 266:Drivers/STM32F7xx_HAL_Driver/Src/stm32f7xx_hal_gpio.c ****         temp = EXTI->IMR;
  66              		.loc 1 266 0 discriminator 40
  67 0020 6C4A     		ldr	r2, .L29+4
  68              	.LVL4:
  69 0022 1468     		ldr	r4, [r2]
  70              	.LVL5:
 267:Drivers/STM32F7xx_HAL_Driver/Src/stm32f7xx_hal_gpio.c ****         temp &= ~((uint32_t)iocurrent);
  71              		.loc 1 267 0 discriminator 40
  72 0024 EA43     		mvns	r2, r5
  73 0026 02EA0406 		and	r6, r2, r4
  74              	.LVL6:
 268:Drivers/STM32F7xx_HAL_Driver/Src/stm32f7xx_hal_gpio.c ****         if((GPIO_Init->Mode & GPIO_MODE_IT) == GPIO_MODE_IT)
ARM GAS  /var/folders/_f/lv_lzyzs40z4gsrf231fdcyh0000gn/T//ccAnBAmv.s 			page 7


  75              		.loc 1 268 0 discriminator 40
  76 002a 4F68     		ldr	r7, [r1, #4]
  77 002c 17F4803F 		tst	r7, #65536
  78 0030 01D0     		beq	.L8
 269:Drivers/STM32F7xx_HAL_Driver/Src/stm32f7xx_hal_gpio.c ****         {
 270:Drivers/STM32F7xx_HAL_Driver/Src/stm32f7xx_hal_gpio.c ****           temp |= iocurrent;
  79              		.loc 1 270 0
  80 0032 45EA0406 		orr	r6, r5, r4
  81              	.LVL7:
  82              	.L8:
 271:Drivers/STM32F7xx_HAL_Driver/Src/stm32f7xx_hal_gpio.c ****         }
 272:Drivers/STM32F7xx_HAL_Driver/Src/stm32f7xx_hal_gpio.c ****         EXTI->IMR = temp;
  83              		.loc 1 272 0
  84 0036 674C     		ldr	r4, .L29+4
  85 0038 2660     		str	r6, [r4]
 273:Drivers/STM32F7xx_HAL_Driver/Src/stm32f7xx_hal_gpio.c **** 
 274:Drivers/STM32F7xx_HAL_Driver/Src/stm32f7xx_hal_gpio.c ****         temp = EXTI->EMR;
  86              		.loc 1 274 0
  87 003a 6468     		ldr	r4, [r4, #4]
  88              	.LVL8:
 275:Drivers/STM32F7xx_HAL_Driver/Src/stm32f7xx_hal_gpio.c ****         temp &= ~((uint32_t)iocurrent);
  89              		.loc 1 275 0
  90 003c 02EA0406 		and	r6, r2, r4
  91              	.LVL9:
 276:Drivers/STM32F7xx_HAL_Driver/Src/stm32f7xx_hal_gpio.c ****         if((GPIO_Init->Mode & GPIO_MODE_EVT) == GPIO_MODE_EVT)
  92              		.loc 1 276 0
  93 0040 4F68     		ldr	r7, [r1, #4]
  94 0042 17F4003F 		tst	r7, #131072
  95 0046 01D0     		beq	.L9
 277:Drivers/STM32F7xx_HAL_Driver/Src/stm32f7xx_hal_gpio.c ****         {
 278:Drivers/STM32F7xx_HAL_Driver/Src/stm32f7xx_hal_gpio.c ****           temp |= iocurrent;
  96              		.loc 1 278 0
  97 0048 45EA0406 		orr	r6, r5, r4
  98              	.LVL10:
  99              	.L9:
 279:Drivers/STM32F7xx_HAL_Driver/Src/stm32f7xx_hal_gpio.c ****         }
 280:Drivers/STM32F7xx_HAL_Driver/Src/stm32f7xx_hal_gpio.c ****         EXTI->EMR = temp;
 100              		.loc 1 280 0
 101 004c 614C     		ldr	r4, .L29+4
 102 004e 6660     		str	r6, [r4, #4]
 281:Drivers/STM32F7xx_HAL_Driver/Src/stm32f7xx_hal_gpio.c **** 
 282:Drivers/STM32F7xx_HAL_Driver/Src/stm32f7xx_hal_gpio.c ****         /* Clear Rising Falling edge configuration */
 283:Drivers/STM32F7xx_HAL_Driver/Src/stm32f7xx_hal_gpio.c ****         temp = EXTI->RTSR;
 103              		.loc 1 283 0
 104 0050 A468     		ldr	r4, [r4, #8]
 105              	.LVL11:
 284:Drivers/STM32F7xx_HAL_Driver/Src/stm32f7xx_hal_gpio.c ****         temp &= ~((uint32_t)iocurrent);
 106              		.loc 1 284 0
 107 0052 02EA0406 		and	r6, r2, r4
 108              	.LVL12:
 285:Drivers/STM32F7xx_HAL_Driver/Src/stm32f7xx_hal_gpio.c ****         if((GPIO_Init->Mode & RISING_EDGE) == RISING_EDGE)
 109              		.loc 1 285 0
 110 0056 4F68     		ldr	r7, [r1, #4]
 111 0058 17F4801F 		tst	r7, #1048576
 112 005c 01D0     		beq	.L10
 286:Drivers/STM32F7xx_HAL_Driver/Src/stm32f7xx_hal_gpio.c ****         {
 287:Drivers/STM32F7xx_HAL_Driver/Src/stm32f7xx_hal_gpio.c ****           temp |= iocurrent;
ARM GAS  /var/folders/_f/lv_lzyzs40z4gsrf231fdcyh0000gn/T//ccAnBAmv.s 			page 8


 113              		.loc 1 287 0
 114 005e 45EA0406 		orr	r6, r5, r4
 115              	.LVL13:
 116              	.L10:
 288:Drivers/STM32F7xx_HAL_Driver/Src/stm32f7xx_hal_gpio.c ****         }
 289:Drivers/STM32F7xx_HAL_Driver/Src/stm32f7xx_hal_gpio.c ****         EXTI->RTSR = temp;
 117              		.loc 1 289 0
 118 0062 5C4C     		ldr	r4, .L29+4
 119 0064 A660     		str	r6, [r4, #8]
 290:Drivers/STM32F7xx_HAL_Driver/Src/stm32f7xx_hal_gpio.c **** 
 291:Drivers/STM32F7xx_HAL_Driver/Src/stm32f7xx_hal_gpio.c ****         temp = EXTI->FTSR;
 120              		.loc 1 291 0
 121 0066 E468     		ldr	r4, [r4, #12]
 122              	.LVL14:
 292:Drivers/STM32F7xx_HAL_Driver/Src/stm32f7xx_hal_gpio.c ****         temp &= ~((uint32_t)iocurrent);
 123              		.loc 1 292 0
 124 0068 2240     		ands	r2, r2, r4
 125              	.LVL15:
 293:Drivers/STM32F7xx_HAL_Driver/Src/stm32f7xx_hal_gpio.c ****         if((GPIO_Init->Mode & FALLING_EDGE) == FALLING_EDGE)
 126              		.loc 1 293 0
 127 006a 4E68     		ldr	r6, [r1, #4]
 128 006c 16F4001F 		tst	r6, #2097152
 129 0070 01D0     		beq	.L11
 294:Drivers/STM32F7xx_HAL_Driver/Src/stm32f7xx_hal_gpio.c ****         {
 295:Drivers/STM32F7xx_HAL_Driver/Src/stm32f7xx_hal_gpio.c ****           temp |= iocurrent;
 130              		.loc 1 295 0
 131 0072 45EA0402 		orr	r2, r5, r4
 132              	.LVL16:
 133              	.L11:
 296:Drivers/STM32F7xx_HAL_Driver/Src/stm32f7xx_hal_gpio.c ****         }
 297:Drivers/STM32F7xx_HAL_Driver/Src/stm32f7xx_hal_gpio.c ****         EXTI->FTSR = temp;
 134              		.loc 1 297 0
 135 0076 574C     		ldr	r4, .L29+4
 136 0078 E260     		str	r2, [r4, #12]
 137              	.LVL17:
 138              	.L3:
 199:Drivers/STM32F7xx_HAL_Driver/Src/stm32f7xx_hal_gpio.c ****   {
 139              		.loc 1 199 0 discriminator 2
 140 007a 0133     		adds	r3, r3, #1
 141              	.LVL18:
 142 007c 0F2B     		cmp	r3, #15
 143 007e 00F2A280 		bhi	.L27
 144              	.LVL19:
 145              	.L12:
 202:Drivers/STM32F7xx_HAL_Driver/Src/stm32f7xx_hal_gpio.c ****     /* Get the current IO position */
 146              		.loc 1 202 0
 147 0082 0122     		movs	r2, #1
 148 0084 9A40     		lsls	r2, r2, r3
 149              	.LVL20:
 204:Drivers/STM32F7xx_HAL_Driver/Src/stm32f7xx_hal_gpio.c **** 
 150              		.loc 1 204 0
 151 0086 0C68     		ldr	r4, [r1]
 152 0088 04EA0205 		and	r5, r4, r2
 153              	.LVL21:
 206:Drivers/STM32F7xx_HAL_Driver/Src/stm32f7xx_hal_gpio.c ****     {
 154              		.loc 1 206 0
 155 008c AA42     		cmp	r2, r5
ARM GAS  /var/folders/_f/lv_lzyzs40z4gsrf231fdcyh0000gn/T//ccAnBAmv.s 			page 9


 156 008e F4D1     		bne	.L3
 210:Drivers/STM32F7xx_HAL_Driver/Src/stm32f7xx_hal_gpio.c ****       {
 157              		.loc 1 210 0
 158 0090 4C68     		ldr	r4, [r1, #4]
 159 0092 122C     		cmp	r4, #18
 160 0094 18BF     		it	ne
 161 0096 022C     		cmpne	r4, #2
 162 0098 10D1     		bne	.L4
 216:Drivers/STM32F7xx_HAL_Driver/Src/stm32f7xx_hal_gpio.c ****         temp &= ~((uint32_t)0xF << ((uint32_t)(position & (uint32_t)0x07) * 4)) ;
 163              		.loc 1 216 0
 164 009a DE08     		lsrs	r6, r3, #3
 165 009c 0836     		adds	r6, r6, #8
 166 009e 50F826C0 		ldr	ip, [r0, r6, lsl #2]
 167              	.LVL22:
 217:Drivers/STM32F7xx_HAL_Driver/Src/stm32f7xx_hal_gpio.c ****         temp |= ((uint32_t)(GPIO_Init->Alternate) << (((uint32_t)position & (uint32_t)0x07) * 4));
 168              		.loc 1 217 0
 169 00a2 03F00704 		and	r4, r3, #7
 170 00a6 A700     		lsls	r7, r4, #2
 171 00a8 0F24     		movs	r4, #15
 172 00aa BC40     		lsls	r4, r4, r7
 173 00ac 2CEA040C 		bic	ip, ip, r4
 174              	.LVL23:
 218:Drivers/STM32F7xx_HAL_Driver/Src/stm32f7xx_hal_gpio.c ****         GPIOx->AFR[position >> 3] = temp;
 175              		.loc 1 218 0
 176 00b0 0C69     		ldr	r4, [r1, #16]
 177 00b2 BC40     		lsls	r4, r4, r7
 178 00b4 44EA0C04 		orr	r4, r4, ip
 179              	.LVL24:
 219:Drivers/STM32F7xx_HAL_Driver/Src/stm32f7xx_hal_gpio.c ****       }
 180              		.loc 1 219 0
 181 00b8 40F82640 		str	r4, [r0, r6, lsl #2]
 182              	.LVL25:
 183              	.L4:
 223:Drivers/STM32F7xx_HAL_Driver/Src/stm32f7xx_hal_gpio.c ****       temp &= ~(GPIO_MODER_MODER0 << (position * 2));
 184              		.loc 1 223 0
 185 00bc 0468     		ldr	r4, [r0]
 186              	.LVL26:
 224:Drivers/STM32F7xx_HAL_Driver/Src/stm32f7xx_hal_gpio.c ****       temp |= ((GPIO_Init->Mode & GPIO_MODE) << (position * 2));
 187              		.loc 1 224 0
 188 00be 5F00     		lsls	r7, r3, #1
 189 00c0 0326     		movs	r6, #3
 190 00c2 BE40     		lsls	r6, r6, r7
 191 00c4 F643     		mvns	r6, r6
 192 00c6 06EA040C 		and	ip, r6, r4
 193              	.LVL27:
 225:Drivers/STM32F7xx_HAL_Driver/Src/stm32f7xx_hal_gpio.c ****       GPIOx->MODER = temp;
 194              		.loc 1 225 0
 195 00ca 4C68     		ldr	r4, [r1, #4]
 196 00cc 04F00304 		and	r4, r4, #3
 197 00d0 BC40     		lsls	r4, r4, r7
 198 00d2 44EA0C04 		orr	r4, r4, ip
 199              	.LVL28:
 226:Drivers/STM32F7xx_HAL_Driver/Src/stm32f7xx_hal_gpio.c **** 
 200              		.loc 1 226 0
 201 00d6 0460     		str	r4, [r0]
 229:Drivers/STM32F7xx_HAL_Driver/Src/stm32f7xx_hal_gpio.c ****          (GPIO_Init->Mode == GPIO_MODE_OUTPUT_OD) || (GPIO_Init->Mode == GPIO_MODE_AF_OD))
 202              		.loc 1 229 0
ARM GAS  /var/folders/_f/lv_lzyzs40z4gsrf231fdcyh0000gn/T//ccAnBAmv.s 			page 10


 203 00d8 4C68     		ldr	r4, [r1, #4]
 204              	.LVL29:
 205 00da 04F1FF3C 		add	ip, r4, #-1
 206 00de 112C     		cmp	r4, #17
 207 00e0 18BF     		it	ne
 208 00e2 BCF1010F 		cmpne	ip, #1
 209 00e6 01D9     		bls	.L5
 230:Drivers/STM32F7xx_HAL_Driver/Src/stm32f7xx_hal_gpio.c ****       {
 210              		.loc 1 230 0
 211 00e8 122C     		cmp	r4, #18
 212 00ea 11D1     		bne	.L6
 213              	.L5:
 235:Drivers/STM32F7xx_HAL_Driver/Src/stm32f7xx_hal_gpio.c ****         temp &= ~(GPIO_OSPEEDER_OSPEEDR0 << (position * 2));
 214              		.loc 1 235 0
 215 00ec 8468     		ldr	r4, [r0, #8]
 216              	.LVL30:
 236:Drivers/STM32F7xx_HAL_Driver/Src/stm32f7xx_hal_gpio.c ****         temp |= (GPIO_Init->Speed << (position * 2));
 217              		.loc 1 236 0
 218 00ee 06EA040C 		and	ip, r6, r4
 219              	.LVL31:
 237:Drivers/STM32F7xx_HAL_Driver/Src/stm32f7xx_hal_gpio.c ****         GPIOx->OSPEEDR = temp;
 220              		.loc 1 237 0
 221 00f2 CC68     		ldr	r4, [r1, #12]
 222 00f4 BC40     		lsls	r4, r4, r7
 223 00f6 44EA0C04 		orr	r4, r4, ip
 224              	.LVL32:
 238:Drivers/STM32F7xx_HAL_Driver/Src/stm32f7xx_hal_gpio.c **** 
 225              		.loc 1 238 0
 226 00fa 8460     		str	r4, [r0, #8]
 241:Drivers/STM32F7xx_HAL_Driver/Src/stm32f7xx_hal_gpio.c ****         temp &= ~(GPIO_OTYPER_OT_0 << position) ;
 227              		.loc 1 241 0
 228 00fc 4468     		ldr	r4, [r0, #4]
 229              	.LVL33:
 242:Drivers/STM32F7xx_HAL_Driver/Src/stm32f7xx_hal_gpio.c ****         temp |= (((GPIO_Init->Mode & GPIO_OUTPUT_TYPE) >> 4) << position);
 230              		.loc 1 242 0
 231 00fe 24EA020C 		bic	ip, r4, r2
 232              	.LVL34:
 243:Drivers/STM32F7xx_HAL_Driver/Src/stm32f7xx_hal_gpio.c ****         GPIOx->OTYPER = temp;
 233              		.loc 1 243 0
 234 0102 4C68     		ldr	r4, [r1, #4]
 235 0104 C4F30012 		ubfx	r2, r4, #4, #1
 236              	.LVL35:
 237 0108 9A40     		lsls	r2, r2, r3
 238 010a 42EA0C02 		orr	r2, r2, ip
 239              	.LVL36:
 244:Drivers/STM32F7xx_HAL_Driver/Src/stm32f7xx_hal_gpio.c ****       }
 240              		.loc 1 244 0
 241 010e 4260     		str	r2, [r0, #4]
 242              	.LVL37:
 243              	.L6:
 248:Drivers/STM32F7xx_HAL_Driver/Src/stm32f7xx_hal_gpio.c ****       temp &= ~(GPIO_PUPDR_PUPDR0 << (position * 2));
 244              		.loc 1 248 0
 245 0110 C268     		ldr	r2, [r0, #12]
 246              	.LVL38:
 249:Drivers/STM32F7xx_HAL_Driver/Src/stm32f7xx_hal_gpio.c ****       temp |= ((GPIO_Init->Pull) << (position * 2));
 247              		.loc 1 249 0
 248 0112 1640     		ands	r6, r6, r2
ARM GAS  /var/folders/_f/lv_lzyzs40z4gsrf231fdcyh0000gn/T//ccAnBAmv.s 			page 11


 249              	.LVL39:
 250:Drivers/STM32F7xx_HAL_Driver/Src/stm32f7xx_hal_gpio.c ****       GPIOx->PUPDR = temp;
 250              		.loc 1 250 0
 251 0114 8A68     		ldr	r2, [r1, #8]
 252 0116 BA40     		lsls	r2, r2, r7
 253 0118 3243     		orrs	r2, r2, r6
 254              	.LVL40:
 251:Drivers/STM32F7xx_HAL_Driver/Src/stm32f7xx_hal_gpio.c **** 
 255              		.loc 1 251 0
 256 011a C260     		str	r2, [r0, #12]
 255:Drivers/STM32F7xx_HAL_Driver/Src/stm32f7xx_hal_gpio.c ****       {
 257              		.loc 1 255 0
 258 011c 4A68     		ldr	r2, [r1, #4]
 259              	.LVL41:
 260 011e 12F0805F 		tst	r2, #268435456
 261 0122 AAD0     		beq	.L3
 262              	.LBB2:
 258:Drivers/STM32F7xx_HAL_Driver/Src/stm32f7xx_hal_gpio.c **** 
 263              		.loc 1 258 0
 264 0124 2C4A     		ldr	r2, .L29+8
 265 0126 546C     		ldr	r4, [r2, #68]
 266 0128 44F48044 		orr	r4, r4, #16384
 267 012c 5464     		str	r4, [r2, #68]
 268              	.LVL42:
 269 012e 526C     		ldr	r2, [r2, #68]
 270 0130 02F48042 		and	r2, r2, #16384
 271 0134 0192     		str	r2, [sp, #4]
 272 0136 019A     		ldr	r2, [sp, #4]
 273              	.LBE2:
 260:Drivers/STM32F7xx_HAL_Driver/Src/stm32f7xx_hal_gpio.c ****         temp &= ~(((uint32_t)0x0F) << (4 * (position & 0x03)));
 274              		.loc 1 260 0
 275 0138 9C08     		lsrs	r4, r3, #2
 276 013a A61C     		adds	r6, r4, #2
 277 013c 244A     		ldr	r2, .L29
 278 013e 52F82670 		ldr	r7, [r2, r6, lsl #2]
 279              	.LVL43:
 261:Drivers/STM32F7xx_HAL_Driver/Src/stm32f7xx_hal_gpio.c ****         temp |= ((uint32_t)(GPIO_GET_INDEX(GPIOx)) << (4 * (position & 0x03)));
 280              		.loc 1 261 0
 281 0142 03F00302 		and	r2, r3, #3
 282 0146 9600     		lsls	r6, r2, #2
 283 0148 0F22     		movs	r2, #15
 284 014a B240     		lsls	r2, r2, r6
 285 014c 27EA0207 		bic	r7, r7, r2
 286              	.LVL44:
 262:Drivers/STM32F7xx_HAL_Driver/Src/stm32f7xx_hal_gpio.c ****         SYSCFG->EXTICR[position >> 2] = temp;
 287              		.loc 1 262 0
 288 0150 224A     		ldr	r2, .L29+12
 289 0152 9042     		cmp	r0, r2
 290 0154 3FF45DAF 		beq	.L13
 262:Drivers/STM32F7xx_HAL_Driver/Src/stm32f7xx_hal_gpio.c ****         SYSCFG->EXTICR[position >> 2] = temp;
 291              		.loc 1 262 0 is_stmt 0 discriminator 1
 292 0158 02F58062 		add	r2, r2, #1024
 293 015c 9042     		cmp	r0, r2
 294 015e 22D0     		beq	.L14
 262:Drivers/STM32F7xx_HAL_Driver/Src/stm32f7xx_hal_gpio.c ****         SYSCFG->EXTICR[position >> 2] = temp;
 295              		.loc 1 262 0 discriminator 3
 296 0160 02F58062 		add	r2, r2, #1024
ARM GAS  /var/folders/_f/lv_lzyzs40z4gsrf231fdcyh0000gn/T//ccAnBAmv.s 			page 12


 297 0164 9042     		cmp	r0, r2
 298 0166 20D0     		beq	.L15
 262:Drivers/STM32F7xx_HAL_Driver/Src/stm32f7xx_hal_gpio.c ****         SYSCFG->EXTICR[position >> 2] = temp;
 299              		.loc 1 262 0 discriminator 5
 300 0168 02F58062 		add	r2, r2, #1024
 301 016c 9042     		cmp	r0, r2
 302 016e 1ED0     		beq	.L16
 262:Drivers/STM32F7xx_HAL_Driver/Src/stm32f7xx_hal_gpio.c ****         SYSCFG->EXTICR[position >> 2] = temp;
 303              		.loc 1 262 0 discriminator 7
 304 0170 02F58062 		add	r2, r2, #1024
 305 0174 9042     		cmp	r0, r2
 306 0176 1CD0     		beq	.L17
 262:Drivers/STM32F7xx_HAL_Driver/Src/stm32f7xx_hal_gpio.c ****         SYSCFG->EXTICR[position >> 2] = temp;
 307              		.loc 1 262 0 discriminator 9
 308 0178 02F58062 		add	r2, r2, #1024
 309 017c 9042     		cmp	r0, r2
 310 017e 1AD0     		beq	.L18
 262:Drivers/STM32F7xx_HAL_Driver/Src/stm32f7xx_hal_gpio.c ****         SYSCFG->EXTICR[position >> 2] = temp;
 311              		.loc 1 262 0 discriminator 11
 312 0180 02F58062 		add	r2, r2, #1024
 313 0184 9042     		cmp	r0, r2
 314 0186 18D0     		beq	.L19
 262:Drivers/STM32F7xx_HAL_Driver/Src/stm32f7xx_hal_gpio.c ****         SYSCFG->EXTICR[position >> 2] = temp;
 315              		.loc 1 262 0 discriminator 13
 316 0188 02F58062 		add	r2, r2, #1024
 317 018c 9042     		cmp	r0, r2
 318 018e 16D0     		beq	.L20
 262:Drivers/STM32F7xx_HAL_Driver/Src/stm32f7xx_hal_gpio.c ****         SYSCFG->EXTICR[position >> 2] = temp;
 319              		.loc 1 262 0 discriminator 15
 320 0190 02F58062 		add	r2, r2, #1024
 321 0194 9042     		cmp	r0, r2
 322 0196 14D0     		beq	.L21
 262:Drivers/STM32F7xx_HAL_Driver/Src/stm32f7xx_hal_gpio.c ****         SYSCFG->EXTICR[position >> 2] = temp;
 323              		.loc 1 262 0 discriminator 17
 324 0198 02F58062 		add	r2, r2, #1024
 325 019c 9042     		cmp	r0, r2
 326 019e 3FF436AF 		beq	.L28
 262:Drivers/STM32F7xx_HAL_Driver/Src/stm32f7xx_hal_gpio.c ****         SYSCFG->EXTICR[position >> 2] = temp;
 327              		.loc 1 262 0
 328 01a2 0A22     		movs	r2, #10
 329 01a4 36E7     		b	.L7
 330              	.L14:
 331 01a6 0122     		movs	r2, #1
 332              	.LVL45:
 333 01a8 34E7     		b	.L7
 334              	.LVL46:
 335              	.L15:
 336 01aa 0222     		movs	r2, #2
 337 01ac 32E7     		b	.L7
 338              	.L16:
 339 01ae 0322     		movs	r2, #3
 340 01b0 30E7     		b	.L7
 341              	.L17:
 342 01b2 0422     		movs	r2, #4
 343 01b4 2EE7     		b	.L7
 344              	.L18:
 345 01b6 0522     		movs	r2, #5
ARM GAS  /var/folders/_f/lv_lzyzs40z4gsrf231fdcyh0000gn/T//ccAnBAmv.s 			page 13


 346 01b8 2CE7     		b	.L7
 347              	.L19:
 348 01ba 0622     		movs	r2, #6
 349 01bc 2AE7     		b	.L7
 350              	.L20:
 351 01be 0722     		movs	r2, #7
 352 01c0 28E7     		b	.L7
 353              	.L21:
 354 01c2 0822     		movs	r2, #8
 355 01c4 26E7     		b	.L7
 356              	.LVL47:
 357              	.L27:
 298:Drivers/STM32F7xx_HAL_Driver/Src/stm32f7xx_hal_gpio.c ****       }
 299:Drivers/STM32F7xx_HAL_Driver/Src/stm32f7xx_hal_gpio.c ****     }
 300:Drivers/STM32F7xx_HAL_Driver/Src/stm32f7xx_hal_gpio.c ****   }
 301:Drivers/STM32F7xx_HAL_Driver/Src/stm32f7xx_hal_gpio.c **** }
 358              		.loc 1 301 0 is_stmt 1
 359 01c6 02B0     		add	sp, sp, #8
 360              	.LCFI2:
 361              		.cfi_def_cfa_offset 16
 362              		@ sp needed
 363 01c8 F0BC     		pop	{r4, r5, r6, r7}
 364              	.LCFI3:
 365              		.cfi_restore 7
 366              		.cfi_restore 6
 367              		.cfi_restore 5
 368              		.cfi_restore 4
 369              		.cfi_def_cfa_offset 0
 370              	.LVL48:
 371 01ca 7047     		bx	lr
 372              	.LVL49:
 373              	.L26:
 374 01cc 7047     		bx	lr
 375              	.L30:
 376 01ce 00BF     		.align	2
 377              	.L29:
 378 01d0 00380140 		.word	1073821696
 379 01d4 003C0140 		.word	1073822720
 380 01d8 00380240 		.word	1073887232
 381 01dc 00000240 		.word	1073872896
 382              		.cfi_endproc
 383              	.LFE138:
 385              		.section	.text.HAL_GPIO_DeInit,"ax",%progbits
 386              		.align	1
 387              		.global	HAL_GPIO_DeInit
 388              		.syntax unified
 389              		.thumb
 390              		.thumb_func
 391              		.fpu fpv5-d16
 393              	HAL_GPIO_DeInit:
 394              	.LFB139:
 302:Drivers/STM32F7xx_HAL_Driver/Src/stm32f7xx_hal_gpio.c **** 
 303:Drivers/STM32F7xx_HAL_Driver/Src/stm32f7xx_hal_gpio.c **** /**
 304:Drivers/STM32F7xx_HAL_Driver/Src/stm32f7xx_hal_gpio.c ****   * @brief  De-initializes the GPIOx peripheral registers to their default reset values.
 305:Drivers/STM32F7xx_HAL_Driver/Src/stm32f7xx_hal_gpio.c ****   * @param  GPIOx where x can be (A..K) to select the GPIO peripheral.
 306:Drivers/STM32F7xx_HAL_Driver/Src/stm32f7xx_hal_gpio.c ****   * @param  GPIO_Pin specifies the port bit to be written.
 307:Drivers/STM32F7xx_HAL_Driver/Src/stm32f7xx_hal_gpio.c ****   *          This parameter can be one of GPIO_PIN_x where x can be (0..15).
ARM GAS  /var/folders/_f/lv_lzyzs40z4gsrf231fdcyh0000gn/T//ccAnBAmv.s 			page 14


 308:Drivers/STM32F7xx_HAL_Driver/Src/stm32f7xx_hal_gpio.c ****   * @retval None
 309:Drivers/STM32F7xx_HAL_Driver/Src/stm32f7xx_hal_gpio.c ****   */
 310:Drivers/STM32F7xx_HAL_Driver/Src/stm32f7xx_hal_gpio.c **** void HAL_GPIO_DeInit(GPIO_TypeDef  *GPIOx, uint32_t GPIO_Pin)
 311:Drivers/STM32F7xx_HAL_Driver/Src/stm32f7xx_hal_gpio.c **** {
 395              		.loc 1 311 0
 396              		.cfi_startproc
 397              		@ args = 0, pretend = 0, frame = 0
 398              		@ frame_needed = 0, uses_anonymous_args = 0
 399              	.LVL50:
 312:Drivers/STM32F7xx_HAL_Driver/Src/stm32f7xx_hal_gpio.c ****   uint32_t position;
 313:Drivers/STM32F7xx_HAL_Driver/Src/stm32f7xx_hal_gpio.c ****   uint32_t ioposition = 0x00;
 314:Drivers/STM32F7xx_HAL_Driver/Src/stm32f7xx_hal_gpio.c ****   uint32_t iocurrent = 0x00;
 315:Drivers/STM32F7xx_HAL_Driver/Src/stm32f7xx_hal_gpio.c ****   uint32_t tmp = 0x00;
 316:Drivers/STM32F7xx_HAL_Driver/Src/stm32f7xx_hal_gpio.c **** 
 317:Drivers/STM32F7xx_HAL_Driver/Src/stm32f7xx_hal_gpio.c ****   /* Check the parameters */
 318:Drivers/STM32F7xx_HAL_Driver/Src/stm32f7xx_hal_gpio.c ****   assert_param(IS_GPIO_ALL_INSTANCE(GPIOx));
 319:Drivers/STM32F7xx_HAL_Driver/Src/stm32f7xx_hal_gpio.c ****   
 320:Drivers/STM32F7xx_HAL_Driver/Src/stm32f7xx_hal_gpio.c ****   /* Configure the port pins */
 321:Drivers/STM32F7xx_HAL_Driver/Src/stm32f7xx_hal_gpio.c ****   for(position = 0; position < GPIO_NUMBER; position++)
 400              		.loc 1 321 0
 401 0000 0023     		movs	r3, #0
 402              	.LVL51:
 403 0002 0F2B     		cmp	r3, #15
 404 0004 00F29280 		bhi	.L49
 311:Drivers/STM32F7xx_HAL_Driver/Src/stm32f7xx_hal_gpio.c ****   uint32_t position;
 405              		.loc 1 311 0
 406 0008 F0B5     		push	{r4, r5, r6, r7, lr}
 407              	.LCFI4:
 408              		.cfi_def_cfa_offset 20
 409              		.cfi_offset 4, -20
 410              		.cfi_offset 5, -16
 411              		.cfi_offset 6, -12
 412              		.cfi_offset 7, -8
 413              		.cfi_offset 14, -4
 414 000a 0AE0     		b	.L35
 415              	.LVL52:
 416              	.L52:
 322:Drivers/STM32F7xx_HAL_Driver/Src/stm32f7xx_hal_gpio.c ****   {
 323:Drivers/STM32F7xx_HAL_Driver/Src/stm32f7xx_hal_gpio.c ****     /* Get the IO position */
 324:Drivers/STM32F7xx_HAL_Driver/Src/stm32f7xx_hal_gpio.c ****     ioposition = ((uint32_t)0x01) << position;
 325:Drivers/STM32F7xx_HAL_Driver/Src/stm32f7xx_hal_gpio.c ****     /* Get the current IO position */
 326:Drivers/STM32F7xx_HAL_Driver/Src/stm32f7xx_hal_gpio.c ****     iocurrent = (GPIO_Pin) & ioposition;
 327:Drivers/STM32F7xx_HAL_Driver/Src/stm32f7xx_hal_gpio.c **** 
 328:Drivers/STM32F7xx_HAL_Driver/Src/stm32f7xx_hal_gpio.c ****     if(iocurrent == ioposition)
 329:Drivers/STM32F7xx_HAL_Driver/Src/stm32f7xx_hal_gpio.c ****     {
 330:Drivers/STM32F7xx_HAL_Driver/Src/stm32f7xx_hal_gpio.c ****       /*------------------------- GPIO Mode Configuration --------------------*/
 331:Drivers/STM32F7xx_HAL_Driver/Src/stm32f7xx_hal_gpio.c ****       /* Configure IO Direction in Input Floating Mode */
 332:Drivers/STM32F7xx_HAL_Driver/Src/stm32f7xx_hal_gpio.c ****       GPIOx->MODER &= ~(GPIO_MODER_MODER0 << (position * 2));
 333:Drivers/STM32F7xx_HAL_Driver/Src/stm32f7xx_hal_gpio.c **** 
 334:Drivers/STM32F7xx_HAL_Driver/Src/stm32f7xx_hal_gpio.c ****       /* Configure the default Alternate Function in current IO */
 335:Drivers/STM32F7xx_HAL_Driver/Src/stm32f7xx_hal_gpio.c ****       GPIOx->AFR[position >> 3] &= ~((uint32_t)0xF << ((uint32_t)(position & (uint32_t)0x07) * 4)) 
 336:Drivers/STM32F7xx_HAL_Driver/Src/stm32f7xx_hal_gpio.c **** 
 337:Drivers/STM32F7xx_HAL_Driver/Src/stm32f7xx_hal_gpio.c ****       /* Configure the default value for IO Speed */
 338:Drivers/STM32F7xx_HAL_Driver/Src/stm32f7xx_hal_gpio.c ****       GPIOx->OSPEEDR &= ~(GPIO_OSPEEDER_OSPEEDR0 << (position * 2));
 339:Drivers/STM32F7xx_HAL_Driver/Src/stm32f7xx_hal_gpio.c **** 
 340:Drivers/STM32F7xx_HAL_Driver/Src/stm32f7xx_hal_gpio.c ****       /* Configure the default value IO Output Type */
 341:Drivers/STM32F7xx_HAL_Driver/Src/stm32f7xx_hal_gpio.c ****       GPIOx->OTYPER  &= ~(GPIO_OTYPER_OT_0 << position) ;
ARM GAS  /var/folders/_f/lv_lzyzs40z4gsrf231fdcyh0000gn/T//ccAnBAmv.s 			page 15


 342:Drivers/STM32F7xx_HAL_Driver/Src/stm32f7xx_hal_gpio.c **** 
 343:Drivers/STM32F7xx_HAL_Driver/Src/stm32f7xx_hal_gpio.c ****       /* Deactivate the Pull-up and Pull-down resistor for the current IO */
 344:Drivers/STM32F7xx_HAL_Driver/Src/stm32f7xx_hal_gpio.c ****       GPIOx->PUPDR &= ~(GPIO_PUPDR_PUPDR0 << (position * 2));
 345:Drivers/STM32F7xx_HAL_Driver/Src/stm32f7xx_hal_gpio.c **** 
 346:Drivers/STM32F7xx_HAL_Driver/Src/stm32f7xx_hal_gpio.c ****       /*------------------------- EXTI Mode Configuration --------------------*/
 347:Drivers/STM32F7xx_HAL_Driver/Src/stm32f7xx_hal_gpio.c ****       tmp = SYSCFG->EXTICR[position >> 2];
 348:Drivers/STM32F7xx_HAL_Driver/Src/stm32f7xx_hal_gpio.c ****       tmp &= (((uint32_t)0x0F) << (4 * (position & 0x03)));
 349:Drivers/STM32F7xx_HAL_Driver/Src/stm32f7xx_hal_gpio.c ****       if(tmp == ((uint32_t)(GPIO_GET_INDEX(GPIOx)) << (4 * (position & 0x03))))
 417              		.loc 1 349 0
 418 000c 0925     		movs	r5, #9
 419 000e 00E0     		b	.L34
 420              	.L36:
 421 0010 0025     		movs	r5, #0
 422              	.L34:
 423              		.loc 1 349 0 is_stmt 0 discriminator 40
 424 0012 05FA02F2 		lsl	r2, r5, r2
 425 0016 A242     		cmp	r2, r4
 426 0018 6FD0     		beq	.L50
 427              	.LVL53:
 428              	.L33:
 321:Drivers/STM32F7xx_HAL_Driver/Src/stm32f7xx_hal_gpio.c ****   {
 429              		.loc 1 321 0 is_stmt 1 discriminator 2
 430 001a 0133     		adds	r3, r3, #1
 431              	.LVL54:
 432 001c 0F2B     		cmp	r3, #15
 433 001e 00F28480 		bhi	.L51
 434              	.LVL55:
 435              	.L35:
 324:Drivers/STM32F7xx_HAL_Driver/Src/stm32f7xx_hal_gpio.c ****     /* Get the current IO position */
 436              		.loc 1 324 0
 437 0022 0122     		movs	r2, #1
 438 0024 9A40     		lsls	r2, r2, r3
 439              	.LVL56:
 326:Drivers/STM32F7xx_HAL_Driver/Src/stm32f7xx_hal_gpio.c **** 
 440              		.loc 1 326 0
 441 0026 02EA0106 		and	r6, r2, r1
 442              	.LVL57:
 328:Drivers/STM32F7xx_HAL_Driver/Src/stm32f7xx_hal_gpio.c ****     {
 443              		.loc 1 328 0
 444 002a B242     		cmp	r2, r6
 445 002c F5D1     		bne	.L33
 332:Drivers/STM32F7xx_HAL_Driver/Src/stm32f7xx_hal_gpio.c **** 
 446              		.loc 1 332 0
 447 002e 0568     		ldr	r5, [r0]
 448 0030 5F00     		lsls	r7, r3, #1
 449 0032 0324     		movs	r4, #3
 450 0034 BC40     		lsls	r4, r4, r7
 451 0036 E443     		mvns	r4, r4
 452 0038 2540     		ands	r5, r5, r4
 453 003a 0560     		str	r5, [r0]
 335:Drivers/STM32F7xx_HAL_Driver/Src/stm32f7xx_hal_gpio.c **** 
 454              		.loc 1 335 0
 455 003c 4FEAD30C 		lsr	ip, r3, #3
 456 0040 0CF1080C 		add	ip, ip, #8
 457 0044 50F82CE0 		ldr	lr, [r0, ip, lsl #2]
 458 0048 03F00705 		and	r5, r3, #7
 459 004c AD00     		lsls	r5, r5, #2
ARM GAS  /var/folders/_f/lv_lzyzs40z4gsrf231fdcyh0000gn/T//ccAnBAmv.s 			page 16


 460 004e 0F27     		movs	r7, #15
 461 0050 07FA05F5 		lsl	r5, r7, r5
 462 0054 2EEA0505 		bic	r5, lr, r5
 463 0058 40F82C50 		str	r5, [r0, ip, lsl #2]
 338:Drivers/STM32F7xx_HAL_Driver/Src/stm32f7xx_hal_gpio.c **** 
 464              		.loc 1 338 0
 465 005c 8568     		ldr	r5, [r0, #8]
 466 005e 2540     		ands	r5, r5, r4
 467 0060 8560     		str	r5, [r0, #8]
 341:Drivers/STM32F7xx_HAL_Driver/Src/stm32f7xx_hal_gpio.c **** 
 468              		.loc 1 341 0
 469 0062 4568     		ldr	r5, [r0, #4]
 470 0064 25EA0202 		bic	r2, r5, r2
 471              	.LVL58:
 472 0068 4260     		str	r2, [r0, #4]
 344:Drivers/STM32F7xx_HAL_Driver/Src/stm32f7xx_hal_gpio.c **** 
 473              		.loc 1 344 0
 474 006a C268     		ldr	r2, [r0, #12]
 475 006c 1440     		ands	r4, r4, r2
 476 006e C460     		str	r4, [r0, #12]
 347:Drivers/STM32F7xx_HAL_Driver/Src/stm32f7xx_hal_gpio.c ****       tmp &= (((uint32_t)0x0F) << (4 * (position & 0x03)));
 477              		.loc 1 347 0
 478 0070 4FEA930C 		lsr	ip, r3, #2
 479 0074 0CF10204 		add	r4, ip, #2
 480 0078 2D4A     		ldr	r2, .L53
 481 007a 52F82440 		ldr	r4, [r2, r4, lsl #2]
 482              	.LVL59:
 348:Drivers/STM32F7xx_HAL_Driver/Src/stm32f7xx_hal_gpio.c ****       if(tmp == ((uint32_t)(GPIO_GET_INDEX(GPIOx)) << (4 * (position & 0x03))))
 483              		.loc 1 348 0
 484 007e 03F00302 		and	r2, r3, #3
 485 0082 9200     		lsls	r2, r2, #2
 486 0084 9740     		lsls	r7, r7, r2
 487 0086 3C40     		ands	r4, r4, r7
 488              	.LVL60:
 489              		.loc 1 349 0
 490 0088 2A4D     		ldr	r5, .L53+4
 491 008a A842     		cmp	r0, r5
 492 008c C0D0     		beq	.L36
 493              		.loc 1 349 0 is_stmt 0 discriminator 1
 494 008e 05F58065 		add	r5, r5, #1024
 495 0092 A842     		cmp	r0, r5
 496 0094 21D0     		beq	.L37
 497              		.loc 1 349 0 discriminator 3
 498 0096 05F58065 		add	r5, r5, #1024
 499 009a A842     		cmp	r0, r5
 500 009c 1FD0     		beq	.L38
 501              		.loc 1 349 0 discriminator 5
 502 009e 05F58065 		add	r5, r5, #1024
 503 00a2 A842     		cmp	r0, r5
 504 00a4 1DD0     		beq	.L39
 505              		.loc 1 349 0 discriminator 7
 506 00a6 05F58065 		add	r5, r5, #1024
 507 00aa A842     		cmp	r0, r5
 508 00ac 1BD0     		beq	.L40
 509              		.loc 1 349 0 discriminator 9
 510 00ae 05F58065 		add	r5, r5, #1024
 511 00b2 A842     		cmp	r0, r5
ARM GAS  /var/folders/_f/lv_lzyzs40z4gsrf231fdcyh0000gn/T//ccAnBAmv.s 			page 17


 512 00b4 19D0     		beq	.L41
 513              		.loc 1 349 0 discriminator 11
 514 00b6 05F58065 		add	r5, r5, #1024
 515 00ba A842     		cmp	r0, r5
 516 00bc 17D0     		beq	.L42
 517              		.loc 1 349 0 discriminator 13
 518 00be 05F58065 		add	r5, r5, #1024
 519 00c2 A842     		cmp	r0, r5
 520 00c4 15D0     		beq	.L43
 521              		.loc 1 349 0 discriminator 15
 522 00c6 05F58065 		add	r5, r5, #1024
 523 00ca A842     		cmp	r0, r5
 524 00cc 13D0     		beq	.L44
 525              		.loc 1 349 0 discriminator 17
 526 00ce 05F58065 		add	r5, r5, #1024
 527 00d2 A842     		cmp	r0, r5
 528 00d4 9AD0     		beq	.L52
 529              		.loc 1 349 0
 530 00d6 0A25     		movs	r5, #10
 531 00d8 9BE7     		b	.L34
 532              	.L37:
 533 00da 0125     		movs	r5, #1
 534              	.LVL61:
 535 00dc 99E7     		b	.L34
 536              	.LVL62:
 537              	.L38:
 538 00de 0225     		movs	r5, #2
 539 00e0 97E7     		b	.L34
 540              	.L39:
 541 00e2 0325     		movs	r5, #3
 542 00e4 95E7     		b	.L34
 543              	.L40:
 544 00e6 0425     		movs	r5, #4
 545 00e8 93E7     		b	.L34
 546              	.L41:
 547 00ea 0525     		movs	r5, #5
 548 00ec 91E7     		b	.L34
 549              	.L42:
 550 00ee 0625     		movs	r5, #6
 551 00f0 8FE7     		b	.L34
 552              	.L43:
 553 00f2 0725     		movs	r5, #7
 554 00f4 8DE7     		b	.L34
 555              	.L44:
 556 00f6 0825     		movs	r5, #8
 557 00f8 8BE7     		b	.L34
 558              	.L50:
 559              	.LVL63:
 350:Drivers/STM32F7xx_HAL_Driver/Src/stm32f7xx_hal_gpio.c ****       {
 351:Drivers/STM32F7xx_HAL_Driver/Src/stm32f7xx_hal_gpio.c ****         /* Configure the External Interrupt or event for the current IO */
 352:Drivers/STM32F7xx_HAL_Driver/Src/stm32f7xx_hal_gpio.c ****         tmp = ((uint32_t)0x0F) << (4 * (position & 0x03));
 353:Drivers/STM32F7xx_HAL_Driver/Src/stm32f7xx_hal_gpio.c ****         SYSCFG->EXTICR[position >> 2] &= ~tmp;
 560              		.loc 1 353 0 is_stmt 1
 561 00fa 0D4D     		ldr	r5, .L53
 562 00fc 0CF10202 		add	r2, ip, #2
 563 0100 55F82240 		ldr	r4, [r5, r2, lsl #2]
 564 0104 24EA0707 		bic	r7, r4, r7
ARM GAS  /var/folders/_f/lv_lzyzs40z4gsrf231fdcyh0000gn/T//ccAnBAmv.s 			page 18


 565              	.LVL64:
 566 0108 45F82270 		str	r7, [r5, r2, lsl #2]
 354:Drivers/STM32F7xx_HAL_Driver/Src/stm32f7xx_hal_gpio.c **** 
 355:Drivers/STM32F7xx_HAL_Driver/Src/stm32f7xx_hal_gpio.c ****         /* Clear EXTI line configuration */
 356:Drivers/STM32F7xx_HAL_Driver/Src/stm32f7xx_hal_gpio.c ****         EXTI->IMR &= ~((uint32_t)iocurrent);
 567              		.loc 1 356 0
 568 010c 0A4C     		ldr	r4, .L53+8
 569 010e 2568     		ldr	r5, [r4]
 570 0110 F243     		mvns	r2, r6
 571 0112 1540     		ands	r5, r5, r2
 572 0114 2560     		str	r5, [r4]
 357:Drivers/STM32F7xx_HAL_Driver/Src/stm32f7xx_hal_gpio.c ****         EXTI->EMR &= ~((uint32_t)iocurrent);
 573              		.loc 1 357 0
 574 0116 6568     		ldr	r5, [r4, #4]
 575 0118 1540     		ands	r5, r5, r2
 576 011a 6560     		str	r5, [r4, #4]
 358:Drivers/STM32F7xx_HAL_Driver/Src/stm32f7xx_hal_gpio.c **** 
 359:Drivers/STM32F7xx_HAL_Driver/Src/stm32f7xx_hal_gpio.c ****         /* Clear Rising Falling edge configuration */
 360:Drivers/STM32F7xx_HAL_Driver/Src/stm32f7xx_hal_gpio.c ****         EXTI->RTSR &= ~((uint32_t)iocurrent);
 577              		.loc 1 360 0
 578 011c A568     		ldr	r5, [r4, #8]
 579 011e 1540     		ands	r5, r5, r2
 580 0120 A560     		str	r5, [r4, #8]
 361:Drivers/STM32F7xx_HAL_Driver/Src/stm32f7xx_hal_gpio.c ****         EXTI->FTSR &= ~((uint32_t)iocurrent);
 581              		.loc 1 361 0
 582 0122 E568     		ldr	r5, [r4, #12]
 583 0124 2A40     		ands	r2, r2, r5
 584 0126 E260     		str	r2, [r4, #12]
 585 0128 77E7     		b	.L33
 586              	.LVL65:
 587              	.L51:
 362:Drivers/STM32F7xx_HAL_Driver/Src/stm32f7xx_hal_gpio.c **** 	  }
 363:Drivers/STM32F7xx_HAL_Driver/Src/stm32f7xx_hal_gpio.c ****     }
 364:Drivers/STM32F7xx_HAL_Driver/Src/stm32f7xx_hal_gpio.c ****   }
 365:Drivers/STM32F7xx_HAL_Driver/Src/stm32f7xx_hal_gpio.c **** }
 588              		.loc 1 365 0
 589 012a F0BD     		pop	{r4, r5, r6, r7, pc}
 590              	.LVL66:
 591              	.L49:
 592              	.LCFI5:
 593              		.cfi_def_cfa_offset 0
 594              		.cfi_restore 4
 595              		.cfi_restore 5
 596              		.cfi_restore 6
 597              		.cfi_restore 7
 598              		.cfi_restore 14
 599 012c 7047     		bx	lr
 600              	.L54:
 601 012e 00BF     		.align	2
 602              	.L53:
 603 0130 00380140 		.word	1073821696
 604 0134 00000240 		.word	1073872896
 605 0138 003C0140 		.word	1073822720
 606              		.cfi_endproc
 607              	.LFE139:
 609              		.section	.text.HAL_GPIO_ReadPin,"ax",%progbits
 610              		.align	1
ARM GAS  /var/folders/_f/lv_lzyzs40z4gsrf231fdcyh0000gn/T//ccAnBAmv.s 			page 19


 611              		.global	HAL_GPIO_ReadPin
 612              		.syntax unified
 613              		.thumb
 614              		.thumb_func
 615              		.fpu fpv5-d16
 617              	HAL_GPIO_ReadPin:
 618              	.LFB140:
 366:Drivers/STM32F7xx_HAL_Driver/Src/stm32f7xx_hal_gpio.c **** 
 367:Drivers/STM32F7xx_HAL_Driver/Src/stm32f7xx_hal_gpio.c **** /**
 368:Drivers/STM32F7xx_HAL_Driver/Src/stm32f7xx_hal_gpio.c ****   * @}
 369:Drivers/STM32F7xx_HAL_Driver/Src/stm32f7xx_hal_gpio.c ****   */
 370:Drivers/STM32F7xx_HAL_Driver/Src/stm32f7xx_hal_gpio.c **** 
 371:Drivers/STM32F7xx_HAL_Driver/Src/stm32f7xx_hal_gpio.c **** /** @defgroup GPIO_Exported_Functions_Group2 IO operation functions 
 372:Drivers/STM32F7xx_HAL_Driver/Src/stm32f7xx_hal_gpio.c ****  *  @brief   GPIO Read and Write
 373:Drivers/STM32F7xx_HAL_Driver/Src/stm32f7xx_hal_gpio.c ****  *
 374:Drivers/STM32F7xx_HAL_Driver/Src/stm32f7xx_hal_gpio.c **** @verbatim
 375:Drivers/STM32F7xx_HAL_Driver/Src/stm32f7xx_hal_gpio.c ****  ===============================================================================
 376:Drivers/STM32F7xx_HAL_Driver/Src/stm32f7xx_hal_gpio.c ****                        ##### IO operation functions #####
 377:Drivers/STM32F7xx_HAL_Driver/Src/stm32f7xx_hal_gpio.c ****  ===============================================================================
 378:Drivers/STM32F7xx_HAL_Driver/Src/stm32f7xx_hal_gpio.c **** 
 379:Drivers/STM32F7xx_HAL_Driver/Src/stm32f7xx_hal_gpio.c **** @endverbatim
 380:Drivers/STM32F7xx_HAL_Driver/Src/stm32f7xx_hal_gpio.c ****   * @{
 381:Drivers/STM32F7xx_HAL_Driver/Src/stm32f7xx_hal_gpio.c ****   */
 382:Drivers/STM32F7xx_HAL_Driver/Src/stm32f7xx_hal_gpio.c **** 
 383:Drivers/STM32F7xx_HAL_Driver/Src/stm32f7xx_hal_gpio.c **** /**
 384:Drivers/STM32F7xx_HAL_Driver/Src/stm32f7xx_hal_gpio.c ****   * @brief  Reads the specified input port pin.
 385:Drivers/STM32F7xx_HAL_Driver/Src/stm32f7xx_hal_gpio.c ****   * @param  GPIOx where x can be (A..K) to select the GPIO peripheral.
 386:Drivers/STM32F7xx_HAL_Driver/Src/stm32f7xx_hal_gpio.c ****   * @param  GPIO_Pin specifies the port bit to read.
 387:Drivers/STM32F7xx_HAL_Driver/Src/stm32f7xx_hal_gpio.c ****   *         This parameter can be GPIO_PIN_x where x can be (0..15).
 388:Drivers/STM32F7xx_HAL_Driver/Src/stm32f7xx_hal_gpio.c ****   * @retval The input port pin value.
 389:Drivers/STM32F7xx_HAL_Driver/Src/stm32f7xx_hal_gpio.c ****   */
 390:Drivers/STM32F7xx_HAL_Driver/Src/stm32f7xx_hal_gpio.c **** GPIO_PinState HAL_GPIO_ReadPin(GPIO_TypeDef* GPIOx, uint16_t GPIO_Pin)
 391:Drivers/STM32F7xx_HAL_Driver/Src/stm32f7xx_hal_gpio.c **** {
 619              		.loc 1 391 0
 620              		.cfi_startproc
 621              		@ args = 0, pretend = 0, frame = 0
 622              		@ frame_needed = 0, uses_anonymous_args = 0
 623              		@ link register save eliminated.
 624              	.LVL67:
 392:Drivers/STM32F7xx_HAL_Driver/Src/stm32f7xx_hal_gpio.c ****   GPIO_PinState bitstatus;
 393:Drivers/STM32F7xx_HAL_Driver/Src/stm32f7xx_hal_gpio.c **** 
 394:Drivers/STM32F7xx_HAL_Driver/Src/stm32f7xx_hal_gpio.c ****   /* Check the parameters */
 395:Drivers/STM32F7xx_HAL_Driver/Src/stm32f7xx_hal_gpio.c ****   assert_param(IS_GPIO_PIN(GPIO_Pin));
 396:Drivers/STM32F7xx_HAL_Driver/Src/stm32f7xx_hal_gpio.c **** 
 397:Drivers/STM32F7xx_HAL_Driver/Src/stm32f7xx_hal_gpio.c ****   if((GPIOx->IDR & GPIO_Pin) != (uint32_t)GPIO_PIN_RESET)
 625              		.loc 1 397 0
 626 0000 0369     		ldr	r3, [r0, #16]
 627 0002 1942     		tst	r1, r3
 628 0004 01D1     		bne	.L58
 398:Drivers/STM32F7xx_HAL_Driver/Src/stm32f7xx_hal_gpio.c ****   {
 399:Drivers/STM32F7xx_HAL_Driver/Src/stm32f7xx_hal_gpio.c ****     bitstatus = GPIO_PIN_SET;
 400:Drivers/STM32F7xx_HAL_Driver/Src/stm32f7xx_hal_gpio.c ****   }
 401:Drivers/STM32F7xx_HAL_Driver/Src/stm32f7xx_hal_gpio.c ****   else
 402:Drivers/STM32F7xx_HAL_Driver/Src/stm32f7xx_hal_gpio.c ****   {
 403:Drivers/STM32F7xx_HAL_Driver/Src/stm32f7xx_hal_gpio.c ****     bitstatus = GPIO_PIN_RESET;
 629              		.loc 1 403 0
 630 0006 0020     		movs	r0, #0
ARM GAS  /var/folders/_f/lv_lzyzs40z4gsrf231fdcyh0000gn/T//ccAnBAmv.s 			page 20


 631              	.LVL68:
 404:Drivers/STM32F7xx_HAL_Driver/Src/stm32f7xx_hal_gpio.c ****   }
 405:Drivers/STM32F7xx_HAL_Driver/Src/stm32f7xx_hal_gpio.c ****   return bitstatus;
 406:Drivers/STM32F7xx_HAL_Driver/Src/stm32f7xx_hal_gpio.c **** }
 632              		.loc 1 406 0
 633 0008 7047     		bx	lr
 634              	.LVL69:
 635              	.L58:
 399:Drivers/STM32F7xx_HAL_Driver/Src/stm32f7xx_hal_gpio.c ****   }
 636              		.loc 1 399 0
 637 000a 0120     		movs	r0, #1
 638              	.LVL70:
 639 000c 7047     		bx	lr
 640              		.cfi_endproc
 641              	.LFE140:
 643              		.section	.text.HAL_GPIO_WritePin,"ax",%progbits
 644              		.align	1
 645              		.global	HAL_GPIO_WritePin
 646              		.syntax unified
 647              		.thumb
 648              		.thumb_func
 649              		.fpu fpv5-d16
 651              	HAL_GPIO_WritePin:
 652              	.LFB141:
 407:Drivers/STM32F7xx_HAL_Driver/Src/stm32f7xx_hal_gpio.c **** 
 408:Drivers/STM32F7xx_HAL_Driver/Src/stm32f7xx_hal_gpio.c **** /**
 409:Drivers/STM32F7xx_HAL_Driver/Src/stm32f7xx_hal_gpio.c ****   * @brief  Sets or clears the selected data port bit.
 410:Drivers/STM32F7xx_HAL_Driver/Src/stm32f7xx_hal_gpio.c ****   *
 411:Drivers/STM32F7xx_HAL_Driver/Src/stm32f7xx_hal_gpio.c ****   * @note   This function uses GPIOx_BSRR register to allow atomic read/modify
 412:Drivers/STM32F7xx_HAL_Driver/Src/stm32f7xx_hal_gpio.c ****   *         accesses. In this way, there is no risk of an IRQ occurring between
 413:Drivers/STM32F7xx_HAL_Driver/Src/stm32f7xx_hal_gpio.c ****   *         the read and the modify access.
 414:Drivers/STM32F7xx_HAL_Driver/Src/stm32f7xx_hal_gpio.c ****   *
 415:Drivers/STM32F7xx_HAL_Driver/Src/stm32f7xx_hal_gpio.c ****   * @param  GPIOx where x can be (A..K) to select the GPIO peripheral.
 416:Drivers/STM32F7xx_HAL_Driver/Src/stm32f7xx_hal_gpio.c ****   * @param  GPIO_Pin specifies the port bit to be written.
 417:Drivers/STM32F7xx_HAL_Driver/Src/stm32f7xx_hal_gpio.c ****   *          This parameter can be one of GPIO_PIN_x where x can be (0..15).
 418:Drivers/STM32F7xx_HAL_Driver/Src/stm32f7xx_hal_gpio.c ****   * @param  PinState specifies the value to be written to the selected bit.
 419:Drivers/STM32F7xx_HAL_Driver/Src/stm32f7xx_hal_gpio.c ****   *          This parameter can be one of the GPIO_PinState enum values:
 420:Drivers/STM32F7xx_HAL_Driver/Src/stm32f7xx_hal_gpio.c ****   *            @arg GPIO_PIN_RESET: to clear the port pin
 421:Drivers/STM32F7xx_HAL_Driver/Src/stm32f7xx_hal_gpio.c ****   *            @arg GPIO_PIN_SET: to set the port pin
 422:Drivers/STM32F7xx_HAL_Driver/Src/stm32f7xx_hal_gpio.c ****   * @retval None
 423:Drivers/STM32F7xx_HAL_Driver/Src/stm32f7xx_hal_gpio.c ****   */
 424:Drivers/STM32F7xx_HAL_Driver/Src/stm32f7xx_hal_gpio.c **** void HAL_GPIO_WritePin(GPIO_TypeDef* GPIOx, uint16_t GPIO_Pin, GPIO_PinState PinState)
 425:Drivers/STM32F7xx_HAL_Driver/Src/stm32f7xx_hal_gpio.c **** {
 653              		.loc 1 425 0
 654              		.cfi_startproc
 655              		@ args = 0, pretend = 0, frame = 0
 656              		@ frame_needed = 0, uses_anonymous_args = 0
 657              		@ link register save eliminated.
 658              	.LVL71:
 426:Drivers/STM32F7xx_HAL_Driver/Src/stm32f7xx_hal_gpio.c ****   /* Check the parameters */
 427:Drivers/STM32F7xx_HAL_Driver/Src/stm32f7xx_hal_gpio.c ****   assert_param(IS_GPIO_PIN(GPIO_Pin));
 428:Drivers/STM32F7xx_HAL_Driver/Src/stm32f7xx_hal_gpio.c ****   assert_param(IS_GPIO_PIN_ACTION(PinState));
 429:Drivers/STM32F7xx_HAL_Driver/Src/stm32f7xx_hal_gpio.c **** 
 430:Drivers/STM32F7xx_HAL_Driver/Src/stm32f7xx_hal_gpio.c ****   if(PinState != GPIO_PIN_RESET)
 659              		.loc 1 430 0
 660 0000 12B9     		cbnz	r2, .L62
 431:Drivers/STM32F7xx_HAL_Driver/Src/stm32f7xx_hal_gpio.c ****   {
ARM GAS  /var/folders/_f/lv_lzyzs40z4gsrf231fdcyh0000gn/T//ccAnBAmv.s 			page 21


 432:Drivers/STM32F7xx_HAL_Driver/Src/stm32f7xx_hal_gpio.c ****     GPIOx->BSRR = GPIO_Pin;
 433:Drivers/STM32F7xx_HAL_Driver/Src/stm32f7xx_hal_gpio.c ****   }
 434:Drivers/STM32F7xx_HAL_Driver/Src/stm32f7xx_hal_gpio.c ****   else
 435:Drivers/STM32F7xx_HAL_Driver/Src/stm32f7xx_hal_gpio.c ****   {
 436:Drivers/STM32F7xx_HAL_Driver/Src/stm32f7xx_hal_gpio.c ****     GPIOx->BSRR = (uint32_t)GPIO_Pin << 16;
 661              		.loc 1 436 0
 662 0002 0904     		lsls	r1, r1, #16
 663              	.LVL72:
 664 0004 8161     		str	r1, [r0, #24]
 437:Drivers/STM32F7xx_HAL_Driver/Src/stm32f7xx_hal_gpio.c ****   }
 438:Drivers/STM32F7xx_HAL_Driver/Src/stm32f7xx_hal_gpio.c **** }
 665              		.loc 1 438 0
 666 0006 7047     		bx	lr
 667              	.LVL73:
 668              	.L62:
 432:Drivers/STM32F7xx_HAL_Driver/Src/stm32f7xx_hal_gpio.c ****   }
 669              		.loc 1 432 0
 670 0008 8161     		str	r1, [r0, #24]
 671 000a 7047     		bx	lr
 672              		.cfi_endproc
 673              	.LFE141:
 675              		.section	.text.HAL_GPIO_TogglePin,"ax",%progbits
 676              		.align	1
 677              		.global	HAL_GPIO_TogglePin
 678              		.syntax unified
 679              		.thumb
 680              		.thumb_func
 681              		.fpu fpv5-d16
 683              	HAL_GPIO_TogglePin:
 684              	.LFB142:
 439:Drivers/STM32F7xx_HAL_Driver/Src/stm32f7xx_hal_gpio.c **** 
 440:Drivers/STM32F7xx_HAL_Driver/Src/stm32f7xx_hal_gpio.c **** /**
 441:Drivers/STM32F7xx_HAL_Driver/Src/stm32f7xx_hal_gpio.c ****   * @brief  Toggles the specified GPIO pins.
 442:Drivers/STM32F7xx_HAL_Driver/Src/stm32f7xx_hal_gpio.c ****   * @param  GPIOx Where x can be (A..I) to select the GPIO peripheral.
 443:Drivers/STM32F7xx_HAL_Driver/Src/stm32f7xx_hal_gpio.c ****   * @param  GPIO_Pin Specifies the pins to be toggled.
 444:Drivers/STM32F7xx_HAL_Driver/Src/stm32f7xx_hal_gpio.c ****   * @retval None
 445:Drivers/STM32F7xx_HAL_Driver/Src/stm32f7xx_hal_gpio.c ****   */
 446:Drivers/STM32F7xx_HAL_Driver/Src/stm32f7xx_hal_gpio.c **** void HAL_GPIO_TogglePin(GPIO_TypeDef* GPIOx, uint16_t GPIO_Pin)
 447:Drivers/STM32F7xx_HAL_Driver/Src/stm32f7xx_hal_gpio.c **** {
 685              		.loc 1 447 0
 686              		.cfi_startproc
 687              		@ args = 0, pretend = 0, frame = 0
 688              		@ frame_needed = 0, uses_anonymous_args = 0
 689              		@ link register save eliminated.
 690              	.LVL74:
 448:Drivers/STM32F7xx_HAL_Driver/Src/stm32f7xx_hal_gpio.c ****   /* Check the parameters */
 449:Drivers/STM32F7xx_HAL_Driver/Src/stm32f7xx_hal_gpio.c ****   assert_param(IS_GPIO_PIN(GPIO_Pin));
 450:Drivers/STM32F7xx_HAL_Driver/Src/stm32f7xx_hal_gpio.c **** 
 451:Drivers/STM32F7xx_HAL_Driver/Src/stm32f7xx_hal_gpio.c ****   GPIOx->ODR ^= GPIO_Pin;
 691              		.loc 1 451 0
 692 0000 4369     		ldr	r3, [r0, #20]
 693 0002 5940     		eors	r1, r1, r3
 694              	.LVL75:
 695 0004 4161     		str	r1, [r0, #20]
 452:Drivers/STM32F7xx_HAL_Driver/Src/stm32f7xx_hal_gpio.c **** }
 696              		.loc 1 452 0
 697 0006 7047     		bx	lr
ARM GAS  /var/folders/_f/lv_lzyzs40z4gsrf231fdcyh0000gn/T//ccAnBAmv.s 			page 22


 698              		.cfi_endproc
 699              	.LFE142:
 701              		.section	.text.HAL_GPIO_LockPin,"ax",%progbits
 702              		.align	1
 703              		.global	HAL_GPIO_LockPin
 704              		.syntax unified
 705              		.thumb
 706              		.thumb_func
 707              		.fpu fpv5-d16
 709              	HAL_GPIO_LockPin:
 710              	.LFB143:
 453:Drivers/STM32F7xx_HAL_Driver/Src/stm32f7xx_hal_gpio.c **** 
 454:Drivers/STM32F7xx_HAL_Driver/Src/stm32f7xx_hal_gpio.c **** /**
 455:Drivers/STM32F7xx_HAL_Driver/Src/stm32f7xx_hal_gpio.c ****   * @brief  Locks GPIO Pins configuration registers.
 456:Drivers/STM32F7xx_HAL_Driver/Src/stm32f7xx_hal_gpio.c ****   * @note   The locked registers are GPIOx_MODER, GPIOx_OTYPER, GPIOx_OSPEEDR,
 457:Drivers/STM32F7xx_HAL_Driver/Src/stm32f7xx_hal_gpio.c ****   *         GPIOx_PUPDR, GPIOx_AFRL and GPIOx_AFRH.
 458:Drivers/STM32F7xx_HAL_Driver/Src/stm32f7xx_hal_gpio.c ****   * @note   The configuration of the locked GPIO pins can no longer be modified
 459:Drivers/STM32F7xx_HAL_Driver/Src/stm32f7xx_hal_gpio.c ****   *         until the next reset.
 460:Drivers/STM32F7xx_HAL_Driver/Src/stm32f7xx_hal_gpio.c ****   * @param  GPIOx where x can be (A..F) to select the GPIO peripheral for STM32F7 family
 461:Drivers/STM32F7xx_HAL_Driver/Src/stm32f7xx_hal_gpio.c ****   * @param  GPIO_Pin specifies the port bit to be locked.
 462:Drivers/STM32F7xx_HAL_Driver/Src/stm32f7xx_hal_gpio.c ****   *         This parameter can be any combination of GPIO_PIN_x where x can be (0..15).
 463:Drivers/STM32F7xx_HAL_Driver/Src/stm32f7xx_hal_gpio.c ****   * @retval None
 464:Drivers/STM32F7xx_HAL_Driver/Src/stm32f7xx_hal_gpio.c ****   */
 465:Drivers/STM32F7xx_HAL_Driver/Src/stm32f7xx_hal_gpio.c **** HAL_StatusTypeDef HAL_GPIO_LockPin(GPIO_TypeDef* GPIOx, uint16_t GPIO_Pin)
 466:Drivers/STM32F7xx_HAL_Driver/Src/stm32f7xx_hal_gpio.c **** {
 711              		.loc 1 466 0
 712              		.cfi_startproc
 713              		@ args = 0, pretend = 0, frame = 8
 714              		@ frame_needed = 0, uses_anonymous_args = 0
 715              		@ link register save eliminated.
 716              	.LVL76:
 717 0000 82B0     		sub	sp, sp, #8
 718              	.LCFI6:
 719              		.cfi_def_cfa_offset 8
 467:Drivers/STM32F7xx_HAL_Driver/Src/stm32f7xx_hal_gpio.c ****   __IO uint32_t tmp = GPIO_LCKR_LCKK;
 720              		.loc 1 467 0
 721 0002 4FF48033 		mov	r3, #65536
 722 0006 0193     		str	r3, [sp, #4]
 468:Drivers/STM32F7xx_HAL_Driver/Src/stm32f7xx_hal_gpio.c **** 
 469:Drivers/STM32F7xx_HAL_Driver/Src/stm32f7xx_hal_gpio.c ****   /* Check the parameters */
 470:Drivers/STM32F7xx_HAL_Driver/Src/stm32f7xx_hal_gpio.c ****   assert_param(IS_GPIO_PIN(GPIO_Pin));
 471:Drivers/STM32F7xx_HAL_Driver/Src/stm32f7xx_hal_gpio.c **** 
 472:Drivers/STM32F7xx_HAL_Driver/Src/stm32f7xx_hal_gpio.c ****   /* Apply lock key write sequence */
 473:Drivers/STM32F7xx_HAL_Driver/Src/stm32f7xx_hal_gpio.c ****   tmp |= GPIO_Pin;
 723              		.loc 1 473 0
 724 0008 019B     		ldr	r3, [sp, #4]
 725 000a 0B43     		orrs	r3, r3, r1
 726 000c 0193     		str	r3, [sp, #4]
 474:Drivers/STM32F7xx_HAL_Driver/Src/stm32f7xx_hal_gpio.c ****   /* Set LCKx bit(s): LCKK='1' + LCK[15-0] */
 475:Drivers/STM32F7xx_HAL_Driver/Src/stm32f7xx_hal_gpio.c ****   GPIOx->LCKR = tmp;
 727              		.loc 1 475 0
 728 000e 019B     		ldr	r3, [sp, #4]
 729 0010 C361     		str	r3, [r0, #28]
 476:Drivers/STM32F7xx_HAL_Driver/Src/stm32f7xx_hal_gpio.c ****   /* Reset LCKx bit(s): LCKK='0' + LCK[15-0] */
 477:Drivers/STM32F7xx_HAL_Driver/Src/stm32f7xx_hal_gpio.c ****   GPIOx->LCKR = GPIO_Pin;
 730              		.loc 1 477 0
 731 0012 C161     		str	r1, [r0, #28]
ARM GAS  /var/folders/_f/lv_lzyzs40z4gsrf231fdcyh0000gn/T//ccAnBAmv.s 			page 23


 478:Drivers/STM32F7xx_HAL_Driver/Src/stm32f7xx_hal_gpio.c ****   /* Set LCKx bit(s): LCKK='1' + LCK[15-0] */
 479:Drivers/STM32F7xx_HAL_Driver/Src/stm32f7xx_hal_gpio.c ****   GPIOx->LCKR = tmp;
 732              		.loc 1 479 0
 733 0014 019B     		ldr	r3, [sp, #4]
 734 0016 C361     		str	r3, [r0, #28]
 480:Drivers/STM32F7xx_HAL_Driver/Src/stm32f7xx_hal_gpio.c ****   /* Read LCKK bit*/
 481:Drivers/STM32F7xx_HAL_Driver/Src/stm32f7xx_hal_gpio.c ****   tmp = GPIOx->LCKR;
 735              		.loc 1 481 0
 736 0018 C369     		ldr	r3, [r0, #28]
 737 001a 0193     		str	r3, [sp, #4]
 482:Drivers/STM32F7xx_HAL_Driver/Src/stm32f7xx_hal_gpio.c **** 
 483:Drivers/STM32F7xx_HAL_Driver/Src/stm32f7xx_hal_gpio.c ****  if((GPIOx->LCKR & GPIO_LCKR_LCKK) != RESET)
 738              		.loc 1 483 0
 739 001c C369     		ldr	r3, [r0, #28]
 740 001e 13F4803F 		tst	r3, #65536
 741 0022 02D1     		bne	.L68
 484:Drivers/STM32F7xx_HAL_Driver/Src/stm32f7xx_hal_gpio.c ****   {
 485:Drivers/STM32F7xx_HAL_Driver/Src/stm32f7xx_hal_gpio.c ****     return HAL_OK;
 486:Drivers/STM32F7xx_HAL_Driver/Src/stm32f7xx_hal_gpio.c ****   }
 487:Drivers/STM32F7xx_HAL_Driver/Src/stm32f7xx_hal_gpio.c ****   else
 488:Drivers/STM32F7xx_HAL_Driver/Src/stm32f7xx_hal_gpio.c ****   {
 489:Drivers/STM32F7xx_HAL_Driver/Src/stm32f7xx_hal_gpio.c ****     return HAL_ERROR;
 742              		.loc 1 489 0
 743 0024 0120     		movs	r0, #1
 744              	.LVL77:
 745              	.L65:
 490:Drivers/STM32F7xx_HAL_Driver/Src/stm32f7xx_hal_gpio.c ****   }
 491:Drivers/STM32F7xx_HAL_Driver/Src/stm32f7xx_hal_gpio.c **** }
 746              		.loc 1 491 0
 747 0026 02B0     		add	sp, sp, #8
 748              	.LCFI7:
 749              		.cfi_remember_state
 750              		.cfi_def_cfa_offset 0
 751              		@ sp needed
 752 0028 7047     		bx	lr
 753              	.LVL78:
 754              	.L68:
 755              	.LCFI8:
 756              		.cfi_restore_state
 485:Drivers/STM32F7xx_HAL_Driver/Src/stm32f7xx_hal_gpio.c ****   }
 757              		.loc 1 485 0
 758 002a 0020     		movs	r0, #0
 759              	.LVL79:
 760 002c FBE7     		b	.L65
 761              		.cfi_endproc
 762              	.LFE143:
 764              		.section	.text.HAL_GPIO_EXTI_Callback,"ax",%progbits
 765              		.align	1
 766              		.weak	HAL_GPIO_EXTI_Callback
 767              		.syntax unified
 768              		.thumb
 769              		.thumb_func
 770              		.fpu fpv5-d16
 772              	HAL_GPIO_EXTI_Callback:
 773              	.LFB145:
 492:Drivers/STM32F7xx_HAL_Driver/Src/stm32f7xx_hal_gpio.c **** 
 493:Drivers/STM32F7xx_HAL_Driver/Src/stm32f7xx_hal_gpio.c **** /**
ARM GAS  /var/folders/_f/lv_lzyzs40z4gsrf231fdcyh0000gn/T//ccAnBAmv.s 			page 24


 494:Drivers/STM32F7xx_HAL_Driver/Src/stm32f7xx_hal_gpio.c ****   * @brief  This function handles EXTI interrupt request.
 495:Drivers/STM32F7xx_HAL_Driver/Src/stm32f7xx_hal_gpio.c ****   * @param  GPIO_Pin Specifies the pins connected EXTI line
 496:Drivers/STM32F7xx_HAL_Driver/Src/stm32f7xx_hal_gpio.c ****   * @retval None
 497:Drivers/STM32F7xx_HAL_Driver/Src/stm32f7xx_hal_gpio.c ****   */
 498:Drivers/STM32F7xx_HAL_Driver/Src/stm32f7xx_hal_gpio.c **** void HAL_GPIO_EXTI_IRQHandler(uint16_t GPIO_Pin)
 499:Drivers/STM32F7xx_HAL_Driver/Src/stm32f7xx_hal_gpio.c **** {
 500:Drivers/STM32F7xx_HAL_Driver/Src/stm32f7xx_hal_gpio.c ****   /* EXTI line interrupt detected */
 501:Drivers/STM32F7xx_HAL_Driver/Src/stm32f7xx_hal_gpio.c ****   if(__HAL_GPIO_EXTI_GET_IT(GPIO_Pin) != RESET)
 502:Drivers/STM32F7xx_HAL_Driver/Src/stm32f7xx_hal_gpio.c ****   {
 503:Drivers/STM32F7xx_HAL_Driver/Src/stm32f7xx_hal_gpio.c ****     __HAL_GPIO_EXTI_CLEAR_IT(GPIO_Pin);
 504:Drivers/STM32F7xx_HAL_Driver/Src/stm32f7xx_hal_gpio.c ****     HAL_GPIO_EXTI_Callback(GPIO_Pin);
 505:Drivers/STM32F7xx_HAL_Driver/Src/stm32f7xx_hal_gpio.c ****   }
 506:Drivers/STM32F7xx_HAL_Driver/Src/stm32f7xx_hal_gpio.c **** }
 507:Drivers/STM32F7xx_HAL_Driver/Src/stm32f7xx_hal_gpio.c **** 
 508:Drivers/STM32F7xx_HAL_Driver/Src/stm32f7xx_hal_gpio.c **** /**
 509:Drivers/STM32F7xx_HAL_Driver/Src/stm32f7xx_hal_gpio.c ****   * @brief  EXTI line detection callbacks.
 510:Drivers/STM32F7xx_HAL_Driver/Src/stm32f7xx_hal_gpio.c ****   * @param  GPIO_Pin Specifies the pins connected EXTI line
 511:Drivers/STM32F7xx_HAL_Driver/Src/stm32f7xx_hal_gpio.c ****   * @retval None
 512:Drivers/STM32F7xx_HAL_Driver/Src/stm32f7xx_hal_gpio.c ****   */
 513:Drivers/STM32F7xx_HAL_Driver/Src/stm32f7xx_hal_gpio.c **** __weak void HAL_GPIO_EXTI_Callback(uint16_t GPIO_Pin)
 514:Drivers/STM32F7xx_HAL_Driver/Src/stm32f7xx_hal_gpio.c **** {
 774              		.loc 1 514 0
 775              		.cfi_startproc
 776              		@ args = 0, pretend = 0, frame = 0
 777              		@ frame_needed = 0, uses_anonymous_args = 0
 778              		@ link register save eliminated.
 779              	.LVL80:
 515:Drivers/STM32F7xx_HAL_Driver/Src/stm32f7xx_hal_gpio.c ****   /* Prevent unused argument(s) compilation warning */
 516:Drivers/STM32F7xx_HAL_Driver/Src/stm32f7xx_hal_gpio.c ****   UNUSED(GPIO_Pin);
 517:Drivers/STM32F7xx_HAL_Driver/Src/stm32f7xx_hal_gpio.c ****   
 518:Drivers/STM32F7xx_HAL_Driver/Src/stm32f7xx_hal_gpio.c ****   /* NOTE: This function Should not be modified, when the callback is needed,
 519:Drivers/STM32F7xx_HAL_Driver/Src/stm32f7xx_hal_gpio.c ****            the HAL_GPIO_EXTI_Callback could be implemented in the user file
 520:Drivers/STM32F7xx_HAL_Driver/Src/stm32f7xx_hal_gpio.c ****    */
 521:Drivers/STM32F7xx_HAL_Driver/Src/stm32f7xx_hal_gpio.c **** }
 780              		.loc 1 521 0
 781 0000 7047     		bx	lr
 782              		.cfi_endproc
 783              	.LFE145:
 785              		.section	.text.HAL_GPIO_EXTI_IRQHandler,"ax",%progbits
 786              		.align	1
 787              		.global	HAL_GPIO_EXTI_IRQHandler
 788              		.syntax unified
 789              		.thumb
 790              		.thumb_func
 791              		.fpu fpv5-d16
 793              	HAL_GPIO_EXTI_IRQHandler:
 794              	.LFB144:
 499:Drivers/STM32F7xx_HAL_Driver/Src/stm32f7xx_hal_gpio.c ****   /* EXTI line interrupt detected */
 795              		.loc 1 499 0
 796              		.cfi_startproc
 797              		@ args = 0, pretend = 0, frame = 0
 798              		@ frame_needed = 0, uses_anonymous_args = 0
 799              	.LVL81:
 800 0000 08B5     		push	{r3, lr}
 801              	.LCFI9:
 802              		.cfi_def_cfa_offset 8
 803              		.cfi_offset 3, -8
ARM GAS  /var/folders/_f/lv_lzyzs40z4gsrf231fdcyh0000gn/T//ccAnBAmv.s 			page 25


 804              		.cfi_offset 14, -4
 501:Drivers/STM32F7xx_HAL_Driver/Src/stm32f7xx_hal_gpio.c ****   {
 805              		.loc 1 501 0
 806 0002 054B     		ldr	r3, .L74
 807 0004 5B69     		ldr	r3, [r3, #20]
 808 0006 0342     		tst	r3, r0
 809 0008 00D1     		bne	.L73
 810              	.LVL82:
 811              	.L70:
 506:Drivers/STM32F7xx_HAL_Driver/Src/stm32f7xx_hal_gpio.c **** 
 812              		.loc 1 506 0
 813 000a 08BD     		pop	{r3, pc}
 814              	.LVL83:
 815              	.L73:
 503:Drivers/STM32F7xx_HAL_Driver/Src/stm32f7xx_hal_gpio.c ****     HAL_GPIO_EXTI_Callback(GPIO_Pin);
 816              		.loc 1 503 0
 817 000c 024B     		ldr	r3, .L74
 818 000e 5861     		str	r0, [r3, #20]
 504:Drivers/STM32F7xx_HAL_Driver/Src/stm32f7xx_hal_gpio.c ****   }
 819              		.loc 1 504 0
 820 0010 FFF7FEFF 		bl	HAL_GPIO_EXTI_Callback
 821              	.LVL84:
 506:Drivers/STM32F7xx_HAL_Driver/Src/stm32f7xx_hal_gpio.c **** 
 822              		.loc 1 506 0
 823 0014 F9E7     		b	.L70
 824              	.L75:
 825 0016 00BF     		.align	2
 826              	.L74:
 827 0018 003C0140 		.word	1073822720
 828              		.cfi_endproc
 829              	.LFE144:
 831              		.text
 832              	.Letext0:
 833              		.file 2 "/Users/Richard/bin/arm/gcc-arm-none-eabi-7-2017-q4-major/arm-none-eabi/include/machine/_d
 834              		.file 3 "/Users/Richard/bin/arm/gcc-arm-none-eabi-7-2017-q4-major/arm-none-eabi/include/sys/_stdin
 835              		.file 4 "Drivers/CMSIS/Include/core_cm7.h"
 836              		.file 5 "Drivers/CMSIS/Device/ST/STM32F7xx/Include/system_stm32f7xx.h"
 837              		.file 6 "Drivers/CMSIS/Device/ST/STM32F7xx/Include/stm32f767xx.h"
 838              		.file 7 "/Users/Richard/bin/arm/gcc-arm-none-eabi-7-2017-q4-major/arm-none-eabi/include/sys/lock.h
 839              		.file 8 "/Users/Richard/bin/arm/gcc-arm-none-eabi-7-2017-q4-major/arm-none-eabi/include/sys/_types
 840              		.file 9 "/Users/Richard/bin/arm/gcc-arm-none-eabi-7-2017-q4-major/lib/gcc/arm-none-eabi/7.2.1/incl
 841              		.file 10 "/Users/Richard/bin/arm/gcc-arm-none-eabi-7-2017-q4-major/arm-none-eabi/include/sys/reent
 842              		.file 11 "Drivers/CMSIS/Device/ST/STM32F7xx/Include/stm32f7xx.h"
 843              		.file 12 "Drivers/STM32F7xx_HAL_Driver/Inc/stm32f7xx_hal_def.h"
 844              		.file 13 "Drivers/STM32F7xx_HAL_Driver/Inc/stm32f7xx_hal_gpio.h"
ARM GAS  /var/folders/_f/lv_lzyzs40z4gsrf231fdcyh0000gn/T//ccAnBAmv.s 			page 26


DEFINED SYMBOLS
                            *ABS*:0000000000000000 stm32f7xx_hal_gpio.c
/var/folders/_f/lv_lzyzs40z4gsrf231fdcyh0000gn/T//ccAnBAmv.s:17     .text.HAL_GPIO_Init:0000000000000000 $t
/var/folders/_f/lv_lzyzs40z4gsrf231fdcyh0000gn/T//ccAnBAmv.s:24     .text.HAL_GPIO_Init:0000000000000000 HAL_GPIO_Init
/var/folders/_f/lv_lzyzs40z4gsrf231fdcyh0000gn/T//ccAnBAmv.s:378    .text.HAL_GPIO_Init:00000000000001d0 $d
/var/folders/_f/lv_lzyzs40z4gsrf231fdcyh0000gn/T//ccAnBAmv.s:386    .text.HAL_GPIO_DeInit:0000000000000000 $t
/var/folders/_f/lv_lzyzs40z4gsrf231fdcyh0000gn/T//ccAnBAmv.s:393    .text.HAL_GPIO_DeInit:0000000000000000 HAL_GPIO_DeInit
/var/folders/_f/lv_lzyzs40z4gsrf231fdcyh0000gn/T//ccAnBAmv.s:603    .text.HAL_GPIO_DeInit:0000000000000130 $d
/var/folders/_f/lv_lzyzs40z4gsrf231fdcyh0000gn/T//ccAnBAmv.s:610    .text.HAL_GPIO_ReadPin:0000000000000000 $t
/var/folders/_f/lv_lzyzs40z4gsrf231fdcyh0000gn/T//ccAnBAmv.s:617    .text.HAL_GPIO_ReadPin:0000000000000000 HAL_GPIO_ReadPin
/var/folders/_f/lv_lzyzs40z4gsrf231fdcyh0000gn/T//ccAnBAmv.s:644    .text.HAL_GPIO_WritePin:0000000000000000 $t
/var/folders/_f/lv_lzyzs40z4gsrf231fdcyh0000gn/T//ccAnBAmv.s:651    .text.HAL_GPIO_WritePin:0000000000000000 HAL_GPIO_WritePin
/var/folders/_f/lv_lzyzs40z4gsrf231fdcyh0000gn/T//ccAnBAmv.s:676    .text.HAL_GPIO_TogglePin:0000000000000000 $t
/var/folders/_f/lv_lzyzs40z4gsrf231fdcyh0000gn/T//ccAnBAmv.s:683    .text.HAL_GPIO_TogglePin:0000000000000000 HAL_GPIO_TogglePin
/var/folders/_f/lv_lzyzs40z4gsrf231fdcyh0000gn/T//ccAnBAmv.s:702    .text.HAL_GPIO_LockPin:0000000000000000 $t
/var/folders/_f/lv_lzyzs40z4gsrf231fdcyh0000gn/T//ccAnBAmv.s:709    .text.HAL_GPIO_LockPin:0000000000000000 HAL_GPIO_LockPin
/var/folders/_f/lv_lzyzs40z4gsrf231fdcyh0000gn/T//ccAnBAmv.s:765    .text.HAL_GPIO_EXTI_Callback:0000000000000000 $t
/var/folders/_f/lv_lzyzs40z4gsrf231fdcyh0000gn/T//ccAnBAmv.s:772    .text.HAL_GPIO_EXTI_Callback:0000000000000000 HAL_GPIO_EXTI_Callback
/var/folders/_f/lv_lzyzs40z4gsrf231fdcyh0000gn/T//ccAnBAmv.s:786    .text.HAL_GPIO_EXTI_IRQHandler:0000000000000000 $t
/var/folders/_f/lv_lzyzs40z4gsrf231fdcyh0000gn/T//ccAnBAmv.s:793    .text.HAL_GPIO_EXTI_IRQHandler:0000000000000000 HAL_GPIO_EXTI_IRQHandler
/var/folders/_f/lv_lzyzs40z4gsrf231fdcyh0000gn/T//ccAnBAmv.s:827    .text.HAL_GPIO_EXTI_IRQHandler:0000000000000018 $d

NO UNDEFINED SYMBOLS
