 (1680238153.608689)  can1  08100302   [6]  00 00 00 00 9A 00
 (1680238153.623689)  can1  089A0C02   [8]  00 00 00 00 00 00 00 00
 (1680238153.625655)  can1  08580C02   [8]  A7 A4 A7 A4 00 00 00 00
 (1680238153.627656)  can1  08030C02   [8]  58 86 D6 97 D6 97 00 00
 (1680238153.658696)  can1  08100302   [6]  00 00 00 00 9A 00
 (1680238153.658948)  can1  089A0C02   [8]  00 00 00 00 00 00 00 00
 (1680238153.660655)  can1  08580C02   [8]  A7 A4 A7 A4 00 00 00 00
 (1680238153.662655)  can1  08030C02   [8]  58 86 D6 97 D6 97 00 00
 (1680238153.693687)  can1  089A0C02   [8]  00 00 00 00 00 00 00 00
 (1680238153.695658)  can1  08580C02   [8]  A7 A4 A7 A4 00 00 00 00
 (1680238153.697647)  can1  08030C02   [8]  58 86 D6 97 D6 97 00 00
 (1680238153.708681)  can1  08100302   [6]  00 00 00 00 9A 00
 (1680238153.728797)  can1  089A0C02   [8]  00 00 00 00 00 00 00 00
 (1680238153.730659)  can1  08580C02   [8]  A7 A4 A7 A4 00 00 00 00
 (1680238153.732654)  can1  08030C02   [8]  58 86 D6 97 D6 97 00 00
 (1680238153.758680)  can1  08100302   [6]  00 00 00 00 9A 00
 (1680238153.763690)  can1  089A0C02   [8]  00 00 00 00 00 00 00 00
 (1680238153.765648)  can1  08580C02   [8]  A7 A4 A7 A4 00 00 00 00
 (1680238153.767651)  can1  08030C02   [8]  58 86 D6 97 D6 97 00 00
 (1680238153.798716)  can1  089A0C02   [8]  00 00 00 00 00 00 00 00
 (1680238153.800656)  can1  08580C02   [8]  A7 A4 A7 A4 00 00 00 00
 (1680238153.802656)  can1  08030C02   [8]  58 86 D6 97 D6 97 00 00
 (1680238153.808781)  can1  08100302   [6]  00 00 00 00 9A 00
 (1680238153.833686)  can1  089A0C02   [8]  00 00 00 00 00 00 00 00
 (1680238153.835659)  can1  08580C02   [8]  A7 A4 A7 A4 00 00 00 00
 (1680238153.837649)  can1  08030C02   [8]  58 86 D6 97 D6 97 00 00
 (1680238153.858679)  can1  08100302   [6]  00 00 00 00 9A 00
 (1680238153.868794)  can1  089A0C02   [8]  00 00 00 00 00 00 00 00
 (1680238153.870657)  can1  08580C02   [8]  A7 A4 A7 A4 00 00 00 00
 (1680238153.872654)  can1  08030C02   [8]  58 86 D6 97 D6 97 00 00
 (1680238153.903688)  can1  089A0C02   [8]  00 00 00 00 00 00 00 00
 (1680238153.905646)  can1  08580C02   [8]  A7 A4 A7 A4 00 00 00 00
 (1680238153.907657)  can1  08030C02   [8]  58 86 D6 97 D6 97 00 00
 (1680238153.908671)  can1  08100302   [6]  00 00 00 00 9A 00
 (1680238153.938716)  can1  089A0C02   [8]  00 00 00 00 00 00 00 00
 (1680238153.940670)  can1  08580C02   [8]  A7 A4 A7 A4 00 00 00 00
 (1680238153.942656)  can1  08030C02   [8]  58 86 D6 97 D6 97 00 00
 (1680238153.958675)  can1  08100302   [6]  00 00 00 00 9A 00
 (1680238153.973688)  can1  089A0C02   [8]  00 00 00 00 00 00 00 00
 (1680238153.975660)  can1  08580C02   [8]  A7 A4 A7 A4 00 00 00 00
 (1680238153.977650)  can1  08030C02   [8]  58 86 D6 97 D6 97 00 00
 (1680238153.998470)  can1  0404FF03   [1]  00
 (1680238153.999599)  can1  08250C03   [8]  00 00 00 00 00 00 00 00
 (1680238153.999868)  can1  08840C03   [8]  2A 00 06 00 1F 00 34 00
 (1680238154.000163)  can1  088D0C03   [8]  00 00 00 00 00 00 00 00
 (1680238154.008684)  can1  08100302   [6]  00 00 00 00 9A 00
 (1680238154.009119)  can1  089A0C02   [8]  00 00 00 00 00 00 00 00
 (1680238154.010654)  can1  08580C02   [8]  A7 A4 A7 A4 00 00 00 00
 (1680238154.012653)  can1  08030C02   [8]  58 86 D6 97 D6 97 00 00
 (1680238154.043689)  can1  089A0C02   [8]  00 00 00 00 00 00 00 00
 (1680238154.045652)  can1  08580C02   [8]  A7 A4 A7 A4 00 00 00 00
 (1680238154.047653)  can1  08030C02   [8]  58 86 D6 97 D6 97 00 00
 (1680238154.058584)  can1  0404FF02   [1]  00
 (1680238154.058808)  can1  08100302   [6]  00 00 00 00 9A 00
 (1680238154.076197)  can1  0404FF07   [1]  00
 (1680238154.078727)  can1  089A0C02   [8]  00 00 00 00 00 00 00 00
 (1680238154.080654)  can1  08580C02   [8]  A7 A4 A7 A4 00 00 00 00
 (1680238154.082655)  can1  08030C02   [8]  58 86 D6 97 D6 97 00 00
 (1680238154.098525)  can1  18101203   [4]  81 2D 7D 01
 (1680238154.108685)  can1  08100302   [6]  00 00 00 00 9A 00
 (1680238154.113684)  can1  089A0C02   [8]  00 00 00 00 00 00 00 00
 (1680238154.115657)  can1  08580C02   [8]  A7 A4 A7 A4 00 00 00 00
 (1680238154.117648)  can1  08030C02   [8]  58 86 D6 97 D6 97 00 00
 (1680238154.148800)  can1  089A0C02   [8]  00 00 00 00 00 00 00 00
 (1680238154.150675)  can1  08580C02   [8]  A7 A4 A7 A4 00 00 00 00
 (1680238154.152644)  can1  08030C02   [8]  58 86 D6 97 D6 97 00 00
 (1680238154.158682)  can1  08100302   [6]  00 00 00 00 9A 00
 (1680238154.183688)  can1  089A0C02   [8]  00 00 00 00 00 00 00 00
 (1680238154.185653)  can1  08580C02   [8]  A7 A4 A7 A4 00 00 00 00
 (1680238154.187653)  can1  08030C02   [8]  58 86 D6 97 D6 97 00 00
 (1680238154.208684)  can1  08100302   [6]  00 00 00 00 9A 00
 (1680238154.218713)  can1  089A0C02   [8]  00 00 00 00 00 00 00 00
 (1680238154.220654)  can1  08580C02   [8]  A7 A4 A7 A4 00 00 00 00
 (1680238154.222656)  can1  08030C02   [8]  58 86 D6 97 D6 97 00 00
 (1680238154.253679)  can1  089A0C02   [8]  00 00 00 00 00 00 00 00
 (1680238154.255665)  can1  08580C02   [8]  A7 A4 A7 A4 00 00 00 00
 (1680238154.257652)  can1  08030C02   [8]  58 86 D6 97 D6 97 00 00
 (1680238154.258671)  can1  08100302   [6]  00 00 00 00 9A 00
 (1680238154.288807)  can1  089A0C02   [8]  00 00 00 00 00 00 00 00
 (1680238154.290659)  can1  08580C02   [8]  A7 A4 A7 A4 00 00 00 00
 (1680238154.292657)  can1  08030C02   [8]  58 86 D6 97 D6 97 00 00
 (1680238154.308773)  can1  08100302   [6]  00 00 00 00 9A 00
 (1680238154.323691)  can1  089A0C02   [8]  00 00 00 00 00 00 00 00
 (1680238154.325655)  can1  08580C02   [8]  A7 A4 A7 A4 00 00 00 00
 (1680238154.327655)  can1  08030C02   [8]  58 86 D6 97 D6 97 00 00
 (1680238154.358683)  can1  08100302   [6]  00 00 00 00 9A 00
 (1680238154.358952)  can1  089A0C02   [8]  00 00 00 00 00 00 00 00
 (1680238154.360654)  can1  08580C02   [8]  A7 A4 A7 A4 00 00 00 00
 (1680238154.362656)  can1  08030C02   [8]  58 86 D6 97 D6 97 00 00
 (1680238154.393683)  can1  089A0C02   [8]  00 00 00 00 00 00 00 00
 (1680238154.395659)  can1  08580C02   [8]  A7 A4 A7 A4 00 00 00 00
 (1680238154.397650)  can1  08030C02   [8]  58 86 D6 97 D6 97 00 00
 (1680238154.408682)  can1  08100302   [6]  00 00 00 00 9A 00
 (1680238154.428798)  can1  089A0C02   [8]  00 00 00 00 00 00 00 00
 (1680238154.430662)  can1  08580C02   [8]  A7 A4 A7 A4 00 00 00 00
 (1680238154.432654)  can1  08030C02   [8]  58 86 D6 97 D6 97 00 00
 (1680238154.458683)  can1  08100302   [6]  00 00 00 00 9A 00
 (1680238154.463688)  can1  089A0C02   [8]  00 00 00 00 00 00 00 00
 (1680238154.465648)  can1  08580C02   [8]  A7 A4 A7 A4 00 00 00 00
 (1680238154.467653)  can1  08030C02   [8]  58 86 D6 97 D6 97 00 00
 (1680238154.498715)  can1  089A0C02   [8]  00 00 00 00 00 00 00 00
 (1680238154.500685)  can1  08580C02   [8]  A7 A4 A7 A4 00 00 00 00
 (1680238154.502674)  can1  08030C02   [8]  58 86 D6 97 D6 97 00 00
 (1680238154.508681)  can1  08100302   [6]  00 00 00 00 9A 00
 (1680238154.533685)  can1  089A0C02   [8]  00 00 00 00 00 00 00 00
 (1680238154.535656)  can1  08580C02   [8]  A7 A4 A7 A4 00 00 00 00
 (1680238154.537651)  can1  08030C02   [8]  58 86 D6 97 D6 97 00 00
 (1680238154.558708)  can1  08100302   [6]  00 00 00 00 9A 00
 (1680238154.568798)  can1  089A0C02   [8]  00 00 00 00 00 00 00 00
 (1680238154.570659)  can1  08580C02   [8]  A7 A4 A7 A4 00 00 00 00
 (1680238154.572657)  can1  08030C02   [8]  58 86 D6 97 D6 97 00 00
 (1680238154.598529)  can1  18101203   [4]  9A 2D 86 01
 (1680238154.603691)  can1  089A0C02   [8]  00 00 00 00 00 00 00 00
 (1680238154.605651)  can1  08580C02   [8]  A7 A4 A7 A4 00 00 00 00
 (1680238154.607655)  can1  08030C02   [8]  58 86 D6 97 D6 97 00 00
 (1680238154.608669)  can1  08100302   [6]  00 00 00 00 9A 00
 (1680238154.638741)  can1  089A0C02   [8]  00 00 00 00 00 00 00 00
 (1680238154.640661)  can1  08580C02   [8]  A7 A4 A7 A4 00 00 00 00
 (1680238154.642658)  can1  08030C02   [8]  58 86 D6 97 D6 97 00 00
 (1680238154.658679)  can1  08100302   [6]  00 00 00 00 9A 00
 (1680238154.673687)  can1  089A0C02   [8]  00 00 00 00 00 00 00 00
 (1680238154.675658)  can1  08580C02   [8]  A7 A4 A7 A4 00 00 00 00
 (1680238154.677651)  can1  08030C02   [8]  58 86 D6 97 D6 97 00 00
 (1680238154.708685)  can1  08100302   [6]  00 00 00 00 9A 00
 (1680238154.709253)  can1  089A0C02   [8]  00 00 00 00 00 00 00 00
 (1680238154.710658)  can1  08580C02   [8]  A7 A4 A7 A4 00 00 00 00
 (1680238154.712656)  can1  08030C02   [8]  58 86 D6 97 D6 97 00 00
 (1680238154.743691)  can1  089A0C02   [8]  00 00 00 00 00 00 00 00
 (1680238154.745650)  can1  08580C02   [8]  A7 A4 A7 A4 00 00 00 00
 (1680238154.747659)  can1  08030C02   [8]  58 86 D6 97 D6 97 00 00
 (1680238154.758674)  can1  08100302   [6]  00 00 00 00 9A 00
 (1680238154.778718)  can1  089A0C02   [8]  00 00 00 00 00 00 00 00
 (1680238154.780656)  can1  08580C02   [8]  A7 A4 A7 A4 00 00 00 00
 (1680238154.782656)  can1  08030C02   [8]  58 86 D6 97 D6 97 00 00
 (1680238154.808685)  can1  08100302   [6]  00 00 00 00 9A 00
 (1680238154.813683)  can1  089A0C02   [8]  00 00 00 00 00 00 00 00
 (1680238154.815668)  can1  08580C02   [8]  A7 A4 A7 A4 00 00 00 00
 (1680238154.817651)  can1  08030C02   [8]  58 86 D6 97 D6 97 00 00
 (1680238154.848796)  can1  089A0C02   [8]  00 00 00 00 00 00 00 00
 (1680238154.850658)  can1  08580C02   [8]  A7 A4 A7 A4 00 00 00 00
 (1680238154.852672)  can1  08030C02   [8]  58 86 D6 97 D6 97 00 00
 (1680238154.858701)  can1  08100302   [6]  00 00 00 00 9A 00
 (1680238154.883693)  can1  089A0C02   [8]  00 00 00 00 00 00 00 00
 (1680238154.885684)  can1  08580C02   [8]  A7 A4 A7 A4 00 00 00 00
 (1680238154.887656)  can1  08030C02   [8]  58 86 D6 97 D6 97 00 00
 (1680238154.908685)  can1  08100302   [6]  00 00 00 00 9A 00
 (1680238154.918717)  can1  089A0C02   [8]  00 00 00 00 00 00 00 00
 (1680238154.920657)  can1  08580C02   [8]  A7 A4 A7 A4 00 00 00 00
 (1680238154.922656)  can1  08030C02   [8]  58 86 D6 97 D6 97 00 00
 (1680238154.953684)  can1  089A0C02   [8]  00 00 00 00 00 00 00 00
 (1680238154.955657)  can1  08580C02   [8]  A7 A4 A7 A4 00 00 00 00
 (1680238154.957650)  can1  08030C02   [8]  58 86 D6 97 D6 97 00 00
 (1680238154.958672)  can1  08100302   [6]  00 00 00 00 9A 00
